fitresult : 0 +/- 0 (0, 0, 0) 1 plainx 0 none 3 
hfag_ycp : 0.00866 +/- 0.00155 (0.00155, 0, 0) 1 ycp 2 none 3 
hfag_agamma : -0.00022 +/- 0.00161 (0.00161, 0, 0) 1 agamma 3 none 3 
lhcb_agamma_kk : -0.00035 +/- 0.000631506 (0.00062, 0.00012, 0) 1 agamma 3 none 3 
lhcb_agamma_pipi : 0.00033 +/- 0.00106921 (0.00106, 0.00014, 0) 1 agamma 3 none 3 
lhcb_rd : 0.003568 +/- 6.67308e-05 (5.8e-05, 3.3e-05, 0) 1 rsubd 16 none 3 
lhcb_yprime_p : 0.00446 +/- 0.00105688 (0.00089, 0.00057, 0) 1 yprimep 8 kpi 0 
lhcb_xp2_p : 7.7e-05 +/- 5.43783e-05 (4.6e-05, 2.9e-05, 0) 1 xprimep 5 kpi 0 
lhcb_yprime_m : 0.00517 +/- 0.00106231 (0.00089, 0.00058, 0) 1 yprimem 9 kpi 0 
lhcb_xp2_m : 3.2e-05 +/- 5.57584e-05 (4.7e-05, 3e-05, 0) 1 xprimem 6 kpi 0 
belle_kspipi_x : 0.00811 +/- 0.00334 (0.00334, 0, 0) 1 plainx 0 none 3 
belle_kspipi_y : 0.00309 +/- 0.00281 (0.00281, 0, 0) 1 plainy 1 none 3 
belle_qoverp : 0.95 +/- 0.241661 (0.22, 0.1, 0) 1 qoverp 18 none 3 
belle_phi : -0.035 +/- 0.210238 (0.19, 0.09, 0) 1 phi 19 none 3 
cleo_rd : 0.00533 +/- 0.00116078 (0.00107, 0.00045, 0) 1 rsubd 16 none 3 
cleo_x2 : 0.0006 +/- 0.00254951 (0.0023, 0.0011, 0) 1 xsquare 20 kpi 0 
cleo_y : 0.042 +/- 0.0223607 (0.02, 0.01, 0) 1 plainy 1 kpi 0 
cleo_cosd : 0.81 +/- 0.208806 (0.2, 0.06, 0) 1 cosangle 10 kpi 0 
cleo_sind : -0.01 +/- 0.411947 (0.41, 0.04, 0) 1 sinangle 11 kpi 0 
cdf_rd : 0.00304 +/- 0.00055 (0.00055, 0, 0) 1 rsubd 16 none 3 
cdf_xp2 : -0.00012 +/- 0.00035 (0.00035, 0, 0) 1 xprime 4 kpi 0 
cdf_yprime : 0.0085 +/- 0.0076 (0.0076, 0, 0) 1 yprime 7 kpi 0 
belle_rd : 0.00364 +/- 0.00018 (0.00018, 0, 0) 1 rsubd 16 none 3 
belle_xp2_m : 6e-05 +/- 0.00034 (0.00034, 0, 0) 1 xprimem 6 kpi 0 
belle_yprime_m : 0.002 +/- 0.0054 (0.0054, 0, 0) 1 yprimem 9 kpi 0 
belle_xp2_p : 0.00032 +/- 0.00037 (0.00037, 0, 0) 1 xprimep 5 kpi 0 
belle_yprime_p : -0.0012 +/- 0.0058 (0.0058, 0, 0) 1 yprimep 8 kpi 0 
babar_rd : 0.00303 +/- 0.000189 (0.000189, 0, 0) 1 rsubd 16 none 3 
babar_xp2_m : -0.0002 +/- 0.0005 (0.0005, 0, 0) 1 xprimem 6 kpi 0 
babar_yprime_m : 0.0096 +/- 0.0075 (0.0075, 0, 0) 1 yprimem 9 kpi 0 
babar_xp2_p : -0.00024 +/- 0.00052 (0.00052, 0, 0) 1 xprimep 5 kpi 0 
babar_yprime_p : 0.0098 +/- 0.0078 (0.0078, 0, 0) 1 yprimep 8 kpi 0 
babar_kspipi_x : 0.0016 +/- 0.00271477 (0.0023, 0.0012, 0.0008) 1 plainx 0 none 3 
babar_kspipi_y : 0.0057 +/- 0.00248596 (0.002, 0.0013, 0.0007) 1 plainy 1 none 3 
Activating result: hfag_ycp
Activating result: hfag_agamma
Activating result: lhcb_agamma_kk
Activating result: lhcb_agamma_pipi
Activating result: lhcb_rd
Activating result: lhcb_yprime_p
Activating result: lhcb_xp2_p
Activating result: lhcb_yprime_m
Activating result: lhcb_xp2_m
Activating result: belle_kspipi_x
Activating result: belle_kspipi_y
Activating result: belle_qoverp
Activating result: belle_phi
Activating result: cleo_cosd
Activating result: cleo_sind
Activating result: cleo_rd
Activating result: cleo_x2
Activating result: cleo_y
Activating result: cdf_rd
Activating result: cdf_xp2
Activating result: cdf_yprime
Activating result: babar_kspipi_x
Activating result: babar_kspipi_y
Following results will be used in fit: 
  hfag_ycp
  hfag_agamma
  lhcb_agamma_kk
  lhcb_agamma_pipi
  lhcb_rd
  lhcb_yprime_p
  lhcb_xp2_p
  lhcb_yprime_m
  lhcb_xp2_m
  belle_kspipi_x
  belle_kspipi_y
  belle_qoverp
  belle_phi
  cleo_rd
  cleo_x2
  cleo_y
  cleo_cosd
  cleo_sind
  cdf_rd
  cdf_xp2
  cdf_yprime
  babar_kspipi_x
  babar_kspipi_y
hfag_agamma is sensitive to x
hfag_ycp is sensitive to y
lhcb_yprime_p is sensitive to deltaKpi
hfag_ycp is sensitive to phi
lhcb_rd is sensitive to rsubdm
 PARAMETER DEFINITIONS:
    NO.   NAME         VALUE      STEP SIZE      LIMITS
     1 x            1.20000e-03  1.00000e-04   -1.00000e-01  1.50000e-01
     2 y            7.00000e-03  1.00000e-04   -1.00000e-01  1.50000e-01
     3 deltaKpi     3.00000e-01  1.00000e-02   -1.60000e+00  2.60000e+00
     4 deltaKpipi0   3.90000e-01  1.00000e-02   -3.00000e+00  2.00000e+00
 **********
 **    1 **FIX           4
 **********
 PARAMETER DEFINITIONS:
    NO.   NAME         VALUE      STEP SIZE      LIMITS
     5 phi          0.00000e+00  1.00000e-03   -3.15000e+00  3.15000e+00
     6 rsubdm       3.40000e-03  1.00000e-04   -1.00000e-02  1.00000e-02
     7 rsubdp       3.40000e-03  1.00000e-04   -1.00000e-02  1.00000e-02
 **********
 **    2 **FIX           7
 **********
 PARAMETER DEFINITIONS:
    NO.   NAME         VALUE      STEP SIZE      LIMITS
     8 qoverp       1.00000e+00  1.00000e-02    2.50000e-01  1.90000e+00
 **********
 **    3 **FIX           8
 **********
 **********
 **    4 **SET STR            2
 **********
 NOW USING STRATEGY  2: MAKE SURE MINIMUM TRUE, ERRORS CORRECT  
 **********
 **    5 **MIGRAD
 **********
 FIRST CALL TO USER FUNCTION AT NEW START POINT, WITH IFLAG=4.
 START MIGRAD MINIMIZATION.  STRATEGY  2.  CONVERGENCE WHEN EDM .LT. 1.00e-04
 EIGENVALUES OF SECOND-DERIVATIVE MATRIX:
        -6.4505e-02  8.9513e-02  1.7074e-01  1.0076e+00  3.7967e+00
 MINUIT WARNING IN HESSE   
 ============== MATRIX FORCED POS-DEF BY ADDING 0.068302 TO DIAGONAL.
 FCN=46.2672 FROM HESSE     STATUS=NOT POSDEF     41 CALLS          42 TOTAL
                     EDM=40.5783    STRATEGY= 2      ERR MATRIX NOT POS-DEF
  EXT PARAMETER                APPROXIMATE        STEP         FIRST   
  NO.   NAME      VALUE            ERROR          SIZE      DERIVATIVE 
   1  x            1.20000e-03   5.78083e-03   4.30443e-04   2.50645e+02
   2  y            7.00000e-03   2.59415e-04   1.02334e-04  -1.30416e+03
   3  deltaKpi     3.00000e-01   4.47443e-01   2.06898e-03   9.79946e+01
   4  deltaKpipi0   3.90000e-01     fixed    
   5  phi          0.00000e+00   5.30823e-03   1.12543e-04  -8.46694e+02
   6  rsubdm       3.40000e-03   2.96933e-05   1.71680e-04  -2.77369e+03
   7  rsubdp       3.40000e-03     fixed    
   8  qoverp       1.00000e+00     fixed    
 MIGRAD MINIMIZATION HAS CONVERGED.
 MIGRAD WILL VERIFY CONVERGENCE AND ERROR MATRIX.
 COVARIANCE MATRIX CALCULATED SUCCESSFULLY
 FCN=28.8959 FROM MIGRAD    STATUS=CONVERGED     238 CALLS         239 TOTAL
                     EDM=5.95804e-06    STRATEGY= 2      ERROR MATRIX ACCURATE 
  EXT PARAMETER                                   STEP         FIRST   
  NO.   NAME      VALUE            ERROR          SIZE      DERIVATIVE 
   1  x            5.02637e-03   1.74434e-03   1.86179e-05  -3.24327e-02
   2  y            6.49022e-03   9.06281e-04   2.47301e-06  -7.14560e-01
   3  deltaKpi     2.55577e-01   1.80471e-01   2.57882e-05   7.22813e-02
   4  deltaKpipi0   3.90000e-01     fixed    
   5  phi          5.45169e-03   1.00454e-02   8.47002e-06   4.22478e-01
   6  rsubdm       3.55088e-03   4.64134e-05   4.29500e-06  -8.01885e-01
   7  rsubdp       3.40000e-03     fixed    
   8  qoverp       1.00000e+00     fixed    
 EXTERNAL ERROR MATRIX.    NDIM=  25    NPAR=  5    ERR DEF=1
  3.043e-06  2.426e-08  3.330e-06  1.254e-06  4.615e-08 
  2.426e-08  8.214e-07  1.580e-04 -8.225e-07  1.302e-08 
  3.330e-06  1.580e-04  3.265e-02 -1.507e-04  4.009e-06 
  1.254e-06 -8.225e-07 -1.507e-04  1.009e-04  1.155e-08 
  4.615e-08  1.302e-08  4.009e-06  1.155e-08  2.154e-09 
 PARAMETER  CORRELATION COEFFICIENTS  
       NO.  GLOBAL      1      2      3      5      6
        1  0.87199   1.000  0.015  0.011  0.072  0.570
        2  0.99199   0.015  1.000  0.965 -0.090  0.310
        3  0.99380   0.011  0.965  1.000 -0.083  0.478
        5  0.11739   0.072 -0.090 -0.083  1.000  0.025
        6  0.94605   0.570  0.310  0.478  0.025  1.000
 i, outpar[i], err[i] =  0:  0.00502637 +- 0.00174434
 i, outpar[i], err[i] =  1:  0.00649022 +- 0.000906281
 i, outpar[i], err[i] =  2:  0.255577 +- 0.180471
 i, outpar[i], err[i] =  3:  0.39 +- 0
 i, outpar[i], err[i] =  4:  0.00545169 +- 0.0100454
 i, outpar[i], err[i] =  5:  0.00355088 +- 4.64134e-05
 i, outpar[i], err[i] =  6:  0.0034 +- 0
 i, outpar[i], err[i] =  7:  1 +- 0
