fitresult : 0 +/- 0 (0, 0, 0) 1 plainx 0 none 3 
hfag_ycp : 0.00866 +/- 0.00155 (0.00155, 0, 0) 1 ycp 2 none 3 
hfag_agamma : -0.00022 +/- 0.00161 (0.00161, 0, 0) 1 agamma 3 none 3 
lhcb_agamma_kk : -0.00035 +/- 0.000631506 (0.00062, 0.00012, 0) 1 agamma 3 none 3 
lhcb_agamma_pipi : 0.00033 +/- 0.00106921 (0.00106, 0.00014, 0) 1 agamma 3 none 3 
lhcb_xp2_p : 4.9e-05 +/- 6.99714e-05 (6e-05, 3.6e-05, 0) 1 xprimep 5 kpi 0 
lhcb_yprime_p : 0.0051 +/- 0.00138924 (0.0012, 0.0007, 0) 1 yprimep 8 kpi 0 
lhcb_rd_p : 0.003523 +/- 9.36483e-05 (8.1e-05, 4.7e-05, 0) 1 rsubdp 15 none 3 
lhcb_xp2_m : 6e-05 +/- 6.82642e-05 (5.8e-05, 3.6e-05, 0) 1 xprimem 6 kpi 0 
lhcb_yprime_m : 0.0045 +/- 0.00138924 (0.0012, 0.0007, 0) 1 yprimem 9 kpi 0 
lhcb_rd_m : 0.003613 +/- 9.45145e-05 (8.2e-05, 4.7e-05, 0) 1 rsubdm 14 none 3 
belle_kspipi_x : 0.0081 +/- 0.0033541 (0.003, 0.0015, 0) 1 plainx 0 none 3 
belle_kspipi_y : 0.0037 +/- 0.00277308 (0.0025, 0.0012, 0) 1 plainy 1 none 3 
belle_qoverp : 0.86 +/- 0.316228 (0.3, 0.1, 0) 1 qoverp 18 none 3 
belle_phi : -0.244 +/- 0.3228 (0.31, 0.09, 0) 1 phi 19 none 3 
cleo_cosd : 0.81 +/- 0.208806 (0.2, 0.06, 0) 1 cosangle 10 kpi 0 
cleo_sind : -0.01 +/- 0.411947 (0.41, 0.04, 0) 1 sinangle 11 kpi 0 
cleo_rd : 0.00533 +/- 0.00116078 (0.00107, 0.00045, 0) 1 rsubd 16 none 3 
cleo_x2 : 0.0006 +/- 0.00254951 (0.0023, 0.0011, 0) 1 xsquare 20 kpi 0 
cleo_y : 0.042 +/- 0.0223607 (0.02, 0.01, 0) 1 plainy 1 kpi 0 
cdf_rd : 0.00304 +/- 0.00055 (0.00055, 0, 0) 1 rsubd 16 none 3 
cdf_xp2 : -0.00012 +/- 0.00035 (0.00035, 0, 0) 1 xprime 4 kpi 0 
cdf_yprime : 0.0085 +/- 0.0076 (0.0076, 0, 0) 1 yprime 7 kpi 0 
belle_rd_m : 0.0036 +/- 0.0002 (0.0002, 0, 0) 1 rsubdm 14 none 3 
belle_xp2_m : 6e-05 +/- 0.00034 (0.00034, 0, 0) 1 xprimem 6 kpi 0 
belle_yprime_m : 0.002 +/- 0.0054 (0.0054, 0, 0) 1 yprimem 9 kpi 0 
belle_rd_p : 0.00368 +/- 0.0002 (0.0002, 0, 0) 1 rsubdp 15 none 3 
belle_xp2_p : 0.00032 +/- 0.00037 (0.00037, 0, 0) 1 xprimep 5 kpi 0 
belle_yprime_p : -0.0012 +/- 0.0058 (0.0058, 0, 0) 1 yprimep 8 kpi 0 
babar_rd_m : 0.00303 +/- 0.000223607 (0.0002, 0.0001, 0) 1 rsubdm 14 none 3 
babar_xp2_m : -0.0002 +/- 0.000502195 (0.00041, 0.00029, 0) 1 xprimem 6 kpi 0 
babar_yprime_m : 0.0096 +/- 0.00782368 (0.0064, 0.0045, 0) 1 yprimem 9 kpi 0 
babar_rd_p : 0.00303 +/- 0.000223607 (0.0002, 0.0001, 0) 1 rsubdp 15 none 3 
babar_xp2_p : -0.00024 +/- 0.000524309 (0.00043, 0.0003, 0) 1 xprimep 5 kpi 0 
babar_yprime_p : 0.0098 +/- 0.00746324 (0.0061, 0.0043, 0) 1 yprimep 8 kpi 0 
babar_kspipi_x : 0.0016 +/- 0.00271477 (0.0023, 0.0012, 0.0008) 1 plainx 0 none 3 
babar_kspipi_y : 0.0057 +/- 0.00248596 (0.002, 0.0013, 0.0007) 1 plainy 1 none 3 
Activating result: hfag_ycp
Activating result: lhcb_xp2_m
Activating result: lhcb_yprime_m
Activating result: lhcb_rd_m
Activating result: lhcb_xp2_p
Activating result: lhcb_yprime_p
Activating result: lhcb_rd_p
Activating result: belle_kspipi_x
Activating result: belle_kspipi_y
Activating result: belle_qoverp
Activating result: belle_phi
Activating result: cleo_cosd
Activating result: cleo_sind
Activating result: cleo_rd
Activating result: cleo_x2
Activating result: cleo_y
Activating result: cdf_rd
Activating result: cdf_xp2
Activating result: cdf_yprime
Activating result: babar_rd_m
Activating result: babar_xp2_m
Activating result: babar_yprime_m
Activating result: babar_rd_p
Activating result: babar_xp2_p
Activating result: babar_yprime_p
Activating result: belle_rd_m
Activating result: belle_xp2_m
Activating result: belle_yprime_m
Activating result: belle_rd_p
Activating result: belle_xp2_p
Activating result: belle_yprime_p
Activating result: babar_kspipi_x
Activating result: babar_kspipi_y
Activating result: hfag_agamma
Following results will be used in fit: 
  hfag_ycp
  hfag_agamma
  lhcb_xp2_p
  lhcb_yprime_p
  lhcb_rd_p
  lhcb_xp2_m
  lhcb_yprime_m
  lhcb_rd_m
  belle_kspipi_x
  belle_kspipi_y
  belle_qoverp
  belle_phi
  cleo_cosd
  cleo_sind
  cleo_rd
  cleo_x2
  cleo_y
  cdf_rd
  cdf_xp2
  cdf_yprime
  belle_rd_m
  belle_xp2_m
  belle_yprime_m
  belle_rd_p
  belle_xp2_p
  belle_yprime_p
  babar_rd_m
  babar_xp2_m
  babar_yprime_m
  babar_rd_p
  babar_xp2_p
  babar_yprime_p
  babar_kspipi_x
  babar_kspipi_y
hfag_ycp is sensitive to x
hfag_ycp is sensitive to y
lhcb_xp2_p is sensitive to deltaKpi
hfag_ycp is sensitive to phi
lhcb_rd_m is sensitive to rsubdm
lhcb_rd_p is sensitive to rsubdp
hfag_ycp is sensitive to qoverp
 PARAMETER DEFINITIONS:
    NO.   NAME         VALUE      STEP SIZE      LIMITS
     1 x            1.20000e-03  1.00000e-04   -1.00000e-01  1.50000e-01
     2 y            7.00000e-03  1.00000e-04   -1.00000e-01  1.50000e-01
     3 deltaKpi     3.00000e-01  1.00000e-02   -1.60000e+00  2.60000e+00
     4 deltaKpipi0   3.90000e-01  1.00000e-02   -3.00000e+00  2.00000e+00
 **********
 **    1 **FIX           4
 **********
 PARAMETER DEFINITIONS:
    NO.   NAME         VALUE      STEP SIZE      LIMITS
     5 phi          0.00000e+00  1.00000e-03   -3.15000e+00  3.15000e+00
     6 rsubdm       3.40000e-03  1.00000e-04   -1.00000e-02  1.00000e-02
     7 rsubdp       3.40000e-03  1.00000e-04   -1.00000e-02  1.00000e-02
     8 qoverp       1.00000e+00  1.00000e-02    2.50000e-01  1.90000e+00
 **********
 **    2 **SET STR            2
 **********
 NOW USING STRATEGY  2: MAKE SURE MINIMUM TRUE, ERRORS CORRECT  
 **********
 **    3 **MIGRAD
 **********
 FIRST CALL TO USER FUNCTION AT NEW START POINT, WITH IFLAG=4.
 START MIGRAD MINIMIZATION.  STRATEGY  2.  CONVERGENCE WHEN EDM .LT. 1.00e-04
 EIGENVALUES OF SECOND-DERIVATIVE MATRIX:
        -6.2803e-03  5.7619e-02  8.8158e-02  1.9047e-01  1.9872e-01  2.5109e+00  3.9604e+00
 MINUIT WARNING IN HESSE   
 ============== MATRIX FORCED POS-DEF BY ADDING 0.010241 TO DIAGONAL.
 FCN=66.4045 FROM HESSE     STATUS=NOT POSDEF     64 CALLS          65 TOTAL
                     EDM=28.8021    STRATEGY= 2      ERR MATRIX NOT POS-DEF
  EXT PARAMETER                APPROXIMATE        STEP         FIRST   
  NO.   NAME      VALUE            ERROR          SIZE      DERIVATIVE 
   1  x            1.20000e-03   4.26164e-03   4.84710e-04  -8.69808e+00
   2  y            7.00000e-03   5.41665e-04   1.16803e-04  -1.67734e+02
   3  deltaKpi     3.00000e-01   4.90980e-01   2.40885e-03   4.30839e+01
   4  deltaKpipi0   3.90000e-01     fixed    
   5  phi          0.00000e+00   1.17918e-01   1.86875e-03  -1.48586e+01
   6  rsubdm       3.40000e-03   4.25672e-05   3.01909e-04  -1.21582e+03
   7  rsubdp       3.40000e-03   4.21705e-05   2.94349e-04  -4.28031e+02
   8  qoverp       1.00000e+00   5.21592e-02   3.16341e-03   2.16813e+01
 MIGRAD MINIMIZATION HAS CONVERGED.
 MIGRAD WILL VERIFY CONVERGENCE AND ERROR MATRIX.
 COVARIANCE MATRIX CALCULATED SUCCESSFULLY
 FCN=56.9696 FROM MIGRAD    STATUS=CONVERGED     314 CALLS         315 TOTAL
                     EDM=1.29845e-05    STRATEGY= 2      ERROR MATRIX ACCURATE 
  EXT PARAMETER                                   STEP         FIRST   
  NO.   NAME      VALUE            ERROR          SIZE      DERIVATIVE 
   1  x            3.50549e-03   1.67751e-03   3.70811e-05  -2.24814e-02
   2  y            6.16735e-03   7.39398e-04   3.30426e-06  -7.07136e-01
   3  deltaKpi     9.80719e-02   2.30519e-01   5.59819e-05   3.11645e-02
   4  deltaKpipi0   3.90000e-01     fixed    
   5  phi         -7.29892e-02   1.27983e-01   4.30742e-05   2.13385e-01
   6  rsubdm       3.50423e-03   4.83798e-05   8.79061e-06   5.16044e-01
   7  rsubdp       3.44079e-03   4.59018e-05   8.54558e-06  -1.69726e+00
   8  qoverp       9.84922e-01   7.09979e-02   9.58378e-05  -1.10131e-01
 EXTERNAL ERROR MATRIX.    NDIM=  25    NPAR=  7    ERR DEF=1
  2.814e-06 -4.820e-08  3.301e-05  2.937e-05  2.623e-08  2.349e-08 -1.222e-05 
 -4.820e-08  5.467e-07  1.611e-04 -2.646e-06  6.375e-09  3.081e-09 -8.951e-06 
  3.301e-05  1.611e-04  5.336e-02  1.818e-03  4.230e-06  3.332e-06 -2.057e-03 
  2.937e-05 -2.646e-06  1.818e-03  1.639e-02 -9.652e-07  1.400e-06  7.478e-03 
  2.623e-08  6.375e-09  4.230e-06 -9.652e-07  2.341e-09  3.087e-10 -6.247e-08 
  2.349e-08  3.081e-09  3.332e-06  1.400e-06  3.087e-10  2.107e-09 -5.525e-07 
 -1.222e-05 -8.951e-06 -2.057e-03  7.478e-03 -6.247e-08 -5.525e-07  5.053e-03 
 PARAMETER  CORRELATION COEFFICIENTS  
       NO.  GLOBAL      1      2      3      5      6      7      8
        1  0.67966   1.000 -0.039  0.085  0.137  0.323  0.305 -0.103
        2  0.98891  -0.039  1.000  0.943 -0.028  0.178  0.091 -0.170
        3  0.99102   0.085  0.943  1.000  0.061  0.378  0.314 -0.125
        5  0.95889   0.137 -0.028  0.061  1.000 -0.156  0.238  0.822
        6  0.88908   0.323  0.178  0.378 -0.156  1.000  0.139 -0.018
        7  0.88256   0.305  0.091  0.314  0.238  0.139  1.000 -0.169
        8  0.95475  -0.103 -0.170 -0.125  0.822 -0.018 -0.169  1.000
 i, outpar[i], err[i] =  0:  0.00350549 +- 0.00167751
 i, outpar[i], err[i] =  1:  0.00616735 +- 0.000739398
 i, outpar[i], err[i] =  2:  0.0980719 +- 0.230519
 i, outpar[i], err[i] =  3:  0.39 +- 0
 i, outpar[i], err[i] =  4:  -0.0729892 +- 0.127983
 i, outpar[i], err[i] =  5:  0.00350423 +- 4.83798e-05
 i, outpar[i], err[i] =  6:  0.00344079 +- 4.59018e-05
 i, outpar[i], err[i] =  7:  0.984922 +- 0.0709979
MixDrawer::graphicsXIndex = 0
name = fitresult
toDraw->getName() = fitresult
name = none
prevOpt->numContours = 5
-------------------------
Set LHCb Style - Feb 2012
-------------------------
set central val graph to (x,y) = (0.00350549,0.00616735)
centralChisq=56.9696
 **********
 **    4 **FIX           1
 **********
 **********
 **    5 **FIX           2
 **********
 **********
 **    6 **SET ERRDEF           1
 **********
Fitting line 25
Fitting line 50
Fitting line 75
Fitting line 100
