fitresult : 0 +/- 0 (0, 0, 0) 1 plainx 0 none 3 
hfag_ycp : 0.00866 +/- 0.00155 (0.00155, 0, 0) 1 ycp 2 none 3 
lhcb_xp2 : 5.5e-05 +/- 4.93964e-05 (4.2e-05, 2.6e-05, 0) 1 xprime 4 kpi 0 
lhcb_yprime : 0.00481 +/- 0.0010017 (0.00085, 0.00053, 0) 1 yprime 7 kpi 0 
lhcb_rd : 0.003568 +/- 6.67308e-05 (5.8e-05, 3.3e-05, 0) 1 rsubdm 14 none 3 
hfag_kspipi_x : 0.00419 +/- 0.00211 (0.00211, 0, 0) 1 plainx 0 none 3 
hfag_kspipi_y : 0.00456 +/- 0.00186 (0.00186, 0, 0) 1 plainy 1 none 3 
cleo_cosd : 0.81 +/- 0.208806 (0.2, 0.06, 0) 1 cosangle 10 kpi 0 
cleo_sind : -0.01 +/- 0.411947 (0.41, 0.04, 0) 1 sinangle 11 kpi 0 
cdf_rd : 0.00304 +/- 0.00055 (0.00055, 0, 0) 1 rsubdm 14 none 3 
cdf_xp2 : -0.00012 +/- 0.00035 (0.00035, 0, 0) 1 xprime 4 kpi 0 
cdf_yprime : 0.0085 +/- 0.0076 (0.0076, 0, 0) 1 yprime 7 kpi 0 
belle_rd : 0.00364 +/- 0.00017 (0.00017, 0, 0) 1 rsubdm 14 none 3 
belle_xp2 : 0.00018 +/- 0.00022 (0.00022, 0, 0) 1 xprime 4 kpi 0 
belle_yprime : 0.0006 +/- 0.004 (0.004, 0, 0) 1 yprime 7 kpi 0 
babar_rd : 0.00303 +/- 0.00018868 (0.00016, 0.0001, 0) 1 rsubdm 14 none 3 
babar_xp2 : -0.00022 +/- 0.000366197 (0.0003, 0.00021, 0) 1 xprime 4 kpi 0 
babar_yprime : 0.0097 +/- 0.00538238 (0.0044, 0.0031, 0) 1 yprime 7 kpi 0 
Activating result: hfag_ycp
Activating result: lhcb_xp2
Activating result: lhcb_yprime
Activating result: lhcb_rd
Activating result: hfag_kspipi_x
Activating result: hfag_kspipi_y
Activating result: cleo_cosd
Activating result: cleo_sind
Following results will be used in fit: 
  hfag_ycp
  lhcb_xp2
  lhcb_yprime
  lhcb_rd
  hfag_kspipi_x
  hfag_kspipi_y
  cleo_cosd
  cleo_sind
lhcb_xp2 is sensitive to x
hfag_ycp is sensitive to y
lhcb_xp2 is sensitive to deltaKpi
lhcb_rd is sensitive to rsubdm
 PARAMETER DEFINITIONS:
    NO.   NAME         VALUE      STEP SIZE      LIMITS
     1 x            1.20000e-03  1.00000e-04   -1.00000e-01  1.50000e-01
     2 y            7.00000e-03  1.00000e-04   -1.00000e-01  1.50000e-01
     3 deltaKpi     3.00000e-01  1.00000e-02   -1.60000e+00  2.60000e+00
     4 deltaKpipi0   3.90000e-01  1.00000e-02   -3.00000e+00  2.00000e+00
 **********
 **    1 **FIX           4
 **********
 PARAMETER DEFINITIONS:
    NO.   NAME         VALUE      STEP SIZE      LIMITS
     5 phi          0.00000e+00  1.00000e-03   -3.15000e+00  3.15000e+00
 **********
 **    2 **FIX           5
 **********
 PARAMETER DEFINITIONS:
    NO.   NAME         VALUE      STEP SIZE      LIMITS
     6 rsubdm       3.40000e-03  1.00000e-04   -1.00000e-02  1.00000e-02
     7 rsubdp       3.40000e-03  1.00000e-04   -1.00000e-02  1.00000e-02
 **********
 **    3 **FIX           7
 **********
 PARAMETER DEFINITIONS:
    NO.   NAME         VALUE      STEP SIZE      LIMITS
     8 qoverp       1.00000e+00  1.00000e-02    2.50000e-01  1.90000e+00
 **********
 **    4 **FIX           8
 **********
 **********
 **    5 **SET STR            2
 **********
 NOW USING STRATEGY  2: MAKE SURE MINIMUM TRUE, ERRORS CORRECT  
 **********
 **    6 **MIGRAD
 **********
 FIRST CALL TO USER FUNCTION AT NEW START POINT, WITH IFLAG=4.
 START MIGRAD MINIMIZATION.  STRATEGY  2.  CONVERGENCE WHEN EDM .LT. 1.00e-04
 EIGENVALUES OF SECOND-DERIVATIVE MATRIX:
        -1.4945e-01  9.8746e-02  1.9867e-01  3.8520e+00
 MINUIT WARNING IN HESSE   
 ============== MATRIX FORCED POS-DEF BY ADDING 0.153304 TO DIAGONAL.
 FCN=20.7291 FROM HESSE     STATUS=NOT POSDEF     31 CALLS          32 TOTAL
                     EDM=20.5811    STRATEGY= 2      ERR MATRIX NOT POS-DEF
  EXT PARAMETER                APPROXIMATE        STEP         FIRST   
  NO.   NAME      VALUE            ERROR          SIZE      DERIVATIVE 
   1  x            1.20000e-03   5.96125e-03   2.93017e-04   6.33285e+02
   2  y            7.00000e-03   2.29776e-04   6.86420e-05  -2.74160e+03
   3  deltaKpi     3.00000e-01   4.13496e-01   1.36069e-03   1.53916e+02
   4  deltaKpipi0   3.90000e-01     fixed    
   5  phi          0.00000e+00     fixed    
   6  rsubdm       3.40000e-03   2.66858e-05   1.14602e-04  -3.49592e+03
   7  rsubdp       3.40000e-03     fixed    
   8  qoverp       1.00000e+00     fixed    
 MINUIT WARNING IN MIGRAD  
 ============== Negative diagonal element 1 in Error Matrix
 MINUIT WARNING IN MIGRAD  
 ============== Negative diagonal element 3 in Error Matrix
 MINUIT WARNING IN MIGRAD  
 ============== 1.00077 added to diagonal of error matrix
 MIGRAD MINIMIZATION HAS CONVERGED.
 MIGRAD WILL VERIFY CONVERGENCE AND ERROR MATRIX.
 COVARIANCE MATRIX CALCULATED SUCCESSFULLY
 FCN=4.04355 FROM MIGRAD    STATUS=CONVERGED     221 CALLS         222 TOTAL
                     EDM=4.43136e-06    STRATEGY= 2      ERROR MATRIX ACCURATE 
  EXT PARAMETER                                   STEP         FIRST   
  NO.   NAME      VALUE            ERROR          SIZE      DERIVATIVE 
   1  x            4.51411e-03   1.91933e-03   5.23726e-06   3.30829e-03
   2  y            6.87747e-03   1.04109e-03   1.01484e-06   1.49294e-01
   3  deltaKpi     3.25634e-01   2.14027e-01   1.05172e-05   1.97515e-02
   4  deltaKpipi0   3.90000e-01     fixed    
   5  phi          0.00000e+00     fixed    
   6  rsubdm       3.55198e-03   4.69900e-05   1.73711e-06  -1.90784e-01
   7  rsubdp       3.40000e-03     fixed    
   8  qoverp       1.00000e+00     fixed    
 EXTERNAL ERROR MATRIX.    NDIM=  25    NPAR=  4    ERR DEF=1
  3.684e-06 -1.947e-07 -9.572e-05  4.423e-08 
 -1.947e-07  1.084e-06  2.151e-04  1.740e-08 
 -9.572e-05  2.151e-04  4.597e-02  4.329e-06 
  4.423e-08  1.740e-08  4.329e-06  2.208e-09 
 PARAMETER  CORRELATION COEFFICIENTS  
       NO.  GLOBAL      1      2      3      6
        1  0.95222   1.000 -0.097 -0.233  0.490
        2  0.99394  -0.097  1.000  0.964  0.356
        3  0.99566  -0.233  0.964  1.000  0.430
        6  0.94904   0.490  0.356  0.430  1.000
 i, outpar[i], err[i] =  0:  0.00451411 +- 0.00191933
 i, outpar[i], err[i] =  1:  0.00687747 +- 0.00104109
 i, outpar[i], err[i] =  2:  0.325634 +- 0.214027
 i, outpar[i], err[i] =  3:  0.39 +- 0
 i, outpar[i], err[i] =  4:  0 +- 0
 i, outpar[i], err[i] =  5:  0.00355198 +- 4.699e-05
 i, outpar[i], err[i] =  6:  0.0034 +- 0
 i, outpar[i], err[i] =  7:  1 +- 0
MixDrawer::graphicsXIndex = 0
name = fitresult
toDraw->getName() = fitresult
name = none
prevOpt->numContours = 5
-------------------------
Set LHCb Style - Feb 2012
-------------------------
Drawing 5 ellipses
 **********
 **    7 **MIGRAD
 **********
 START MIGRAD MINIMIZATION.  STRATEGY  2.  CONVERGENCE WHEN EDM .LT. 1.00e-04
 FCN=4.04355 FROM MIGRAD    STATUS=INITIATE        8 CALLS         230 TOTAL
                     EDM=2.21612e-06    STRATEGY= 2      ERROR MATRIX ACCURATE 
  EXT PARAMETER                                   STEP         FIRST   
  NO.   NAME      VALUE            ERROR          SIZE      DERIVATIVE 
   1  x            4.51411e-03   1.91933e-03   5.23726e-06   3.29651e-03
   2  y            6.87747e-03   1.04109e-03   1.01484e-06   1.49294e-01
   3  deltaKpi     3.25634e-01   2.14027e-01   1.05172e-05   1.97539e-02
   4  deltaKpipi0   3.90000e-01     fixed    
   5  phi          0.00000e+00     fixed    
   6  rsubdm       3.55198e-03   4.69900e-05   1.73711e-06  -1.90784e-01
   7  rsubdp       3.40000e-03     fixed    
   8  qoverp       1.00000e+00     fixed    
 MIGRAD MINIMIZATION HAS CONVERGED.
 MIGRAD WILL VERIFY CONVERGENCE AND ERROR MATRIX.
 COVARIANCE MATRIX CALCULATED SUCCESSFULLY
 FCN=4.04354 FROM MIGRAD    STATUS=CONVERGED      42 CALLS         264 TOTAL
                     EDM=3.35899e-10    STRATEGY= 2      ERROR MATRIX ACCURATE 
  EXT PARAMETER                                   STEP         FIRST   
  NO.   NAME      VALUE            ERROR          SIZE      DERIVATIVE 
   1  x            4.51508e-03   1.91927e-03   5.21312e-06   1.53337e-03
   2  y            6.87598e-03   1.04127e-03   1.01489e-06  -1.55540e-03
   3  deltaKpi     3.25333e-01   2.14078e-01   1.04595e-05   2.24062e-05
   4  deltaKpipi0   3.90000e-01     fixed    
   5  phi          0.00000e+00     fixed    
   6  rsubdm       3.55197e-03   4.69950e-05   1.73715e-06  -8.94273e-04
   7  rsubdp       3.40000e-03     fixed    
   8  qoverp       1.00000e+00     fixed    
 EXTERNAL ERROR MATRIX.    NDIM=  25    NPAR=  4    ERR DEF=1
  3.684e-06 -1.944e-07 -9.550e-05  4.424e-08 
 -1.944e-07  1.084e-06  2.152e-04  1.741e-08 
 -9.550e-05  2.152e-04  4.599e-02  4.334e-06 
  4.424e-08  1.741e-08  4.334e-06  2.209e-09 
 PARAMETER  CORRELATION COEFFICIENTS  
       NO.  GLOBAL      1      2      3      6
        1  0.95209   1.000 -0.097 -0.232  0.490
        2  0.99394  -0.097  1.000  0.964  0.356
        3  0.99566  -0.232  0.964  1.000  0.430
        6  0.94906   0.490  0.356  0.430  1.000
initx = 0.00451508
 **********
 **    8 **SET ERRDEF       28.74
 **********
 START MNCONTOUR CALCULATION OF 3600 POINTS ON CONTOUR.
 EACH POINT IS A MINIMUM WITH RESPECT TO THE OTHER   2 VARIABLE PARAMETERS.
 MINUIT WARNING IN HESSE   
 ============== Negative diagonal element 1 in Error Matrix
 MINUIT WARNING IN HESSE   
 ============== 16548.1 added to diagonal of error matrix
 EIGENVALUES OF SECOND-DERIVATIVE MATRIX:
        -2.8270e+01  3.0270e+01
 MINUIT WARNING IN HESSE   
 ============== MATRIX FORCED POS-DEF BY ADDING 28.300339 TO DIAGONAL.
 MINUIT WARNING IN MIGRAD  
 ============== Negative diagonal element 1 in Error Matrix
 MINUIT WARNING IN MIGRAD  
 ============== Negative diagonal element 2 in Error Matrix
 MINUIT WARNING IN MIGRAD  
 ============== 24.2189 added to diagonal of error matrix
 MINUIT WARNING IN MNContour 
 ============== Cannot find midpoint, try closer.
 MINUIT WARNING IN HESSE   
 ============== Negative diagonal element 1 in Error Matrix
 MINUIT WARNING IN HESSE   
 ============== 2219.4 added to diagonal of error matrix
 EIGENVALUES OF SECOND-DERIVATIVE MATRIX:
        -1.1775e+01  1.3775e+01
 MINUIT WARNING IN HESSE   
 ============== MATRIX FORCED POS-DEF BY ADDING 11.788526 TO DIAGONAL.
 MINUIT WARNING IN MIGRAD  
 ============== Negative diagonal element 1 in Error Matrix
 MINUIT WARNING IN MIGRAD  
 ============== 1.00155 added to diagonal of error matrix
 MNCONT CANNOT FIND NEXT POINT ON CONTOUR.  ONLY   4 POINTS FOUND.
 Y-AXIS: PARAMETER   2  y
                         X-AXIS: PARAMETER   1  x
    4 POINTS ON CONTOUR.   FMIN=  4.04354e+00   ERRDEF=       28.7
         xyxy
     1 -7.11898e-03  6.67027e-03              3  1.32729e-02  5.80374e-03
     2  7.43932e-03  1.00747e-03              4  4.26557e-03  1.22038e-02
calling adam's find point with errordef 28.74
testing
initX = 0.00451508, initY = 0.00687598
 **********
 **    9 **SET ERRDEF       19.33
 **********
 START MNCONTOUR CALCULATION OF 3600 POINTS ON CONTOUR.
 EACH POINT IS A MINIMUM WITH RESPECT TO THE OTHER   2 VARIABLE PARAMETERS.
 MINUIT WARNING IN HESSE   
 ============== Negative diagonal element 1 in Error Matrix
 MINUIT WARNING IN HESSE   
 ============== 8195.2 added to diagonal of error matrix
 EIGENVALUES OF SECOND-DERIVATIVE MATRIX:
        -1.0197e+01  1.2197e+01
 MINUIT WARNING IN HESSE   
 ============== MATRIX FORCED POS-DEF BY ADDING 10.209551 TO DIAGONAL.
 MINUIT WARNING IN MIGRAD  
 ============== Negative diagonal element 1 in Error Matrix
 MINUIT WARNING IN MIGRAD  
 ============== 1.00025 added to diagonal of error matrix
 EIGENVALUES OF SECOND-DERIVATIVE MATRIX:
        -6.8690e-02  2.0687e+00
 MINUIT WARNING IN HESSE   
 ============== MATRIX FORCED POS-DEF BY ADDING 0.070759 TO DIAGONAL.
 EIGENVALUES OF SECOND-DERIVATIVE MATRIX:
        -1.1350e+00  3.1350e+00
 MINUIT WARNING IN HESSE   
 ============== MATRIX FORCED POS-DEF BY ADDING 1.138134 TO DIAGONAL.
 MINUIT WARNING IN MIGRAD  
 ============== Negative diagonal element 2 in Error Matrix
 MINUIT WARNING IN MIGRAD  
 ============== 1 added to diagonal of error matrix
 MINUIT WARNING IN HESSE   
 ============== Negative diagonal element 1 in Error Matrix
 MINUIT WARNING IN HESSE   
 ============== 2557.47 added to diagonal of error matrix
 MINUIT WARNING IN MIGRAD  
 ============== Negative diagonal element 1 in Error Matrix
 MINUIT WARNING IN MIGRAD  
 ============== Negative diagonal element 2 in Error Matrix
 MINUIT WARNING IN MIGRAD  
 ============== 1.28784 added to diagonal of error matrix
 EIGENVALUES OF SECOND-DERIVATIVE MATRIX:
        -4.8030e-01  2.4803e+00
 MINUIT WARNING IN HESSE   
 ============== MATRIX FORCED POS-DEF BY ADDING 0.482782 TO DIAGONAL.
 MINUIT WARNING IN MIGRAD  
 ============== Negative diagonal element 1 in Error Matrix
 MINUIT WARNING IN MIGRAD  
 ============== Negative diagonal element 2 in Error Matrix
 MINUIT WARNING IN MIGRAD  
 ============== 1.01302 added to diagonal of error matrix
 MINUIT WARNING IN HESSE   
 ============== Negative diagonal element 1 in Error Matrix
 MINUIT WARNING IN HESSE   
 ============== 458.531 added to diagonal of error matrix
 EIGENVALUES OF SECOND-DERIVATIVE MATRIX:
        -1.0691e+01  1.2691e+01
 MINUIT WARNING IN HESSE   
 ============== MATRIX FORCED POS-DEF BY ADDING 10.703340 TO DIAGONAL.
 MINUIT WARNING IN MIGRAD  
 ============== Negative diagonal element 1 in Error Matrix
 MINUIT WARNING IN MIGRAD  
 ============== 1.01448 added to diagonal of error matrix
 EIGENVALUES OF SECOND-DERIVATIVE MATRIX:
        -2.4419e-01  2.2442e+00
 MINUIT WARNING IN HESSE   
 ============== MATRIX FORCED POS-DEF BY ADDING 0.246438 TO DIAGONAL.
 MINUIT WARNING IN MIGRAD  
 ============== Negative diagonal element 1 in Error Matrix
 MINUIT WARNING IN MIGRAD  
 ============== Negative diagonal element 2 in Error Matrix
 MINUIT WARNING IN MIGRAD  
 ============== 1.001 added to diagonal of error matrix
 MINUIT WARNING IN MNContour 
 ============== Cannot find midpoint, try closer.
 EIGENVALUES OF SECOND-DERIVATIVE MATRIX:
        -2.9553e-02  2.0296e+00
 MINUIT WARNING IN HESSE   
 ============== MATRIX FORCED POS-DEF BY ADDING 0.031583 TO DIAGONAL.
 MINUIT WARNING IN HESSE   
 ============== Negative diagonal element 1 in Error Matrix
 MINUIT WARNING IN HESSE   
 ============== 905.064 added to diagonal of error matrix
 EIGENVALUES OF SECOND-DERIVATIVE MATRIX:
        -3.7824e+00  5.7824e+00
 MINUIT WARNING IN HESSE   
 ============== MATRIX FORCED POS-DEF BY ADDING 3.788153 TO DIAGONAL.
 EIGENVALUES OF SECOND-DERIVATIVE MATRIX:
        -2.2850e-01  2.2285e+00
 MINUIT WARNING IN MIGRAD  
 ============== MATRIX FORCED POS-DEF BY ADDING 0.230733 TO DIAGONAL.
 MINUIT WARNING IN MIGRAD  
 ============== Negative diagonal element 1 in Error Matrix
 MINUIT WARNING IN MIGRAD  
 ============== Negative diagonal element 2 in Error Matrix
 MINUIT WARNING IN MIGRAD  
 ============== 2.1534 added to diagonal of error matrix
 MINUIT WARNING IN HESSE   
 ============== Negative diagonal element 1 in Error Matrix
 MINUIT WARNING IN HESSE   
 ============== 2886.6 added to diagonal of error matrix
 MINUIT WARNING IN MIGRAD  
 ============== Negative diagonal element 1 in Error Matrix
 MINUIT WARNING IN MIGRAD  
 ============== 1.00072 added to diagonal of error matrix
 MINUIT WARNING IN HESSE   
 ============== Negative diagonal element 1 in Error Matrix
 MINUIT WARNING IN HESSE   
 ============== 3419.36 added to diagonal of error matrix
 EIGENVALUES OF SECOND-DERIVATIVE MATRIX:
        -7.3656e-01  2.7366e+00
 MINUIT WARNING IN HESSE   
 ============== MATRIX FORCED POS-DEF BY ADDING 0.739295 TO DIAGONAL.
 EIGENVALUES OF SECOND-DERIVATIVE MATRIX:
        -5.8747e-01  2.5875e+00
 MINUIT WARNING IN MIGRAD  
 ============== MATRIX FORCED POS-DEF BY ADDING 0.590054 TO DIAGONAL.
 MINUIT WARNING IN HESSE   
 ============== Negative diagonal element 1 in Error Matrix
 MINUIT WARNING IN HESSE   
 ============== 212.127 added to diagonal of error matrix
 EIGENVALUES OF SECOND-DERIVATIVE MATRIX:
        -2.4460e+00  4.4460e+00
 MINUIT WARNING IN HESSE   
 ============== MATRIX FORCED POS-DEF BY ADDING 2.450450 TO DIAGONAL.
 MINUIT WARNING IN HESSE   
 ============== Negative diagonal element 1 in Error Matrix
 MINUIT WARNING IN HESSE   
 ============== 2748.27 added to diagonal of error matrix
 MINUIT WARNING IN MIGRAD  
 ============== Negative diagonal element 1 in Error Matrix
 MINUIT WARNING IN MIGRAD  
 ============== 1.06443 added to diagonal of error matrix
 MINUIT WARNING IN HESSE   
 ============== Negative diagonal element 1 in Error Matrix
 MINUIT WARNING IN HESSE   
 ============== 32.9179 added to diagonal of error matrix
 EIGENVALUES OF SECOND-DERIVATIVE MATRIX:
        -8.5068e-01  2.8507e+00
 MINUIT WARNING IN HESSE   
 ============== MATRIX FORCED POS-DEF BY ADDING 0.853531 TO DIAGONAL.
 MINUIT WARNING IN MIGRAD  
 ============== Negative diagonal element 1 in Error Matrix
 MINUIT WARNING IN MIGRAD  
 ============== 1.06213 added to diagonal of error matrix
 MINUIT WARNING IN HESSE   
 ============== Negative diagonal element 1 in Error Matrix
 MINUIT WARNING IN HESSE   
 ============== 473.595 added to diagonal of error matrix
 MINUIT WARNING IN MIGRAD  
 ============== Negative diagonal element 1 in Error Matrix
 MINUIT WARNING IN MIGRAD  
 ============== 1.00469 added to diagonal of error matrix
 MINUIT WARNING IN MIGRAD  
 ============== Negative diagonal element 1 in Error Matrix
 MINUIT WARNING IN MIGRAD  
 ============== Negative diagonal element 2 in Error Matrix
 MINUIT WARNING IN MIGRAD  
 ============== 1.06116 added to diagonal of error matrix
 EIGENVALUES OF SECOND-DERIVATIVE MATRIX:
        -8.6396e-01  2.8640e+00
 MINUIT WARNING IN HESSE   
 ============== MATRIX FORCED POS-DEF BY ADDING 0.866821 TO DIAGONAL.
 EIGENVALUES OF SECOND-DERIVATIVE MATRIX:
        -4.8820e-01  2.4882e+00
 MINUIT WARNING IN HESSE   
 ============== MATRIX FORCED POS-DEF BY ADDING 0.490684 TO DIAGONAL.
 EIGENVALUES OF SECOND-DERIVATIVE MATRIX:
        -2.3047e+00  4.3047e+00
 MINUIT WARNING IN MIGRAD  
 ============== MATRIX FORCED POS-DEF BY ADDING 2.309045 TO DIAGONAL.
 MINUIT WARNING IN MNContour 
 ============== Cannot find midpoint, try closer.
 MINUIT WARNING IN HESSE   
 ============== Negative diagonal element 1 in Error Matrix
 MINUIT WARNING IN HESSE   
 ============== 442.116 added to diagonal of error matrix
 EIGENVALUES OF SECOND-DERIVATIVE MATRIX:
        -7.8680e+00  9.8680e+00
 MINUIT WARNING IN HESSE   
 ============== MATRIX FORCED POS-DEF BY ADDING 7.877856 TO DIAGONAL.
 MINUIT WARNING IN MIGRAD  
 ============== Negative diagonal element 1 in Error Matrix
 MINUIT WARNING IN MIGRAD  
 ============== 1.00519 added to diagonal of error matrix
 MINUIT WARNING IN HESSE   
 ============== Negative diagonal element 1 in Error Matrix
 MINUIT WARNING IN HESSE   
 ============== 509.839 added to diagonal of error matrix
 MINUIT WARNING IN MIGRAD  
 ============== Negative diagonal element 1 in Error Matrix
 MINUIT WARNING IN MIGRAD  
 ============== 1.00399 added to diagonal of error matrix
 MINUIT WARNING IN HESSE   
 ============== Negative diagonal element 1 in Error Matrix
 MINUIT WARNING IN HESSE   
 ============== 2956.61 added to diagonal of error matrix
 EIGENVALUES OF SECOND-DERIVATIVE MATRIX:
        -7.3051e+01  7.5051e+01
 MINUIT WARNING IN HESSE   
 ============== MATRIX FORCED POS-DEF BY ADDING 73.125754 TO DIAGONAL.
 MINUIT WARNING IN MIGRAD  
 ============== Negative diagonal element 1 in Error Matrix
 MINUIT WARNING IN MIGRAD  
 ============== 1.00075 added to diagonal of error matrix
 MINUIT WARNING IN MIGRAD  
 ============== Negative diagonal element 1 in Error Matrix
 MINUIT WARNING IN MIGRAD  
 ============== Negative diagonal element 2 in Error Matrix
 MINUIT WARNING IN MIGRAD  
 ============== 1.0009 added to diagonal of error matrix
 MINUIT WARNING IN HESSE   
 ============== Negative diagonal element 1 in Error Matrix
 MINUIT WARNING IN HESSE   
 ============== 11041.9 added to diagonal of error matrix
 EIGENVALUES OF SECOND-DERIVATIVE MATRIX:
        -1.2417e+02  1.2617e+02
 MINUIT WARNING IN HESSE   
 ============== MATRIX FORCED POS-DEF BY ADDING 124.295449 TO DIAGONAL.
 EIGENVALUES OF SECOND-DERIVATIVE MATRIX:
        -6.7938e-01  2.6794e+00
 MINUIT WARNING IN HESSE   
 ============== MATRIX FORCED POS-DEF BY ADDING 0.682055 TO DIAGONAL.
 MINUIT WARNING IN MNContour 
 ============== Cannot find midpoint, try closer.
 EIGENVALUES OF SECOND-DERIVATIVE MATRIX:
        -6.2502e-01  2.6250e+00
 MINUIT WARNING IN HESSE   
 ============== MATRIX FORCED POS-DEF BY ADDING 0.627645 TO DIAGONAL.
 MINUIT WARNING IN HESSE   
 ============== Negative diagonal element 1 in Error Matrix
 MINUIT WARNING IN HESSE   
 ============== 9858.57 added to diagonal of error matrix
 EIGENVALUES OF SECOND-DERIVATIVE MATRIX:
        -3.3750e+01  3.5750e+01
 MINUIT WARNING IN HESSE   
 ============== MATRIX FORCED POS-DEF BY ADDING 33.785407 TO DIAGONAL.
 MINUIT WARNING IN HESSE   
 ============== Negative diagonal element 1 in Error Matrix
 MINUIT WARNING IN HESSE   
 ============== 9859.48 added to diagonal of error matrix
 EIGENVALUES OF SECOND-DERIVATIVE MATRIX:
        -3.2959e+01  3.4959e+01
 MINUIT WARNING IN HESSE   
 ============== MATRIX FORCED POS-DEF BY ADDING 32.993977 TO DIAGONAL.
 MINUIT WARNING IN MIGRAD  
 ============== Negative diagonal element 1 in Error Matrix
 MINUIT WARNING IN MIGRAD  
 ============== Negative diagonal element 2 in Error Matrix
 MINUIT WARNING IN MIGRAD  
 ============== 1.07978 added to diagonal of error matrix
 EIGENVALUES OF SECOND-DERIVATIVE MATRIX:
        -9.3391e-02  2.0934e+00
 MINUIT WARNING IN HESSE   
 ============== MATRIX FORCED POS-DEF BY ADDING 0.095485 TO DIAGONAL.
 EIGENVALUES OF SECOND-DERIVATIVE MATRIX:
        -2.4144e-01  2.2414e+00
 MINUIT WARNING IN HESSE   
 ============== MATRIX FORCED POS-DEF BY ADDING 0.243685 TO DIAGONAL.
 MINUIT WARNING IN HESSE   
 ============== Negative diagonal element 1 in Error Matrix
 MINUIT WARNING IN HESSE   
 ============== 45.5258 added to diagonal of error matrix
 EIGENVALUES OF SECOND-DERIVATIVE MATRIX:
        -9.5712e+01  9.7712e+01
 MINUIT WARNING IN HESSE   
 ============== MATRIX FORCED POS-DEF BY ADDING 95.810030 TO DIAGONAL.
 MINUIT WARNING IN MIGRAD  
 ============== Negative diagonal element 1 in Error Matrix
 MINUIT WARNING IN MIGRAD  
 ============== Negative diagonal element 2 in Error Matrix
 MINUIT WARNING IN MIGRAD  
 ============== 1.0124 added to diagonal of error matrix
 MINUIT WARNING IN MIGRAD  
 ============== Negative diagonal element 1 in Error Matrix
 MINUIT WARNING IN MIGRAD  
 ============== 1.00001 added to diagonal of error matrix
 EIGENVALUES OF SECOND-DERIVATIVE MATRIX:
        -4.9803e-02  2.0498e+00
 MINUIT WARNING IN HESSE   
 ============== MATRIX FORCED POS-DEF BY ADDING 0.051852 TO DIAGONAL.
 MINUIT WARNING IN HESSE   
 ============== Negative diagonal element 1 in Error Matrix
 MINUIT WARNING IN HESSE   
 ============== 159.418 added to diagonal of error matrix
 EIGENVALUES OF SECOND-DERIVATIVE MATRIX:
        -3.0848e+01  3.2848e+01
 MINUIT WARNING IN HESSE   
 ============== MATRIX FORCED POS-DEF BY ADDING 30.880711 TO DIAGONAL.
 MINUIT WARNING IN MNContour 
 ============== Cannot find midpoint, try closer.
 EIGENVALUES OF SECOND-DERIVATIVE MATRIX:
        -1.5659e-01  2.1566e+00
 MINUIT WARNING IN HESSE   
 ============== MATRIX FORCED POS-DEF BY ADDING 0.158742 TO DIAGONAL.
 EIGENVALUES OF SECOND-DERIVATIVE MATRIX:
        -9.0749e-02  2.0907e+00
 MINUIT WARNING IN HESSE   
 ============== MATRIX FORCED POS-DEF BY ADDING 0.092840 TO DIAGONAL.
 EIGENVALUES OF SECOND-DERIVATIVE MATRIX:
        -8.8017e-01  2.8802e+00
 MINUIT WARNING IN HESSE   
 ============== MATRIX FORCED POS-DEF BY ADDING 0.883045 TO DIAGONAL.
 MINUIT WARNING IN MNContour 
 ============== Cannot find midpoint, try closer.
 MINUIT WARNING IN HESSE   
 ============== Negative diagonal element 1 in Error Matrix
 MINUIT WARNING IN HESSE   
 ============== 66828.7 added to diagonal of error matrix
 EIGENVALUES OF SECOND-DERIVATIVE MATRIX:
        -8.0273e+00  1.0027e+01
 MINUIT WARNING IN HESSE   
 ============== MATRIX FORCED POS-DEF BY ADDING 8.037305 TO DIAGONAL.
 MINUIT WARNING IN MIGRAD  
 ============== Negative diagonal element 1 in Error Matrix
 MINUIT WARNING IN MIGRAD  
 ============== Negative diagonal element 2 in Error Matrix
 MINUIT WARNING IN MIGRAD  
 ============== 1.35739 added to diagonal of error matrix
 MINUIT WARNING IN MIGRAD  
 ============== Negative diagonal element 1 in Error Matrix
 MINUIT WARNING IN MIGRAD  
 ============== Negative diagonal element 2 in Error Matrix
 MINUIT WARNING IN MIGRAD  
 ============== 1 added to diagonal of error matrix
 MINUIT WARNING IN MNContour 
 ============== Cannot find midpoint, try closer.
 MNCONT CANNOT FIND NEXT POINT ON CONTOUR.  ONLY  52 POINTS FOUND.
 Y-AXIS: PARAMETER   2  y
                         X-AXIS: PARAMETER   1  x
   52 POINTS ON CONTOUR.   FMIN=  4.04354e+00   ERRDEF=       19.3
         xyxy
     1 -5.12593e-03  6.86087e-03             27  1.13895e-02  4.26142e-03
     2 -2.93506e-03  6.84201e-03             28  1.17636e-02  5.09377e-03
     3  2.61355e-03  4.26771e-03             29  1.18915e-02  5.99732e-03
     4  1.05508e-02  3.32205e-03             30  1.18295e-02  6.64254e-03
     5  1.13260e-02  7.94203e-03             31  1.16526e-02  7.26613e-03
     6  7.56702e-03  1.07376e-02             32  1.13779e-02  7.85214e-03
     7 -5.67612e-04  1.02636e-02             33  1.10225e-02  8.39304e-03
     8 -4.39030e-03  8.62074e-03             34  1.06061e-02  8.88071e-03
     9 -5.07465e-03  7.34098e-03             35  1.01384e-02  9.31942e-03
    10 -4.91259e-03  5.89880e-03             36  9.08867e-03  1.00528e-02
    11 -4.35350e-03  5.08731e-03             37  7.95510e-03  1.05958e-02
    12 -3.45981e-03  4.58206e-03             38  7.51666e-03  1.07549e-02
    13 -2.44782e-03  4.75487e-03             39  6.16430e-03  1.11012e-02
    14 -7.52709e-04  5.01794e-03             40  5.24142e-03  1.12263e-02
    15  9.56951e-04  4.87769e-03             41  4.31102e-03  1.12678e-02
    16  1.73133e-03  4.65465e-03             42  2.79694e-03  1.11548e-02
    17  2.47290e-03  4.33923e-03             43  1.84075e-03  1.09595e-02
    18  3.17475e-03  3.94468e-03             44  1.07661e-03  1.07233e-02
    19  3.83951e-03  3.49044e-03             45  1.83075e-03  9.98362e-03
    20  4.48531e-03  2.99575e-03             46  4.52444e-04  1.02513e-02
    21  5.15133e-03  2.52863e-03             47 -9.51446e-04  1.02292e-02
    22  6.72040e-03  2.09971e-03             48 -2.34688e-03  9.91190e-03
    23  8.47348e-03  2.30720e-03             49 -3.62954e-03  9.27731e-03
    24  9.31245e-03  2.58973e-03             50 -4.20194e-03  8.81574e-03
    25  1.00984e-02  2.99709e-03             51 -4.67666e-03  8.25420e-03
    26  1.08152e-02  3.55653e-03             52 -5.00616e-03  7.59135e-03
calling adam's find point with errordef 19.33
testing
initX = 0.00451508, initY = 0.00687598
 **********
 **   10 **SET ERRDEF       11.83
 **********
 START MNCONTOUR CALCULATION OF 3600 POINTS ON CONTOUR.
 EACH POINT IS A MINIMUM WITH RESPECT TO THE OTHER   2 VARIABLE PARAMETERS.
 MINUIT WARNING IN HESSE   
 ============== Negative diagonal element 1 in Error Matrix
 MINUIT WARNING IN HESSE   
 ============== 3340.88 added to diagonal of error matrix
 EIGENVALUES OF SECOND-DERIVATIVE MATRIX:
        -3.1478e-01  2.3148e+00
 MINUIT WARNING IN HESSE   
 ============== MATRIX FORCED POS-DEF BY ADDING 0.317098 TO DIAGONAL.
 MINUIT WARNING IN MNContour 
 ============== Cannot find midpoint, try closer.
 EIGENVALUES OF SECOND-DERIVATIVE MATRIX:
        -6.0589e-02  2.0606e+00
 MINUIT WARNING IN HESSE   
 ============== MATRIX FORCED POS-DEF BY ADDING 0.062650 TO DIAGONAL.
 MINUIT WARNING IN HESSE   
 ============== Negative diagonal element 1 in Error Matrix
 MINUIT WARNING IN HESSE   
 ============== 2992.11 added to diagonal of error matrix
 EIGENVALUES OF SECOND-DERIVATIVE MATRIX:
        -2.6992e+01  2.8992e+01
 MINUIT WARNING IN HESSE   
 ============== MATRIX FORCED POS-DEF BY ADDING 27.021405 TO DIAGONAL.
 MINUIT WARNING IN HESSE   
 ============== Negative diagonal element 1 in Error Matrix
 MINUIT WARNING IN HESSE   
 ============== 419.465 added to diagonal of error matrix
 EIGENVALUES OF SECOND-DERIVATIVE MATRIX:
        -8.9179e-01  2.8918e+00
 MINUIT WARNING IN HESSE   
 ============== MATRIX FORCED POS-DEF BY ADDING 0.894684 TO DIAGONAL.
 MINUIT WARNING IN HESSE   
 ============== Negative diagonal element 1 in Error Matrix
 MINUIT WARNING IN HESSE   
 ============== 1478.33 added to diagonal of error matrix
 EIGENVALUES OF SECOND-DERIVATIVE MATRIX:
        -2.5273e+00  4.5273e+00
 MINUIT WARNING IN HESSE   
 ============== MATRIX FORCED POS-DEF BY ADDING 2.531817 TO DIAGONAL.
 MINUIT WARNING IN MIGRAD  
 ============== Negative diagonal element 1 in Error Matrix
 MINUIT WARNING IN MIGRAD  
 ============== 1.00326 added to diagonal of error matrix
 MINUIT WARNING IN MIGRAD  
 ============== Negative diagonal element 1 in Error Matrix
 MINUIT WARNING IN MIGRAD  
 ============== 1.00012 added to diagonal of error matrix
 MINUIT WARNING IN HESSE   
 ============== Negative diagonal element 1 in Error Matrix
 MINUIT WARNING IN HESSE   
 ============== 4445.76 added to diagonal of error matrix
 MINUIT WARNING IN HESSE   
 ============== Negative diagonal element 1 in Error Matrix
 MINUIT WARNING IN HESSE   
 ============== 1495.64 added to diagonal of error matrix
 EIGENVALUES OF SECOND-DERIVATIVE MATRIX:
        -8.1483e+01  8.3483e+01
 MINUIT WARNING IN HESSE   
 ============== MATRIX FORCED POS-DEF BY ADDING 81.566919 TO DIAGONAL.
 EIGENVALUES OF SECOND-DERIVATIVE MATRIX:
        -4.9549e-01  2.4955e+00
 MINUIT WARNING IN HESSE   
 ============== MATRIX FORCED POS-DEF BY ADDING 0.497986 TO DIAGONAL.
 MINUIT WARNING IN MNContour 
 ============== Cannot find midpoint, try closer.
 MINUIT WARNING IN HESSE   
 ============== Negative diagonal element 1 in Error Matrix
 MINUIT WARNING IN HESSE   
 ============== 5790.01 added to diagonal of error matrix
 MINUIT WARNING IN MIGRAD  
 ============== Negative diagonal element 1 in Error Matrix
 MINUIT WARNING IN MIGRAD  
 ============== 1.00039 added to diagonal of error matrix
 MINUIT WARNING IN MIGRAD  
 ============== Negative diagonal element 1 in Error Matrix
 MINUIT WARNING IN MIGRAD  
 ============== Negative diagonal element 2 in Error Matrix
 MINUIT WARNING IN MIGRAD  
 ============== 1.05252 added to diagonal of error matrix
 MINUIT WARNING IN HESSE   
 ============== Negative diagonal element 1 in Error Matrix
 MINUIT WARNING IN HESSE   
 ============== 3752.86 added to diagonal of error matrix
 MINUIT WARNING IN HESSE   
 ============== Negative diagonal element 1 in Error Matrix
 MINUIT WARNING IN HESSE   
 ============== 12774.7 added to diagonal of error matrix
 MINUIT WARNING IN MIGRAD  
 ============== Negative diagonal element 2 in Error Matrix
 MINUIT WARNING IN MIGRAD  
 ============== 1 added to diagonal of error matrix
 MINUIT WARNING IN HESSE   
 ============== Negative diagonal element 1 in Error Matrix
 MINUIT WARNING IN HESSE   
 ============== 18003 added to diagonal of error matrix
 EIGENVALUES OF SECOND-DERIVATIVE MATRIX:
        -9.9267e+00  1.1927e+01
 MINUIT WARNING IN HESSE   
 ============== MATRIX FORCED POS-DEF BY ADDING 9.938642 TO DIAGONAL.
 MINUIT WARNING IN MIGRAD  
 ============== Negative diagonal element 1 in Error Matrix
 MINUIT WARNING IN MIGRAD  
 ============== 1.00194 added to diagonal of error matrix
 MNCONT CANNOT FIND NEXT POINT ON CONTOUR.  ONLY  14 POINTS FOUND.
 Y-AXIS: PARAMETER   2  y
                         X-AXIS: PARAMETER   1  x
   14 POINTS ON CONTOUR.   FMIN=  4.04354e+00   ERRDEF=       11.8
         xyxy
     1 -3.00646e-03  6.92460e-03              8  1.04506e-02  6.21470e-03
     2 -9.19044e-04  5.35701e-03              9  9.60390e-03  8.25373e-03
     3  1.66222e-03  4.96756e-03             10  7.18791e-03  9.83720e-03
     4  3.94369e-03  3.84699e-03             11  4.34177e-03  1.03311e-02
     5  6.39118e-03  3.16103e-03             12  2.80182e-03  8.13229e-03
     6  9.02094e-03  3.89016e-03             13  3.70171e-04  9.26957e-03
     7  1.00475e-02  4.86069e-03             14 -1.70982e-03  8.66108e-03
calling adam's find point with errordef 11.83
testing
initX = 0.00451508, initY = 0.00687598
 **********
 **   11 **SET ERRDEF        6.18
 **********
 START MNCONTOUR CALCULATION OF 3600 POINTS ON CONTOUR.
 EACH POINT IS A MINIMUM WITH RESPECT TO THE OTHER   2 VARIABLE PARAMETERS.
 EIGENVALUES OF SECOND-DERIVATIVE MATRIX:
        -1.3943e+00  3.3943e+00
 MINUIT WARNING IN HESSE   
 ============== MATRIX FORCED POS-DEF BY ADDING 1.397690 TO DIAGONAL.
 EIGENVALUES OF SECOND-DERIVATIVE MATRIX:
        -2.0681e-02  2.0207e+00
 MINUIT WARNING IN HESSE   
 ============== MATRIX FORCED POS-DEF BY ADDING 0.022702 TO DIAGONAL.
 MINUIT WARNING IN HESSE   
 ============== Negative diagonal element 1 in Error Matrix
 MINUIT WARNING IN HESSE   
 ============== 3137.19 added to diagonal of error matrix
 EIGENVALUES OF SECOND-DERIVATIVE MATRIX:
        -3.9586e-01  2.3959e+00
 MINUIT WARNING IN HESSE   
 ============== MATRIX FORCED POS-DEF BY ADDING 0.398254 TO DIAGONAL.
 MINUIT WARNING IN MIGRAD  
 ============== Negative diagonal element 1 in Error Matrix
 MINUIT WARNING IN MIGRAD  
 ============== 1.00116 added to diagonal of error matrix
 MINUIT WARNING IN HESSE   
 ============== Negative diagonal element 1 in Error Matrix
 MINUIT WARNING IN HESSE   
 ============== 391.594 added to diagonal of error matrix
 EIGENVALUES OF SECOND-DERIVATIVE MATRIX:
        -2.4797e+00  4.4797e+00
 MINUIT WARNING IN HESSE   
 ============== MATRIX FORCED POS-DEF BY ADDING 2.484190 TO DIAGONAL.
 MINUIT WARNING IN HESSE   
 ============== Negative diagonal element 1 in Error Matrix
 MINUIT WARNING IN HESSE   
 ============== 2080.49 added to diagonal of error matrix
 EIGENVALUES OF SECOND-DERIVATIVE MATRIX:
        -8.2285e+01  8.4285e+01
 MINUIT WARNING IN HESSE   
 ============== MATRIX FORCED POS-DEF BY ADDING 82.369463 TO DIAGONAL.
 MINUIT WARNING IN HESSE   
 ============== Negative diagonal element 1 in Error Matrix
 MINUIT WARNING IN HESSE   
 ============== 2084.58 added to diagonal of error matrix
 EIGENVALUES OF SECOND-DERIVATIVE MATRIX:
        -8.0740e+01  8.2740e+01
 MINUIT WARNING IN HESSE   
 ============== MATRIX FORCED POS-DEF BY ADDING 80.822825 TO DIAGONAL.
 MINUIT WARNING IN HESSE   
 ============== Negative diagonal element 1 in Error Matrix
 MINUIT WARNING IN HESSE   
 ============== 2084.58 added to diagonal of error matrix
 EIGENVALUES OF SECOND-DERIVATIVE MATRIX:
        -8.0724e+01  8.2724e+01
 MINUIT WARNING IN HESSE   
 ============== MATRIX FORCED POS-DEF BY ADDING 80.806236 TO DIAGONAL.
 MINUIT WARNING IN MNContour 
 ============== Cannot find midpoint, try closer.
 EIGENVALUES OF SECOND-DERIVATIVE MATRIX:
        -1.5732e+00  3.5732e+00
 MINUIT WARNING IN HESSE   
 ============== MATRIX FORCED POS-DEF BY ADDING 1.576783 TO DIAGONAL.
 MINUIT WARNING IN MIGRAD  
 ============== Negative diagonal element 2 in Error Matrix
 MINUIT WARNING IN MIGRAD  
 ============== 1 added to diagonal of error matrix
 MINUIT WARNING IN HESSE   
 ============== Negative diagonal element 1 in Error Matrix
 MINUIT WARNING IN HESSE   
 ============== 1951.56 added to diagonal of error matrix
 EIGENVALUES OF SECOND-DERIVATIVE MATRIX:
        -5.1363e+00  7.1363e+00
 MINUIT WARNING IN HESSE   
 ============== MATRIX FORCED POS-DEF BY ADDING 5.143435 TO DIAGONAL.
 MINUIT WARNING IN MIGRAD  
 ============== Negative diagonal element 1 in Error Matrix
 MINUIT WARNING IN MIGRAD  
 ============== 1.00105 added to diagonal of error matrix
 MINUIT WARNING IN HESSE   
 ============== Negative diagonal element 1 in Error Matrix
 MINUIT WARNING IN HESSE   
 ============== 730.472 added to diagonal of error matrix
 EIGENVALUES OF SECOND-DERIVATIVE MATRIX:
        -8.7031e+00  1.0703e+01
 MINUIT WARNING IN HESSE   
 ============== MATRIX FORCED POS-DEF BY ADDING 8.713821 TO DIAGONAL.
 MINUIT WARNING IN MIGRAD  
 ============== Negative diagonal element 1 in Error Matrix
 MINUIT WARNING IN MIGRAD  
 ============== 1.00521 added to diagonal of error matrix
 MINUIT WARNING IN MNContour 
 ============== Cannot find midpoint, try closer.
 MINUIT WARNING IN HESSE   
 ============== Negative diagonal element 1 in Error Matrix
 MINUIT WARNING IN HESSE   
 ============== 327.464 added to diagonal of error matrix
 EIGENVALUES OF SECOND-DERIVATIVE MATRIX:
        -5.9918e+01  6.1918e+01
 MINUIT WARNING IN HESSE   
 ============== MATRIX FORCED POS-DEF BY ADDING 59.979566 TO DIAGONAL.
 MNCONT CANNOT FIND NEXT POINT ON CONTOUR.  ONLY  13 POINTS FOUND.
 Y-AXIS: PARAMETER   2  y
                         X-AXIS: PARAMETER   1  x
   13 POINTS ON CONTOUR.   FMIN=  4.04354e+00   ERRDEF=       6.18
         xyxy
     1 -3.59719e-04  6.35074e-03              8  8.93351e-03  6.41841e-03
     2  9.65769e-04  5.50362e-03              9  8.36975e-03  7.81101e-03
     3  2.45779e-03  5.00520e-03             10  7.18324e-03  8.73262e-03
     4  3.91687e-03  4.41799e-03             11  4.35706e-03  9.38969e-03
     5  5.47451e-03  4.20010e-03             12  1.46774e-03  8.69428e-03
     6  6.62440e-03  4.31006e-03             13  4.96609e-04  7.56727e-03
     7  8.15200e-03  4.95567e-03
calling adam's find point with errordef 6.18
testing
initX = 0.00451508, initY = 0.00687598
 **********
 **   12 **SET ERRDEF         2.3
 **********
 START MNCONTOUR CALCULATION OF 3600 POINTS ON CONTOUR.
 EACH POINT IS A MINIMUM WITH RESPECT TO THE OTHER   2 VARIABLE PARAMETERS.
 MINUIT WARNING IN HESSE   
 ============== Negative diagonal element 1 in Error Matrix
 MINUIT WARNING IN HESSE   
 ============== 3267.11 added to diagonal of error matrix
 EIGENVALUES OF SECOND-DERIVATIVE MATRIX:
        -3.7061e+00  5.7061e+00
 MINUIT WARNING IN HESSE   
 ============== MATRIX FORCED POS-DEF BY ADDING 3.711824 TO DIAGONAL.
 MINUIT WARNING IN MIGRAD  
 ============== Negative diagonal element 1 in Error Matrix
 MINUIT WARNING IN MIGRAD  
 ============== 1.00154 added to diagonal of error matrix
 EIGENVALUES OF SECOND-DERIVATIVE MATRIX:
        -2.5440e+00  4.5440e+00
 MINUIT WARNING IN HESSE   
 ============== MATRIX FORCED POS-DEF BY ADDING 2.548525 TO DIAGONAL.
 EIGENVALUES OF SECOND-DERIVATIVE MATRIX:
        -1.3545e-01  2.1355e+00
 MINUIT WARNING IN HESSE   
 ============== MATRIX FORCED POS-DEF BY ADDING 0.137588 TO DIAGONAL.
 EIGENVALUES OF SECOND-DERIVATIVE MATRIX:
        -3.0842e-01  2.3084e+00
 MINUIT WARNING IN HESSE   
 ============== MATRIX FORCED POS-DEF BY ADDING 0.310724 TO DIAGONAL.
 MINUIT WARNING IN MIGRAD  
 ============== Negative diagonal element 1 in Error Matrix
 MINUIT WARNING IN MIGRAD  
 ============== Negative diagonal element 2 in Error Matrix
 MINUIT WARNING IN MIGRAD  
 ============== 1.00389 added to diagonal of error matrix
 EIGENVALUES OF SECOND-DERIVATIVE MATRIX:
        -8.8678e-01  2.8868e+00
 MINUIT WARNING IN HESSE   
 ============== MATRIX FORCED POS-DEF BY ADDING 0.889671 TO DIAGONAL.
 MINUIT WARNING IN HESSE   
 ============== Negative diagonal element 1 in Error Matrix
 MINUIT WARNING IN HESSE   
 ============== 5665.73 added to diagonal of error matrix
 EIGENVALUES OF SECOND-DERIVATIVE MATRIX:
        -1.4229e+00  3.4229e+00
 MINUIT WARNING IN HESSE   
 ============== MATRIX FORCED POS-DEF BY ADDING 1.426320 TO DIAGONAL.
 MINUIT WARNING IN MIGRAD  
 ============== Negative diagonal element 1 in Error Matrix
 MINUIT WARNING IN MIGRAD  
 ============== 1.00032 added to diagonal of error matrix
 MINUIT WARNING IN MNContour 
 ============== Cannot find midpoint, try closer.
 MINUIT WARNING IN HESSE   
 ============== Negative diagonal element 1 in Error Matrix
 MINUIT WARNING IN HESSE   
 ============== 10385 added to diagonal of error matrix
 MINUIT WARNING IN MIGRAD  
 ============== Negative diagonal element 1 in Error Matrix
 MINUIT WARNING IN MIGRAD  
 ============== 1.29575 added to diagonal of error matrix
 EIGENVALUES OF SECOND-DERIVATIVE MATRIX:
        -2.3451e-01  2.2345e+00
 MINUIT WARNING IN HESSE   
 ============== MATRIX FORCED POS-DEF BY ADDING 0.236743 TO DIAGONAL.
 MINUIT WARNING IN HESSE   
 ============== Negative diagonal element 1 in Error Matrix
 MINUIT WARNING IN HESSE   
 ============== 7278.81 added to diagonal of error matrix
 EIGENVALUES OF SECOND-DERIVATIVE MATRIX:
        -3.2926e+00  5.2926e+00
 MINUIT WARNING IN HESSE   
 ============== MATRIX FORCED POS-DEF BY ADDING 3.297862 TO DIAGONAL.
 MNCONT CANNOT FIND NEXT POINT ON CONTOUR.  ONLY  18 POINTS FOUND.
 Y-AXIS: PARAMETER   2  y
                         X-AXIS: PARAMETER   1  x
   18 POINTS ON CONTOUR.   FMIN=  4.04354e+00   ERRDEF=        2.3
         xyxy
     1  1.52963e-03  6.79767e-03             10  7.29433e-03  6.63167e-03
     2  1.71326e-03  6.31318e-03             11  7.18507e-03  7.09744e-03
     3  2.10714e-03  5.97657e-03             12  6.91452e-03  7.49200e-03
     4  3.02361e-03  5.56691e-03             13  6.15008e-03  8.03977e-03
     5  3.96736e-03  5.34006e-03             14  5.28457e-03  8.32974e-03
     6  4.93457e-03  5.25875e-03             15  4.37648e-03  8.42235e-03
     7  5.66383e-03  5.31405e-03             16  3.51336e-03  8.33822e-03
     8  6.36917e-03  5.50741e-03             17  2.68628e-03  8.07747e-03
     9  7.00364e-03  5.92809e-03             18  1.93895e-03  7.59031e-03
 MINUIT WARNING IN MIGRAD  
 ============== VARIABLE3 IS AT ITS LOWER ALLOWED LIMIT.
calling adam's find point with errordef 2.3
testing
initX = 0.00451508, initY = 0.00687598
drawing contour4
drawing contour3
drawing contour2
drawing contour1
 **********
 **   13 **SET ERRDEF           1
 **********
