This is pdfTeX, Version 3.1415926-2.3-1.40.12 (TeX Live 2011) (format=pdflatex 2011.7.3)  20 AUG 2013 14:41
entering extended mode
 \write18 enabled.
 file:line:error style messages enabled.
 %&-line parsing enabled.
**main.tex
(./main.tex
LaTeX2e <2009/09/24>
Babel <v3.8l> and hyphenation patterns for english, dumylang, nohyphenation, ge
rman-x-2009-06-19, ngerman-x-2009-06-19, afrikaans, ancientgreek, ibycus, arabi
c, armenian, basque, bulgarian, catalan, pinyin, coptic, croatian, czech, danis
h, dutch, ukenglish, usenglishmax, esperanto, estonian, ethiopic, farsi, finnis
h, french, galician, german, ngerman, swissgerman, monogreek, greek, hungarian,
 icelandic, assamese, bengali, gujarati, hindi, kannada, malayalam, marathi, or
iya, panjabi, tamil, telugu, indonesian, interlingua, irish, italian, kurmanji,
 lao, latin, latvian, lithuanian, mongolian, mongolianlmc, bokmal, nynorsk, pol
ish, portuguese, romanian, russian, sanskrit, serbian, serbianc, slovak, sloven
ian, spanish, swedish, turkish, turkmen, ukrainian, uppersorbian, welsh, loaded
.
(/usr/local/texlive/2011/texmf-dist/tex/latex/base/article.cls
Document Class: article 2007/10/19 v1.4h Standard LaTeX document class
(/usr/local/texlive/2011/texmf-dist/tex/latex/base/size12.clo
File: size12.clo 2007/10/19 v1.4h Standard LaTeX file (size option)
)
\c@part=\count79
\c@section=\count80
\c@subsection=\count81
\c@subsubsection=\count82
\c@paragraph=\count83
\c@subparagraph=\count84
\c@figure=\count85
\c@table=\count86
\abovecaptionskip=\skip41
\belowcaptionskip=\skip42
\bibindent=\dimen102
)
(/usr/local/texlive/2011/texmf-dist/tex/latex/base/ifthen.sty
Package: ifthen 2001/05/26 v1.1c Standard LaTeX ifthen package (DPC)
)
(/usr/local/texlive/2011/texmf-dist/tex/latex/graphics/graphicx.sty
Package: graphicx 1999/02/16 v1.0f Enhanced LaTeX Graphics (DPC,SPQR)

(/usr/local/texlive/2011/texmf-dist/tex/latex/graphics/keyval.sty
Package: keyval 1999/03/16 v1.13 key=value parser (DPC)
\KV@toks@=\toks14
)
(/usr/local/texlive/2011/texmf-dist/tex/latex/graphics/graphics.sty
Package: graphics 2009/02/05 v1.0o Standard LaTeX Graphics (DPC,SPQR)

(/usr/local/texlive/2011/texmf-dist/tex/latex/graphics/trig.sty
Package: trig 1999/03/16 v1.09 sin cos tan (DPC)
)
(/usr/local/texlive/2011/texmf-dist/tex/latex/latexconfig/graphics.cfg
File: graphics.cfg 2010/04/23 v1.9 graphics configuration of TeX Live
)
Package graphics Info: Driver file: pdftex.def on input line 91.

(/usr/local/texlive/2011/texmf-dist/tex/latex/pdftex-def/pdftex.def
File: pdftex.def 2011/05/27 v0.06d Graphics/color for pdfTeX

(/usr/local/texlive/2011/texmf-dist/tex/generic/oberdiek/infwarerr.sty
Package: infwarerr 2010/04/08 v1.3 Providing info/warning/message (HO)
)
(/usr/local/texlive/2011/texmf-dist/tex/generic/oberdiek/ltxcmds.sty
Package: ltxcmds 2011/04/18 v1.20 LaTeX kernel commands for general use (HO)
)
\Gread@gobject=\count87
))
\Gin@req@height=\dimen103
\Gin@req@width=\dimen104
)
(/usr/local/texlive/2011/texmf-dist/tex/latex/caption/caption.sty
Package: caption 2010/01/09 v3.1m Customizing captions (AR)

(/usr/local/texlive/2011/texmf-dist/tex/latex/caption/caption3.sty
Package: caption3 2010/01/14 v3.1m caption3 kernel (AR)
\captionmargin=\dimen105
\captionmargin@=\dimen106
\captionwidth=\dimen107
\caption@indent=\dimen108
\caption@parindent=\dimen109
\caption@hangindent=\dimen110
)
\c@ContinuedFloat=\count88
)
(/usr/local/texlive/2011/texmf-dist/tex/latex/caption/subcaption.sty
Package: subcaption 2008/08/31 v1.0b Adding subcaptions (AR)
\c@subfigure=\count89
\c@subtable=\count90
)
(./preamble.tex
(/usr/local/texlive/2011/texmf-dist/tex/latex/microtype/microtype.sty
Package: microtype 2010/01/10 v2.4 Micro-typography with pdfTeX (RS)
\MT@toks=\toks15
\MT@count=\count91
LaTeX Info: Redefining \lsstyle on input line 1597.
LaTeX Info: Redefining \lslig on input line 1597.
\MT@outer@space=\skip43
LaTeX Info: Redefining \textls on input line 1605.
\MT@outer@kern=\dimen111
LaTeX Info: Redefining \textmicrotypecontext on input line 2156.
Package microtype Info: Loading configuration file microtype.cfg.

(/usr/local/texlive/2011/texmf-dist/tex/latex/microtype/microtype.cfg
File: microtype.cfg 2010/01/10 v2.4 microtype main configuration file (RS)
))
(/usr/local/texlive/2011/texmf-dist/tex/latex/lineno/lineno.sty
Package: lineno 2005/11/02 line numbers on paragraphs v4.41
\linenopenalty=\count92
\output=\toks16
\linenoprevgraf=\count93
\linenumbersep=\dimen112
\linenumberwidth=\dimen113
\c@linenumber=\count94
\c@pagewiselinenumber=\count95
\c@LN@truepage=\count96
\c@internallinenumber=\count97
\c@internallinenumbers=\count98
\quotelinenumbersep=\dimen114
\bframerule=\dimen115
\bframesep=\dimen116
\bframebox=\box26
LaTeX Info: Redefining \\ on input line 3056.
)
(/usr/local/texlive/2011/texmf-dist/tex/latex/tools/xspace.sty
Package: xspace 2006/05/08 v1.12 Space after command names (DPC,MH)
)
(/usr/local/texlive/2011/texmf-dist/tex/latex/graphics/color.sty
Package: color 2005/11/14 v1.0j Standard LaTeX Color (DPC)

(/usr/local/texlive/2011/texmf-dist/tex/latex/latexconfig/color.cfg
File: color.cfg 2007/01/18 v1.5 color configuration of teTeX/TeXLive
)
Package color Info: Driver file: pdftex.def on input line 130.
)
(/usr/local/texlive/2011/texmf-dist/tex/latex/colortbl/colortbl.sty
Package: colortbl 2001/02/13 v0.1j Color table columns (DPC)

(/usr/local/texlive/2011/texmf-dist/tex/latex/tools/array.sty
Package: array 2008/09/09 v2.4c Tabular extension package (FMi)
\col@sep=\dimen117
\extrarowheight=\dimen118
\NC@list=\toks17
\extratabsurround=\skip44
\backup@length=\skip45
)
\everycr=\toks18
\minrowclearance=\skip46
)
(/usr/local/texlive/2011/texmf-dist/tex/latex/amsmath/amsmath.sty
Package: amsmath 2000/07/18 v2.13 AMS math features
\@mathmargin=\skip47

For additional information on amsmath, use the `?' option.
(/usr/local/texlive/2011/texmf-dist/tex/latex/amsmath/amstext.sty
Package: amstext 2000/06/29 v2.01

(/usr/local/texlive/2011/texmf-dist/tex/latex/amsmath/amsgen.sty
File: amsgen.sty 1999/11/30 v2.0
\@emptytoks=\toks19
\ex@=\dimen119
))
(/usr/local/texlive/2011/texmf-dist/tex/latex/amsmath/amsbsy.sty
Package: amsbsy 1999/11/29 v1.2d
\pmbraise@=\dimen120
)
(/usr/local/texlive/2011/texmf-dist/tex/latex/amsmath/amsopn.sty
Package: amsopn 1999/12/14 v2.01 operator names
)
\inf@bad=\count99
LaTeX Info: Redefining \frac on input line 211.
\uproot@=\count100
\leftroot@=\count101
LaTeX Info: Redefining \overline on input line 307.
\classnum@=\count102
\DOTSCASE@=\count103
LaTeX Info: Redefining \ldots on input line 379.
LaTeX Info: Redefining \dots on input line 382.
LaTeX Info: Redefining \cdots on input line 467.
\Mathstrutbox@=\box27
\strutbox@=\box28
\big@size=\dimen121
LaTeX Font Info:    Redeclaring font encoding OML on input line 567.
LaTeX Font Info:    Redeclaring font encoding OMS on input line 568.
\macc@depth=\count104
\c@MaxMatrixCols=\count105
\dotsspace@=\muskip10
\c@parentequation=\count106
\dspbrk@lvl=\count107
\tag@help=\toks20
\row@=\count108
\column@=\count109
\maxfields@=\count110
\andhelp@=\toks21
\eqnshift@=\dimen122
\alignsep@=\dimen123
\tagshift@=\dimen124
\tagwidth@=\dimen125
\totwidth@=\dimen126
\lineht@=\dimen127
\@envbody=\toks22
\multlinegap=\skip48
\multlinetaggap=\skip49
\mathdisplay@stack=\toks23
LaTeX Info: Redefining \[ on input line 2666.
LaTeX Info: Redefining \] on input line 2667.
)
(/usr/local/texlive/2011/texmf-dist/tex/latex/amsfonts/amssymb.sty
Package: amssymb 2009/06/22 v3.00

(/usr/local/texlive/2011/texmf-dist/tex/latex/amsfonts/amsfonts.sty
Package: amsfonts 2009/06/22 v3.00 Basic AMSFonts support
\symAMSa=\mathgroup4
\symAMSb=\mathgroup5
LaTeX Font Info:    Overwriting math alphabet `\mathfrak' in version `bold'
(Font)                  U/euf/m/n --> U/euf/b/n on input line 96.
))
(/usr/local/texlive/2011/texmf-dist/tex/latex/was/upgreek.sty
Package: upgreek 2003/02/12 v2.0 (WaS)
Package upgreek Info: Using Euler Roman for upright Greek on input line 31.
\symugrf@m=\mathgroup6
LaTeX Font Info:    Overwriting symbol font `ugrf@m' in version `bold'
(Font)                  U/eur/m/n --> U/eur/b/n on input line 38.
)
(/usr/local/texlive/2011/texmf-dist/tex/latex/hyperref/hyperref.sty
Package: hyperref 2011/04/17 v6.82g Hypertext links for LaTeX

(/usr/local/texlive/2011/texmf-dist/tex/generic/oberdiek/hobsub-hyperref.sty
Package: hobsub-hyperref 2011/04/23 v1.4 Bundle oberdiek, subset hyperref (HO)

(/usr/local/texlive/2011/texmf-dist/tex/generic/oberdiek/hobsub-generic.sty
Package: hobsub-generic 2011/04/23 v1.4 Bundle oberdiek, subset generic (HO)
Package: hobsub 2011/04/23 v1.4 Subsetting bundle oberdiek (HO)
Package hobsub Info: Skipping package `infwarerr' (already loaded).
Package hobsub Info: Skipping package `ltxcmds' (already loaded).
Package: ifluatex 2010/03/01 v1.3 Provides the ifluatex switch (HO)
Package ifluatex Info: LuaTeX not detected.
Package: ifvtex 2010/03/01 v1.5 Switches for detecting VTeX and its modes (HO)
Package ifvtex Info: VTeX not detected.
Package: intcalc 2007/09/27 v1.1 Expandable integer calculations (HO)
Package: ifpdf 2011/01/30 v2.3 Provides the ifpdf switch (HO)
Package ifpdf Info: pdfTeX in PDF mode is detected.
Package: etexcmds 2011/02/16 v1.5 Prefix for e-TeX command names (HO)
Package etexcmds Info: Could not find \expanded.
(etexcmds)             That can mean that you are not using pdfTeX 1.50 or
(etexcmds)             that some package has redefined \expanded.
(etexcmds)             In the latter case, load this package earlier.
Package: kvsetkeys 2011/04/07 v1.13 Key value parser (HO)
Package: kvdefinekeys 2011/04/07 v1.3 Defining keys (HO)
Package: pdftexcmds 2011/04/22 v0.16 Utilities of pdfTeX for LuaTeX (HO)
Package pdftexcmds Info: LuaTeX not detected.
Package pdftexcmds Info: \pdf@primitive is available.
Package pdftexcmds Info: \pdf@ifprimitive is available.
Package pdftexcmds Info: \pdfdraftmode found.
Package: pdfescape 2011/04/04 v1.12 Provides string conversions (HO)
Package: bigintcalc 2011/01/30 v1.2 Expandable big integer calculations (HO)
Package: bitset 2011/01/30 v1.1 Data type bit set (HO)
Package: uniquecounter 2011/01/30 v1.2 Provides unlimited unique counter (HO)
)
Package hobsub Info: Skipping package `hobsub' (already loaded).
Package: letltxmacro 2010/09/02 v1.4 Let assignment for LaTeX macros (HO)
Package: hopatch 2011/01/30 v1.0 Wrapper for package hooks (HO)
Package: xcolor-patch 2011/01/30 xcolor patch
Package: atveryend 2011/04/23 v1.7 Hooks at very end of document (HO)
Package atveryend Info: \enddocument detected (standard).
Package: atbegshi 2011/01/30 v1.15 At begin shipout hook (HO)
Package: refcount 2010/12/01 v3.2 Data extraction from references (HO)
Package: hycolor 2011/01/30 v1.7 Color options of hyperref/bookmark (HO)
)
(/usr/local/texlive/2011/texmf-dist/tex/generic/ifxetex/ifxetex.sty
Package: ifxetex 2010/09/12 v0.6 Provides ifxetex conditional
)
(/usr/local/texlive/2011/texmf-dist/tex/latex/oberdiek/kvoptions.sty
Package: kvoptions 2010/12/23 v3.10 Keyval support for LaTeX options (HO)
)
\@linkdim=\dimen128
\Hy@linkcounter=\count111
\Hy@pagecounter=\count112

(/usr/local/texlive/2011/texmf-dist/tex/latex/hyperref/pd1enc.def
File: pd1enc.def 2011/04/17 v6.82g Hyperref: PDFDocEncoding definition (HO)
)
\Hy@SavedSpaceFactor=\count113

(/usr/local/texlive/2011/texmf-dist/tex/latex/latexconfig/hyperref.cfg
File: hyperref.cfg 2002/06/06 v1.2 hyperref configuration of TeXLive
)
Package hyperref Info: Hyper figures OFF on input line 4026.
Package hyperref Info: Link nesting OFF on input line 4031.
Package hyperref Info: Hyper index ON on input line 4034.
Package hyperref Info: Plain pages OFF on input line 4041.
Package hyperref Info: Backreferencing OFF on input line 4046.
Package hyperref Info: Implicit mode ON; LaTeX internals redefined.
Package hyperref Info: Bookmarks ON on input line 4264.
\c@Hy@tempcnt=\count114

(/usr/local/texlive/2011/texmf-dist/tex/latex/url/url.sty
\Urlmuskip=\muskip11
Package: url 2006/04/12  ver 3.3  Verb mode for urls, etc.
)
LaTeX Info: Redefining \url on input line 4617.
\Fld@menulength=\count115
\Field@Width=\dimen129
\Fld@charsize=\dimen130
Package hyperref Info: Hyper figures OFF on input line 5701.
Package hyperref Info: Link nesting OFF on input line 5706.
Package hyperref Info: Hyper index ON on input line 5709.
Package hyperref Info: backreferencing OFF on input line 5716.
Package hyperref Info: Link coloring OFF on input line 5721.
Package hyperref Info: Link coloring with OCG OFF on input line 5726.
Package hyperref Info: PDF/A mode OFF on input line 5731.
LaTeX Info: Redefining \ref on input line 5771.
LaTeX Info: Redefining \pageref on input line 5775.
\Hy@abspage=\count116
\c@Item=\count117
\c@Hfootnote=\count118
)

Package hyperref Message: Driver (autodetected): hpdftex.

(/usr/local/texlive/2011/texmf-dist/tex/latex/hyperref/hpdftex.def
File: hpdftex.def 2011/04/17 v6.82g Hyperref driver for pdfTeX
\Fld@listcount=\count119
\c@bookmark@seq@number=\count120

(/usr/local/texlive/2011/texmf-dist/tex/latex/oberdiek/rerunfilecheck.sty
Package: rerunfilecheck 2011/04/15 v1.7 Rerun checks for auxiliary files (HO)
Package uniquecounter Info: New unique counter `rerunfilecheck' on input line 2
82.
)
\Hy@SectionHShift=\skip50
)
(/usr/local/texlive/2011/texmf-dist/tex/latex/oberdiek/hypcap.sty
Package: hypcap 2011/02/16 v1.11 Adjusting anchors of captions (HO)
)
(./lhcb-symbols-def.tex) (./cite.sty
LaTeX Info: Redefining \cite on input line 302.
LaTeX Info: Redefining \nocite on input line 373.
Package: cite 2010/09/10  v 5.3
)) (./mciteplus.sty
Package: mciteplus 2008/09/30 v1.1 enhanced mcite
\@mcitetmptoksA=\toks24
\@mcitetmpdima=\dimen131
\@mcitetmpdimb=\dimen132
\@mcitetmpcnta=\count121
\@mcitetmpcntb=\count122
\c@mcitebibitemcount=\count123
\c@mcitesubitemcount=\count124

** mciteplus: Detected cite.sty. Invoking hooks.
) (./main.aux

LaTeX Warning: Label `fig:xy_all_cpv_no_agamma' multiply defined.


LaTeX Warning: Label `sub@fig:xy_all_cpv_no_agamma' multiply defined.


LaTeX Warning: Label `fig:xy_all_cpv_with_agamma' multiply defined.


LaTeX Warning: Label `sub@fig:xy_all_cpv_with_agamma' multiply defined.


LaTeX Warning: Label `fig:xy_all_cpv_no_agamma' multiply defined.


LaTeX Warning: Label `sub@fig:xy_all_cpv_no_agamma' multiply defined.


LaTeX Warning: Label `fig:xy_all_cpv_with_agamma' multiply defined.


LaTeX Warning: Label `sub@fig:xy_all_cpv_with_agamma' multiply defined.


LaTeX Warning: Label `fig:xy_all_cpv_no_agamma' multiply defined.


LaTeX Warning: Label `sub@fig:xy_all_cpv_no_agamma' multiply defined.


LaTeX Warning: Label `fig:xy_all_cpv_with_agamma' multiply defined.


LaTeX Warning: Label `sub@fig:xy_all_cpv_with_agamma' multiply defined.


LaTeX Warning: Label `fig:xy_all_variations' multiply defined.

)
\openout1 = `main.aux'.

LaTeX Font Info:    Checking defaults for OML/cmm/m/it on input line 34.
LaTeX Font Info:    ... okay on input line 34.
LaTeX Font Info:    Checking defaults for T1/cmr/m/n on input line 34.
LaTeX Font Info:    ... okay on input line 34.
LaTeX Font Info:    Checking defaults for OT1/cmr/m/n on input line 34.
LaTeX Font Info:    ... okay on input line 34.
LaTeX Font Info:    Checking defaults for OMS/cmsy/m/n on input line 34.
LaTeX Font Info:    ... okay on input line 34.
LaTeX Font Info:    Checking defaults for OMX/cmex/m/n on input line 34.
LaTeX Font Info:    ... okay on input line 34.
LaTeX Font Info:    Checking defaults for U/cmr/m/n on input line 34.
LaTeX Font Info:    ... okay on input line 34.
LaTeX Font Info:    Checking defaults for PD1/pdf/m/n on input line 34.
LaTeX Font Info:    ... okay on input line 34.
 (/usr/local/texlive/2011/texmf-dist/tex/context/base/supp-pdf.mkii
[Loading MPS to PDF converter (version 2006.09.02).]
\scratchcounter=\count125
\scratchdimen=\dimen133
\scratchbox=\box29
\nofMPsegments=\count126
\nofMParguments=\count127
\everyMPshowfont=\toks25
\MPscratchCnt=\count128
\MPscratchDim=\dimen134
\MPnumerator=\count129
\makeMPintoPDFobject=\count130
\everyMPtoPDFconversion=\toks26
) (/usr/local/texlive/2011/texmf-dist/tex/latex/oberdiek/epstopdf-base.sty
Package: epstopdf-base 2010/02/09 v2.5 Base part for package epstopdf

(/usr/local/texlive/2011/texmf-dist/tex/latex/oberdiek/grfext.sty
Package: grfext 2010/08/19 v1.1 Managing graphics extensions (HO)
)
Package grfext Info: Graphics extension search list:
(grfext)             [.png,.pdf,.jpg,.mps,.jpeg,.jbig2,.jb2,.PNG,.PDF,.JPG,.JPE
G,.JBIG2,.JB2,.eps]
(grfext)             \AppendGraphicsExtensions on input line 452.

(/usr/local/texlive/2011/texmf-dist/tex/latex/latexconfig/epstopdf-sys.cfg
File: epstopdf-sys.cfg 2010/07/13 v1.3 Configuration of (r)epstopdf for TeX Liv
e
))
Package caption Info: Begin \AtBeginDocument code.
Package caption Info: hyperref package is loaded.
Package caption Info: hypcap package is loaded.
Package caption Info: End \AtBeginDocument code.
LaTeX Info: Redefining \microtypecontext on input line 34.
Package microtype Info: Generating PDF output.
Package microtype Info: Character protrusion enabled (level 2).
Package microtype Info: Using default protrusion set `alltext'.
Package microtype Info: Automatic font expansion enabled (level 2),
(microtype)             stretch: 20, shrink: 20, step: 1, non-selected.
Package microtype Info: Using default expansion set `basictext'.
Package microtype Info: No tracking.
Package microtype Info: No adjustment of interword spacing.
Package microtype Info: No adjustment of character kerning.

(/usr/local/texlive/2011/texmf-dist/tex/latex/microtype/mt-cmr.cfg
File: mt-cmr.cfg 2009/11/09 v2.0 microtype config. file: Computer Modern Roman 
(RS)
)
\AtBeginShipoutBox=\box30
Package hyperref Info: Link coloring OFF on input line 34.

(/usr/local/texlive/2011/texmf-dist/tex/latex/hyperref/nameref.sty
Package: nameref 2010/04/30 v2.40 Cross-referencing by name of section

(/usr/local/texlive/2011/texmf-dist/tex/generic/oberdiek/gettitlestring.sty
Package: gettitlestring 2010/12/03 v1.4 Cleanup title references (HO)
)
\c@section@level=\count131
)
LaTeX Info: Redefining \ref on input line 34.
LaTeX Info: Redefining \pageref on input line 34.
LaTeX Info: Redefining \nameref on input line 34.

(./main.out) (./main.out)
\@outlinefile=\write3
\openout3 = `main.out'.

 (./title-LHCb-INT.tex
LaTeX Font Info:    Try loading font information for U+msa on input line 19.

(/usr/local/texlive/2011/texmf-dist/tex/latex/amsfonts/umsa.fd
File: umsa.fd 2009/06/22 v3.00 AMS symbols A
)
(/usr/local/texlive/2011/texmf-dist/tex/latex/microtype/mt-msa.cfg
File: mt-msa.cfg 2006/02/04 v1.1 microtype config. file: AMS symbols (a) (RS)
)
LaTeX Font Info:    Try loading font information for U+msb on input line 19.

(/usr/local/texlive/2011/texmf-dist/tex/latex/amsfonts/umsb.fd
File: umsb.fd 2009/06/22 v3.00 AMS symbols B
)
(/usr/local/texlive/2011/texmf-dist/tex/latex/microtype/mt-msb.cfg
File: mt-msb.cfg 2005/06/01 v1.0 microtype config. file: AMS symbols (b) (RS)
)
(/usr/local/texlive/2011/texmf-dist/tex/latex/microtype/mt-eur.cfg
File: mt-eur.cfg 2006/07/31 v1.1 microtype config. file: AMS Euler Roman (RS)
)
<figs/lhcb-logo.pdf, id=36, 87.32625pt x 60.225pt>
File: figs/lhcb-logo.pdf Graphic file (type pdf)
 <use figs/lhcb-logo.pdf>
Package pdftex.def Info: figs/lhcb-logo.pdf used on input line 22.
(pdftex.def)             Requested size: 63.73389pt x 43.95468pt.

Overfull \hbox (6.00954pt too wide) in paragraph at lines 18--31
[]|  [] 
 []

LaTeX Font Info:    Try loading font information for OMS+cmr on input line 68.
(/usr/local/texlive/2011/texmf-dist/tex/latex/base/omscmr.fd
File: omscmr.fd 1999/05/25 v2.5h Standard LaTeX font definitions
)
LaTeX Font Info:    Font shape `OMS/cmr/m/n' in size <10> not available
(Font)              Font shape `OMS/cmsy/m/n' tried instead on input line 68.
 [1

{/usr/local/texlive/2011/texmf-var/fonts/map/pdftex/updmap/pdftex.map} <./figs/
lhcb-logo.pdf>]) (./main.toc)
\tf@toc=\write4
\openout4 = `main.toc'.

 (./introduction.tex) (./chi2_calc.tex) (./fit_variants.tex
[1

]
LaTeX Font Info:    Font shape `OMS/cmr/m/n' in size <12> not available
(Font)              Font shape `OMS/cmsy/m/n' tried instead on input line 6.
 [2]) (./measurements.tex

LaTeX Warning: Reference `blah' on page 3 undefined on input line 6.


LaTeX Warning: Reference `table:all_cpv_meas' on page 3 undefined on input line
 8.

(./nocpv_inputs_out.tex) (./allcpv_inputs_gen.tex)) (./results.tex
<./figs/finalplot_nocpv__graph.pdf, id=91, 569.12625pt x 569.12625pt>
File: ./figs/finalplot_nocpv__graph.pdf Graphic file (type pdf)

<use ./figs/finalplot_nocpv__graph.pdf>
Package pdftex.def Info: ./figs/finalplot_nocpv__graph.pdf used on input line 1
5.
(pdftex.def)             Requested size: 182.09485pt x 182.09807pt.

<./figs/finalplot_nocpv_belle_babar_graph.pdf, id=92, 569.12625pt x 569.12625pt
>
File: ./figs/finalplot_nocpv_belle_babar_graph.pdf Graphic file (type pdf)
 <use ./figs/finalplot_nocpv_belle_babar_graph.pdf>
Package pdftex.def Info: ./figs/finalplot_nocpv_belle_babar_graph.pdf used on i
nput line 23.
(pdftex.def)             Requested size: 182.09485pt x 182.09807pt.

<./figs/finalplot_nocpv_belle_babar_cdf_graph.pdf, id=93, 569.12625pt x 569.126
25pt>
File: ./figs/finalplot_nocpv_belle_babar_cdf_graph.pdf Graphic file (type pdf)
 <use ./figs/finalplot_nocpv_belle_babar_cdf_graph.pdf>
Package pdftex.def Info: ./figs/finalplot_nocpv_belle_babar_cdf_graph.pdf used 
on input line 30.
(pdftex.def)             Requested size: 182.09485pt x 182.09807pt.

<./figs/finalplot_allcpv_no_belle_babar_graph_hfag_agamma.pdf, id=94, 569.12625
pt x 569.12625pt>
File: ./figs/finalplot_allcpv_no_belle_babar_graph_hfag_agamma.pdf Graphic file
 (type pdf)

<use ./figs/finalplot_allcpv_no_belle_babar_graph_hfag_agamma.pdf>
Package pdftex.def Info: ./figs/finalplot_allcpv_no_belle_babar_graph_hfag_agam
ma.pdf used on input line 48.
(pdftex.def)             Requested size: 182.09485pt x 182.09807pt.

<./figs/finalplot_allcpv_no_belle_babar_graph_lhcb_agamma.pdf, id=95, 569.12625
pt x 569.12625pt>
File: ./figs/finalplot_allcpv_no_belle_babar_graph_lhcb_agamma.pdf Graphic file
 (type pdf)

<use ./figs/finalplot_allcpv_no_belle_babar_graph_lhcb_agamma.pdf>
Package pdftex.def Info: ./figs/finalplot_allcpv_no_belle_babar_graph_lhcb_agam
ma.pdf used on input line 55.
(pdftex.def)             Requested size: 182.09485pt x 182.09807pt.

<./figs/finalplot_allcpv_no_belle_babar_cdf_graph_hfag_agamma.pdf, id=96, 569.1
2625pt x 569.12625pt>
File: ./figs/finalplot_allcpv_no_belle_babar_cdf_graph_hfag_agamma.pdf Graphic 
file (type pdf)

<use ./figs/finalplot_allcpv_no_belle_babar_cdf_graph_hfag_agamma.pdf>
Package pdftex.def Info: ./figs/finalplot_allcpv_no_belle_babar_cdf_graph_hfag_
agamma.pdf used on input line 64.
(pdftex.def)             Requested size: 182.09485pt x 182.09807pt.

<./figs/finalplot_allcpv_no_belle_babar_cdf_graph_lhcb_agamma.pdf, id=97, 569.1
2625pt x 569.12625pt>
File: ./figs/finalplot_allcpv_no_belle_babar_cdf_graph_lhcb_agamma.pdf Graphic 
file (type pdf)

<use ./figs/finalplot_allcpv_no_belle_babar_cdf_graph_lhcb_agamma.pdf>
Package pdftex.def Info: ./figs/finalplot_allcpv_no_belle_babar_cdf_graph_lhcb_
agamma.pdf used on input line 71.
(pdftex.def)             Requested size: 182.09485pt x 182.09807pt.

<./figs/finalplot_allcpv_no_belle_babar_graph_qop_phi_hfag_agamma.pdf, id=98, 5
69.12625pt x 569.12625pt>
File: ./figs/finalplot_allcpv_no_belle_babar_graph_qop_phi_hfag_agamma.pdf Grap
hic file (type pdf)

<use ./figs/finalplot_allcpv_no_belle_babar_graph_qop_phi_hfag_agamma.pdf>
Package pdftex.def Info: ./figs/finalplot_allcpv_no_belle_babar_graph_qop_phi_h
fag_agamma.pdf used on input line 86.
(pdftex.def)             Requested size: 182.09485pt x 182.09807pt.

<./figs/finalplot_allcpv_no_belle_babar_graph_qop_phi_lhcb_agamma.pdf, id=99, 5
69.12625pt x 569.12625pt>
File: ./figs/finalplot_allcpv_no_belle_babar_graph_qop_phi_lhcb_agamma.pdf Grap
hic file (type pdf)

<use ./figs/finalplot_allcpv_no_belle_babar_graph_qop_phi_lhcb_agamma.pdf>
Package pdftex.def Info: ./figs/finalplot_allcpv_no_belle_babar_graph_qop_phi_l
hcb_agamma.pdf used on input line 93.
(pdftex.def)             Requested size: 182.09485pt x 182.09807pt.

<./figs/finalplot_allcpv_no_belle_babar_cdf_graph_qop_phi_hfag_agamma.pdf, id=1
00, 569.12625pt x 569.12625pt>
File: ./figs/finalplot_allcpv_no_belle_babar_cdf_graph_qop_phi_hfag_agamma.pdf 
Graphic file (type pdf)

<use ./figs/finalplot_allcpv_no_belle_babar_cdf_graph_qop_phi_hfag_agamma.pdf>
Package pdftex.def Info: ./figs/finalplot_allcpv_no_belle_babar_cdf_graph_qop_p
hi_hfag_agamma.pdf used on input line 101.
(pdftex.def)             Requested size: 182.09485pt x 182.09807pt.

<./figs/finalplot_allcpv_no_belle_babar_cdf_graph_qop_phi_lhcb_agamma.pdf, id=1
01, 569.12625pt x 569.12625pt>
File: ./figs/finalplot_allcpv_no_belle_babar_cdf_graph_qop_phi_lhcb_agamma.pdf 
Graphic file (type pdf)

<use ./figs/finalplot_allcpv_no_belle_babar_cdf_graph_qop_phi_lhcb_agamma.pdf>
Package pdftex.def Info: ./figs/finalplot_allcpv_no_belle_babar_cdf_graph_qop_p
hi_lhcb_agamma.pdf used on input line 108.
(pdftex.def)             Requested size: 182.09485pt x 182.09807pt.
) (./conclusion.tex) [3]
Package atveryend Info: Empty hook `BeforeClearDocument' on input line 108.
 [4] [5 <./figs/finalplot_nocpv__graph.pdf> <./figs/finalplot_nocpv_belle_babar
_graph.pdf> <./figs/finalplot_nocpv_belle_babar_cdf_graph.pdf>] [6] [7 <./figs/
finalplot_allcpv_no_belle_babar_graph_hfag_agamma.pdf> <./figs/finalplot_allcpv
_no_belle_babar_graph_lhcb_agamma.pdf> <./figs/finalplot_allcpv_no_belle_babar_
cdf_graph_hfag_agamma.pdf> <./figs/finalplot_allcpv_no_belle_babar_cdf_graph_lh
cb_agamma.pdf>] [8 <./figs/finalplot_allcpv_no_belle_babar_graph_qop_phi_hfag_a
gamma.pdf> <./figs/finalplot_allcpv_no_belle_babar_graph_qop_phi_lhcb_agamma.pd
f> <./figs/finalplot_allcpv_no_belle_babar_cdf_graph_qop_phi_hfag_agamma.pdf> <
./figs/finalplot_allcpv_no_belle_babar_cdf_graph_qop_phi_lhcb_agamma.pdf>]
Package atveryend Info: Empty hook `AfterLastShipout' on input line 108.
 (./main.aux)
Package atveryend Info: Executing hook `AtVeryEndDocument' on input line 108.
Package atveryend Info: Executing hook `AtEndAfterFileList' on input line 108.
Package rerunfilecheck Info: File `main.out' has not changed.
(rerunfilecheck)             Checksum: B405D959DC5680254B47C422A37D118A;435.


LaTeX Warning: There were undefined references.


LaTeX Warning: There were multiply-defined labels.

Package atveryend Info: Empty hook `AtVeryVeryEnd' on input line 108.
 ) 
Here is how much of TeX's memory you used:
 9990 strings out of 493633
 149964 string characters out of 3143378
 292290 words of memory out of 3000000
 13039 multiletter control sequences out of 15000+200000
 22645 words of font info for 106 fonts, out of 3000000 for 9000
 831 hyphenation exceptions out of 8191
 36i,14n,38p,392b,528s stack positions out of 5000i,500n,10000p,200000b,50000s
</usr/local/texlive/2011/texmf-dist/fonts/type1/public/amsfonts/cm/cmbx10.pfb
></usr/local/texlive/2011/texmf-dist/fonts/type1/public/amsfonts/cm/cmbx12.pfb>
</usr/local/texlive/2011/texmf-dist/fonts/type1/public/amsfonts/cm/cmex10.pfb><
/usr/local/texlive/2011/texmf-dist/fonts/type1/public/amsfonts/cm/cmmi10.pfb></
usr/local/texlive/2011/texmf-dist/fonts/type1/public/amsfonts/cm/cmmi12.pfb></u
sr/local/texlive/2011/texmf-dist/fonts/type1/public/amsfonts/cm/cmmi6.pfb></usr
/local/texlive/2011/texmf-dist/fonts/type1/public/amsfonts/cm/cmmi8.pfb></usr/l
ocal/texlive/2011/texmf-dist/fonts/type1/public/amsfonts/cm/cmmib10.pfb></usr/l
ocal/texlive/2011/texmf-dist/fonts/type1/public/amsfonts/cm/cmr10.pfb></usr/loc
al/texlive/2011/texmf-dist/fonts/type1/public/amsfonts/cm/cmr12.pfb></usr/local
/texlive/2011/texmf-dist/fonts/type1/public/amsfonts/cm/cmr6.pfb></usr/local/te
xlive/2011/texmf-dist/fonts/type1/public/amsfonts/cm/cmr7.pfb></usr/local/texli
ve/2011/texmf-dist/fonts/type1/public/amsfonts/cm/cmr8.pfb></usr/local/texlive/
2011/texmf-dist/fonts/type1/public/amsfonts/cm/cmss8.pfb></usr/local/texlive/20
11/texmf-dist/fonts/type1/public/amsfonts/cm/cmsy10.pfb></usr/local/texlive/201
1/texmf-dist/fonts/type1/public/amsfonts/cm/cmsy6.pfb></usr/local/texlive/2011/
texmf-dist/fonts/type1/public/amsfonts/cm/cmsy8.pfb></usr/local/texlive/2011/te
xmf-dist/fonts/type1/public/amsfonts/cm/cmti12.pfb></usr/local/texlive/2011/tex
mf-dist/fonts/type1/public/amsfonts/cm/cmtt10.pfb>
Output written on main.pdf (9 pages, 1053222 bytes).
PDF statistics:
 680 PDF objects out of 1000 (max. 8388607)
 359 compressed objects within 4 object streams
 29 named destinations out of 1000 (max. 500000)
 17021 words of extra memory for PDF output out of 17280 (max. 10000000)

