fitresult : 0 +/- 0 (0, 0, 0) 1 plainx 0 none 3 
hfag_ycp : 0.00866 +/- 0.00155 (0.00155, 0, 0) 1 ycp 2 none 3 
hfag_agamma : -0.00022 +/- 0.00161 (0.00161, 0, 0) 1 agamma 3 none 3 
lhcb_agamma_kk : -0.00035 +/- 0.000631506 (0.00062, 0.00012, 0) 1 agamma 3 none 3 
lhcb_agamma_pipi : 0.00033 +/- 0.00106921 (0.00106, 0.00014, 0) 1 agamma 3 none 3 
lhcb_xp2 : -9e-05 +/- 0.00013 (0.00013, 0, 0) 1 xprime 4 kpi 0 
lhcb_yprime : 0.0072 +/- 0.0024 (0.0024, 0, 0) 1 yprime 7 kpi 0 
lhcb_rd : 0.00352 +/- 0.00015 (0.00015, 0, 0) 1 rsubd 16 none 3 
belle_kspipi_x : 0.00811 +/- 0.00334 (0.00334, 0, 0) 1 plainx 0 none 3 
belle_kspipi_y : 0.00309 +/- 0.00281 (0.00281, 0, 0) 1 plainy 1 none 3 
belle_qoverp : 0.95 +/- 0.241661 (0.22, 0.1, 0) 1 qoverp 18 none 3 
belle_phi : -0.035 +/- 0.210238 (0.19, 0.09, 0) 1 phi 19 none 3 
cleo_rd : 0.00533 +/- 0.00116078 (0.00107, 0.00045, 0) 1 rsubd 16 none 3 
cleo_x2 : 0.0006 +/- 0.00254951 (0.0023, 0.0011, 0) 1 xsquare 20 kpi 0 
cleo_y : 0.042 +/- 0.0223607 (0.02, 0.01, 0) 1 plainy 1 kpi 0 
cleo_cosd : 0.81 +/- 0.208806 (0.2, 0.06, 0) 1 cosangle 10 kpi 0 
cleo_sind : -0.01 +/- 0.411947 (0.41, 0.04, 0) 1 sinangle 11 kpi 0 
cdf_rd : 0.00304 +/- 0.00055 (0.00055, 0, 0) 1 rsubd 16 none 3 
cdf_xp2 : -0.00012 +/- 0.00035 (0.00035, 0, 0) 1 xprime 4 kpi 0 
cdf_yprime : 0.0085 +/- 0.0076 (0.0076, 0, 0) 1 yprime 7 kpi 0 
belle_rd : 0.00364 +/- 0.00018 (0.00018, 0, 0) 1 rsubd 16 none 3 
belle_xp2_m : 6e-05 +/- 0.00034 (0.00034, 0, 0) 1 xprimem 6 kpi 0 
belle_yprime_m : 0.002 +/- 0.0054 (0.0054, 0, 0) 1 yprimem 9 kpi 0 
belle_xp2_p : 0.00032 +/- 0.00037 (0.00037, 0, 0) 1 xprimep 5 kpi 0 
belle_yprime_p : -0.0012 +/- 0.0058 (0.0058, 0, 0) 1 yprimep 8 kpi 0 
babar_rd : 0.00303 +/- 0.000189 (0.000189, 0, 0) 1 rsubd 16 none 3 
babar_xp2_m : -0.0002 +/- 0.0005 (0.0005, 0, 0) 1 xprimem 6 kpi 0 
babar_yprime_m : 0.0096 +/- 0.0075 (0.0075, 0, 0) 1 yprimem 9 kpi 0 
babar_xp2_p : -0.00024 +/- 0.00052 (0.00052, 0, 0) 1 xprimep 5 kpi 0 
babar_yprime_p : 0.0098 +/- 0.0078 (0.0078, 0, 0) 1 yprimep 8 kpi 0 
babar_kspipi_x : 0.0016 +/- 0.00271477 (0.0023, 0.0012, 0.0008) 1 plainx 0 none 3 
babar_kspipi_y : 0.0057 +/- 0.00248596 (0.002, 0.0013, 0.0007) 1 plainy 1 none 3 
Activating result: hfag_ycp
Activating result: hfag_agamma
Activating result: lhcb_rd
Activating result: lhcb_yprime
Activating result: lhcb_xp2
Activating result: belle_kspipi_x
Activating result: belle_kspipi_y
Activating result: belle_qoverp
Activating result: belle_phi
Activating result: cleo_cosd
Activating result: cleo_sind
Activating result: cleo_rd
Activating result: cleo_x2
Activating result: cleo_y
Activating result: cdf_rd
Activating result: cdf_xp2
Activating result: cdf_yprime
Activating result: babar_rd
Activating result: babar_xp2_m
Activating result: babar_yprime_m
Activating result: babar_xp2_p
Activating result: babar_yprime_p
Activating result: belle_rd
Activating result: belle_xp2_m
Activating result: belle_yprime_m
Activating result: belle_xp2_p
Activating result: belle_yprime_p
Activating result: babar_kspipi_x
Activating result: babar_kspipi_y
Following results will be used in fit: 
  hfag_ycp
  hfag_agamma
  lhcb_xp2
  lhcb_yprime
  lhcb_rd
  belle_kspipi_x
  belle_kspipi_y
  belle_qoverp
  belle_phi
  cleo_rd
  cleo_x2
  cleo_y
  cleo_cosd
  cleo_sind
  cdf_rd
  cdf_xp2
  cdf_yprime
  belle_rd
  belle_xp2_m
  belle_yprime_m
  belle_xp2_p
  belle_yprime_p
  babar_rd
  babar_xp2_m
  babar_yprime_m
  babar_xp2_p
  babar_yprime_p
  babar_kspipi_x
  babar_kspipi_y
lhcb_xp2 is sensitive to x
hfag_ycp is sensitive to y
lhcb_xp2 is sensitive to deltaKpi
lhcb_rd is sensitive to rsubdm
hfag_ycp is sensitive to qoverp
 PARAMETER DEFINITIONS:
    NO.   NAME         VALUE      STEP SIZE      LIMITS
     1 x            1.20000e-03  1.00000e-04   -1.00000e-01  1.50000e-01
     2 y            7.00000e-03  1.00000e-04   -1.00000e-01  1.50000e-01
     3 deltaKpi     3.00000e-01  1.00000e-02   -1.60000e+00  2.60000e+00
     4 deltaKpipi0   3.90000e-01  1.00000e-02   -3.00000e+00  2.00000e+00
 **********
 **    1 **FIX           4
 **********
 PARAMETER DEFINITIONS:
    NO.   NAME         VALUE      STEP SIZE      LIMITS
     5 phi          0.00000e+00  1.00000e-03   -3.15000e+00  3.15000e+00
 **********
 **    2 **FIX           5
 **********
 PARAMETER DEFINITIONS:
    NO.   NAME         VALUE      STEP SIZE      LIMITS
     6 rsubdm       3.40000e-03  1.00000e-04   -1.00000e-02  1.00000e-02
     7 rsubdp       3.40000e-03  1.00000e-04   -1.00000e-02  1.00000e-02
 **********
 **    3 **FIX           7
 **********
 PARAMETER DEFINITIONS:
    NO.   NAME         VALUE      STEP SIZE      LIMITS
     8 qoverp       1.00000e+00  1.00000e-02    2.50000e-01  1.90000e+00
 **********
 **    4 **SET STR            2
 **********
 NOW USING STRATEGY  2: MAKE SURE MINIMUM TRUE, ERRORS CORRECT  
 **********
 **    5 **MIGRAD
 **********
 FIRST CALL TO USER FUNCTION AT NEW START POINT, WITH IFLAG=4.
 START MIGRAD MINIMIZATION.  STRATEGY  2.  CONVERGENCE WHEN EDM .LT. 1.00e-04
 EIGENVALUES OF SECOND-DERIVATIVE MATRIX:
        -6.2086e-02  1.4673e-01  3.3366e-01  1.0007e+00  3.5810e+00
 MINUIT WARNING IN HESSE   
 ============== MATRIX FORCED POS-DEF BY ADDING 0.065667 TO DIAGONAL.
 FCN=46.5398 FROM HESSE     STATUS=NOT POSDEF     41 CALLS          42 TOTAL
                     EDM=127.497    STRATEGY= 2      ERR MATRIX NOT POS-DEF
  EXT PARAMETER                APPROXIMATE        STEP         FIRST   
  NO.   NAME      VALUE            ERROR          SIZE      DERIVATIVE 
   1  x            1.20000e-03   1.06582e-02   7.93950e-04   9.47471e+01
   2  y            7.00000e-03   4.31746e-04   2.06192e-04  -8.84181e+02
   3  deltaKpi     3.00000e-01   8.65998e-01   3.87153e-03   7.08873e+01
   4  deltaKpipi0   3.90000e-01     fixed    
   5  phi          0.00000e+00     fixed    
   6  rsubdm       3.40000e-03   5.51644e-05   3.76606e-04  -1.74793e+03
   7  rsubdp       3.40000e-03     fixed    
   8  qoverp       1.00000e+00   1.17151e-01   1.53637e-02  -7.03658e+00
 MIGRAD MINIMIZATION HAS CONVERGED.
 MIGRAD WILL VERIFY CONVERGENCE AND ERROR MATRIX.
 COVARIANCE MATRIX CALCULATED SUCCESSFULLY
 FCN=22.263 FROM MIGRAD    STATUS=CONVERGED     251 CALLS         252 TOTAL
                     EDM=5.64012e-07    STRATEGY= 2      ERROR MATRIX ACCURATE 
  EXT PARAMETER                                   STEP         FIRST   
  NO.   NAME      VALUE            ERROR          SIZE      DERIVATIVE 
   1  x            4.67839e-03   1.85691e-03   1.98292e-05   6.96205e-02
   2  y            6.05345e-03   9.79946e-04   4.43618e-06  -2.43268e-02
   3  deltaKpi     3.26144e-01   1.86186e-01   4.57526e-05   9.11697e-03
   4  deltaKpipi0   3.90000e-01     fixed    
   5  phi          0.00000e+00     fixed    
   6  rsubdm       3.72010e-03   7.50911e-05   8.35708e-06  -1.17120e-01
   7  rsubdp       3.40000e-03     fixed    
   8  qoverp       1.02947e+00   1.12841e-01   3.10608e-04  -9.48604e-04
 EXTERNAL ERROR MATRIX.    NDIM=  25    NPAR=  5    ERR DEF=1
  3.448e-06  4.531e-07  3.297e-05  5.505e-08 -5.824e-05 
  4.531e-07  9.603e-07  1.609e-04  1.086e-08 -1.105e-05 
  3.297e-05  1.609e-04  3.476e-02  6.304e-06 -1.100e-03 
  5.505e-08  1.086e-08  6.304e-06  5.639e-09 -9.051e-07 
 -5.824e-05 -1.105e-05 -1.100e-03 -9.051e-07  1.281e-02 
 PARAMETER  CORRELATION COEFFICIENTS  
       NO.  GLOBAL      1      2      3      6      8
        1  0.82890   1.000  0.249  0.095  0.395 -0.277
        2  0.97139   0.249  1.000  0.881  0.148 -0.100
        3  0.97591   0.095  0.881  1.000  0.450 -0.052
        6  0.89866   0.395  0.148  0.450  1.000 -0.106
        8  0.27891  -0.277 -0.100 -0.052 -0.106  1.000
 i, outpar[i], err[i] =  0:  0.00467839 +- 0.00185691
 i, outpar[i], err[i] =  1:  0.00605345 +- 0.000979946
 i, outpar[i], err[i] =  2:  0.326144 +- 0.186186
 i, outpar[i], err[i] =  3:  0.39 +- 0
 i, outpar[i], err[i] =  4:  0 +- 0
 i, outpar[i], err[i] =  5:  0.0037201 +- 7.50911e-05
 i, outpar[i], err[i] =  6:  0.0034 +- 0
 i, outpar[i], err[i] =  7:  1.02947 +- 0.112841
MixDrawer::graphicsXIndex = 0
name = fitresult
toDraw->getName() = fitresult
name = none
prevOpt->numContours = 5
-------------------------
Set LHCb Style - Feb 2012
-------------------------
set central val graph to (x,y) = (0.00467839,0.00605345)
centralChisq=22.263
 **********
 **    6 **FIX           1
 **********
 **********
 **    7 **FIX           2
 **********
 **********
 **    8 **SET ERRDEF           1
 **********
Fitting line 25
Fitting line 50
Fitting line 75
Fitting line 100
