fitresult : 0 +/- 0 (0, 0, 0) 1 plainx 0 none 3 
hfag_ycp : 0.00866 +/- 0.00155 (0.00155, 0, 0) 1 ycp 2 none 3 
hfag_agamma : -0.00022 +/- 0.00161 (0.00161, 0, 0) 1 agamma 3 none 3 
lhcb_agamma_kk : -0.00035 +/- 0.000631506 (0.00062, 0.00012, 0) 1 agamma 3 none 3 
lhcb_agamma_pipi : 0.00033 +/- 0.00106921 (0.00106, 0.00014, 0) 1 agamma 3 none 3 
lhcb_rd : 0.003568 +/- 6.67308e-05 (5.8e-05, 3.3e-05, 0) 1 rsubd 16 none 3 
lhcb_yprime_p : 0.00446 +/- 0.00105688 (0.00089, 0.00057, 0) 1 yprimep 8 kpi 0 
lhcb_xp2_p : 7.7e-05 +/- 5.43783e-05 (4.6e-05, 2.9e-05, 0) 1 xprimep 5 kpi 0 
lhcb_yprime_m : 0.00517 +/- 0.00106231 (0.00089, 0.00058, 0) 1 yprimem 9 kpi 0 
lhcb_xp2_m : 3.2e-05 +/- 5.57584e-05 (4.7e-05, 3e-05, 0) 1 xprimem 6 kpi 0 
belle_kspipi_x : 0.00811 +/- 0.00334 (0.00334, 0, 0) 1 plainx 0 none 3 
belle_kspipi_y : 0.00309 +/- 0.00281 (0.00281, 0, 0) 1 plainy 1 none 3 
belle_qoverp : 0.95 +/- 0.241661 (0.22, 0.1, 0) 1 qoverp 18 none 3 
belle_phi : -0.035 +/- 0.210238 (0.19, 0.09, 0) 1 phi 19 none 3 
cleo_cosd : 0.81 +/- 0.208806 (0.2, 0.06, 0) 1 cosangle 10 kpi 0 
cleo_sind : -0.01 +/- 0.411947 (0.41, 0.04, 0) 1 sinangle 11 kpi 0 
cleo_rd : 0.00533 +/- 0.00116078 (0.00107, 0.00045, 0) 1 rsubd 16 none 3 
cleo_xp2 : 0.0006 +/- 0.00254951 (0.0023, 0.0011, 0) 1 xprime 4 kpi 0 
cleo_yprime : 0.042 +/- 0.0223607 (0.02, 0.01, 0) 1 yprime 7 kpi 0 
cdf_rd : 0.00304 +/- 0.00055 (0.00055, 0, 0) 1 rsubd 16 none 3 
cdf_xp2 : -0.00012 +/- 0.00035 (0.00035, 0, 0) 1 xprime 4 kpi 0 
cdf_yprime : 0.0085 +/- 0.0076 (0.0076, 0, 0) 1 yprime 7 kpi 0 
belle_rd : 0.00364 +/- 0.00018 (0.00018, 0, 0) 1 rsubd 16 none 3 
belle_xp2_m : 6e-05 +/- 0.00034 (0.00034, 0, 0) 1 xprimem 6 kpi 0 
belle_yprime_m : 0.002 +/- 0.0054 (0.0054, 0, 0) 1 yprimem 9 kpi 0 
belle_xp2_p : 0.00032 +/- 0.00037 (0.00037, 0, 0) 1 xprimep 5 kpi 0 
belle_yprime_p : -0.0012 +/- 0.0058 (0.0058, 0, 0) 1 yprimep 8 kpi 0 
babar_rd : 0.00303 +/- 0.000189 (0.000189, 0, 0) 1 rsubd 16 none 3 
babar_xp2_m : -0.0002 +/- 0.0005 (0.0005, 0, 0) 1 xprimem 6 kpi 0 
babar_yprime_m : 0.0096 +/- 0.0075 (0.0075, 0, 0) 1 yprimem 9 kpi 0 
babar_xp2_p : -0.00024 +/- 0.00052 (0.00052, 0, 0) 1 xprimep 5 kpi 0 
babar_yprime_p : 0.0098 +/- 0.0078 (0.0078, 0, 0) 1 yprimep 8 kpi 0 
babar_kspipi_x : 0.0016 +/- 0.00271477 (0.0023, 0.0012, 0.0008) 1 plainx 0 none 3 
babar_kspipi_y : 0.0057 +/- 0.00248596 (0.002, 0.0013, 0.0007) 1 plainy 1 none 3 
Activating result: hfag_ycp
Activating result: lhcb_xp2_m
Activating result: lhcb_yprime_m
Activating result: lhcb_rd
Activating result: lhcb_xp2_p
Activating result: lhcb_yprime_p
Activating result: belle_kspipi_x
Activating result: belle_kspipi_y
Activating result: belle_qoverp
Activating result: belle_phi
Activating result: cleo_cosd
Activating result: cleo_sind
Activating result: babar_kspipi_x
Activating result: babar_kspipi_y
Activating result: hfag_agamma
Activating result: lhcb_agamma_kk
Activating result: lhcb_agamma_pipi
Following results will be used in fit: 
  hfag_ycp
  hfag_agamma
  lhcb_agamma_kk
  lhcb_agamma_pipi
  lhcb_rd
  lhcb_yprime_p
  lhcb_xp2_p
  lhcb_yprime_m
  lhcb_xp2_m
  belle_kspipi_x
  belle_kspipi_y
  belle_qoverp
  belle_phi
  cleo_cosd
  cleo_sind
  babar_kspipi_x
  babar_kspipi_y
lhcb_rd is sensitive to x
hfag_ycp is sensitive to y
lhcb_yprime_p is sensitive to deltaKpi
lhcb_rd is sensitive to rsubdm
hfag_ycp is sensitive to qoverp
 PARAMETER DEFINITIONS:
    NO.   NAME         VALUE      STEP SIZE      LIMITS
     1 x            1.20000e-03  1.00000e-04   -1.00000e-01  1.50000e-01
     2 y            7.00000e-03  1.00000e-04   -1.00000e-01  1.50000e-01
     3 deltaKpi     3.00000e-01  1.00000e-02   -1.60000e+00  2.60000e+00
     4 deltaKpipi0   3.90000e-01  1.00000e-02   -3.00000e+00  2.00000e+00
 **********
 **    1 **FIX           4
 **********
 PARAMETER DEFINITIONS:
    NO.   NAME         VALUE      STEP SIZE      LIMITS
     5 phi          0.00000e+00  1.00000e-03   -3.15000e+00  3.15000e+00
 **********
 **    2 **FIX           5
 **********
 PARAMETER DEFINITIONS:
    NO.   NAME         VALUE      STEP SIZE      LIMITS
     6 rsubdm       3.40000e-03  1.00000e-04   -1.00000e-02  1.00000e-02
     7 rsubdp       3.40000e-03  1.00000e-04   -1.00000e-02  1.00000e-02
 **********
 **    3 **FIX           7
 **********
 PARAMETER DEFINITIONS:
    NO.   NAME         VALUE      STEP SIZE      LIMITS
     8 qoverp       1.00000e+00  1.00000e-02    2.50000e-01  1.90000e+00
 **********
 **    4 **SET STR            2
 **********
 NOW USING STRATEGY  2: MAKE SURE MINIMUM TRUE, ERRORS CORRECT  
 **********
 **    5 **MIGRAD
 **********
 FIRST CALL TO USER FUNCTION AT NEW START POINT, WITH IFLAG=4.
 START MIGRAD MINIMIZATION.  STRATEGY  2.  CONVERGENCE WHEN EDM .LT. 1.00e-04
 EIGENVALUES OF SECOND-DERIVATIVE MATRIX:
        -1.4678e-01  1.0489e-01  2.0805e-01  1.0005e+00  3.8333e+00
 MINUIT WARNING IN HESSE   
 ============== MATRIX FORCED POS-DEF BY ADDING 0.150609 TO DIAGONAL.
 FCN=26.5502 FROM HESSE     STATUS=NOT POSDEF     39 CALLS          40 TOTAL
                     EDM=32.8919    STRATEGY= 2      ERR MATRIX NOT POS-DEF
  EXT PARAMETER                APPROXIMATE        STEP         FIRST   
  NO.   NAME      VALUE            ERROR          SIZE      DERIVATIVE 
   1  x            1.20000e-03   6.12042e-03   3.40162e-04   5.47972e+02
   2  y            7.00000e-03   2.28966e-04   8.08426e-05  -2.57495e+03
   3  deltaKpi     3.00000e-01   4.32992e-01   1.58633e-03   1.46656e+02
   4  deltaKpipi0   3.90000e-01     fixed    
   5  phi          0.00000e+00     fixed    
   6  rsubdm       3.40000e-03   2.67977e-05   1.33156e-04  -3.40906e+03
   7  rsubdp       3.40000e-03     fixed    
   8  qoverp       1.00000e+00   1.86539e-02   1.92847e-03   3.78574e+01
 MIGRAD MINIMIZATION HAS CONVERGED.
 MIGRAD WILL VERIFY CONVERGENCE AND ERROR MATRIX.
 COVARIANCE MATRIX CALCULATED SUCCESSFULLY
 FCN=8.61794 FROM MIGRAD    STATUS=CONVERGED     237 CALLS         238 TOTAL
                     EDM=1.01397e-05    STRATEGY= 2      ERROR MATRIX ACCURATE 
  EXT PARAMETER                                   STEP         FIRST   
  NO.   NAME      VALUE            ERROR          SIZE      DERIVATIVE 
   1  x            4.84588e-03   1.78573e-03   8.20435e-06  -2.24073e-01
   2  y            6.81047e-03   1.03160e-03   1.44311e-06   2.14520e+00
   3  deltaKpi     3.08571e-01   2.04030e-01   1.45008e-05  -1.96472e-01
   4  deltaKpipi0   3.90000e-01     fixed    
   5  phi          0.00000e+00     fixed    
   6  rsubdm       3.55571e-03   4.68723e-05   2.47582e-06   1.50056e+00
   7  rsubdp       3.40000e-03     fixed    
   8  qoverp       9.92959e-01   1.30218e-02   2.38641e-05  -1.18639e-01
 EXTERNAL ERROR MATRIX.    NDIM=  25    NPAR=  5    ERR DEF=1
  3.189e-06 -1.781e-07 -6.631e-05  4.120e-08  2.494e-06 
 -1.781e-07  1.064e-06  2.042e-04  1.697e-08  9.524e-08 
 -6.631e-05  2.042e-04  4.176e-02  4.368e-06 -1.862e-05 
  4.120e-08  1.697e-08  4.368e-06  2.197e-09  2.889e-08 
  2.494e-06  9.524e-08 -1.862e-05  2.889e-08  1.696e-04 
 PARAMETER  CORRELATION COEFFICIENTS  
       NO.  GLOBAL      1      2      3      6      8
        1  0.92772   1.000 -0.097 -0.182  0.492  0.107
        2  0.99345  -0.097  1.000  0.969  0.351  0.007
        3  0.99519  -0.182  0.969  1.000  0.456 -0.007
        6  0.94536   0.492  0.351  0.456  1.000  0.047
        8  0.11021   0.107  0.007 -0.007  0.047  1.000
 i, outpar[i], err[i] =  0:  0.00484588 +- 0.00178573
 i, outpar[i], err[i] =  1:  0.00681047 +- 0.0010316
 i, outpar[i], err[i] =  2:  0.308571 +- 0.20403
 i, outpar[i], err[i] =  3:  0.39 +- 0
 i, outpar[i], err[i] =  4:  0 +- 0
 i, outpar[i], err[i] =  5:  0.00355571 +- 4.68723e-05
 i, outpar[i], err[i] =  6:  0.0034 +- 0
 i, outpar[i], err[i] =  7:  0.992959 +- 0.0130218
MixDrawer::graphicsXIndex = 0
name = fitresult
toDraw->getName() = fitresult
name = none
prevOpt->numContours = 5
-------------------------
Set LHCb Style - Feb 2012
-------------------------
Drawing 5 ellipses
 **********
 **    6 **MIGRAD
 **********
 START MIGRAD MINIMIZATION.  STRATEGY  2.  CONVERGENCE WHEN EDM .LT. 1.00e-04
 FCN=8.61794 FROM MIGRAD    STATUS=INITIATE       10 CALLS         248 TOTAL
                     EDM=5.07003e-06    STRATEGY= 2      ERROR MATRIX ACCURATE 
  EXT PARAMETER                                   STEP         FIRST   
  NO.   NAME      VALUE            ERROR          SIZE      DERIVATIVE 
   1  x            4.84588e-03   1.78573e-03   8.20435e-06  -2.24096e-01
   2  y            6.81047e-03   1.03160e-03   1.44311e-06   2.14520e+00
   3  deltaKpi     3.08571e-01   2.04030e-01   1.45008e-05  -1.96468e-01
   4  deltaKpipi0   3.90000e-01     fixed    
   5  phi          0.00000e+00     fixed    
   6  rsubdm       3.55571e-03   4.68723e-05   2.47582e-06   1.50056e+00
   7  rsubdp       3.40000e-03     fixed    
   8  qoverp       9.92959e-01   1.30218e-02   2.38641e-05  -1.18641e-01
 MIGRAD MINIMIZATION HAS CONVERGED.
 MIGRAD WILL VERIFY CONVERGENCE AND ERROR MATRIX.
 COVARIANCE MATRIX CALCULATED SUCCESSFULLY
 FCN=8.61793 FROM MIGRAD    STATUS=CONVERGED      54 CALLS         292 TOTAL
                     EDM=1.41092e-10    STRATEGY= 2      ERROR MATRIX ACCURATE 
  EXT PARAMETER                                   STEP         FIRST   
  NO.   NAME      VALUE            ERROR          SIZE      DERIVATIVE 
   1  x            4.84408e-03   1.78702e-03   8.18251e-06   2.34925e-03
   2  y            6.80932e-03   1.03072e-03   1.44324e-06  -8.42356e-03
   3  deltaKpi     3.08350e-01   2.03983e-01   1.44992e-05   8.31609e-04
   4  deltaKpipi0   3.90000e-01     fixed    
   5  phi          0.00000e+00     fixed    
   6  rsubdm       3.55563e-03   4.68342e-05   2.47582e-06  -4.59511e-03
   7  rsubdp       3.40000e-03     fixed    
   8  qoverp       9.92970e-01   1.30254e-02   2.38754e-05  -9.47498e-06
 EXTERNAL ERROR MATRIX.    NDIM=  25    NPAR=  5    ERR DEF=1
  3.194e-06 -1.819e-07 -6.710e-05  4.115e-08  2.486e-06 
 -1.819e-07  1.062e-06  2.040e-04  1.687e-08  9.202e-08 
 -6.710e-05  2.040e-04  4.174e-02  4.351e-06 -1.915e-05 
  4.115e-08  1.687e-08  4.351e-06  2.193e-09  2.869e-08 
  2.486e-06  9.202e-08 -1.915e-05  2.869e-08  1.697e-04 
 PARAMETER  CORRELATION COEFFICIENTS  
       NO.  GLOBAL      1      2      3      6      8
        1  0.92770   1.000 -0.099 -0.184  0.492  0.107
        2  0.99344  -0.099  1.000  0.969  0.349  0.007
        3  0.99518  -0.184  0.969  1.000  0.455 -0.007
        6  0.94527   0.492  0.349  0.455  1.000  0.047
        8  0.10978   0.107  0.007 -0.007  0.047  1.000
initx = 0.00484408
 **********
 **    7 **SET ERRDEF       28.74
 **********
 START MNCONTOUR CALCULATION OF 3600 POINTS ON CONTOUR.
 EACH POINT IS A MINIMUM WITH RESPECT TO THE OTHER   3 VARIABLE PARAMETERS.
 MINUIT WARNING IN HESSE   
 ============== Negative diagonal element 1 in Error Matrix
 MINUIT WARNING IN HESSE   
 ============== 15479.4 added to diagonal of error matrix
 EIGENVALUES OF SECOND-DERIVATIVE MATRIX:
        -1.8034e+01  1.0002e+00  2.0033e+01
 MINUIT WARNING IN HESSE   
 ============== MATRIX FORCED POS-DEF BY ADDING 18.053621 TO DIAGONAL.
 MINUIT WARNING IN MIGRAD  
 ============== Negative diagonal element 1 in Error Matrix
 MINUIT WARNING IN MIGRAD  
 ============== 1.02266 added to diagonal of error matrix
 EIGENVALUES OF SECOND-DERIVATIVE MATRIX:
        -8.1854e-02  1.0000e+00  2.0818e+00
 MINUIT WARNING IN HESSE   
 ============== MATRIX FORCED POS-DEF BY ADDING 0.083936 TO DIAGONAL.
 MINUIT WARNING IN HESSE   
 ============== Negative diagonal element 1 in Error Matrix
 MINUIT WARNING IN HESSE   
 ============== 2770.65 added to diagonal of error matrix
 EIGENVALUES OF SECOND-DERIVATIVE MATRIX:
        -3.8572e-02  1.0000e+00  2.0386e+00
 MINUIT WARNING IN HESSE   
 ============== MATRIX FORCED POS-DEF BY ADDING 0.040611 TO DIAGONAL.
 MINUIT WARNING IN MNContour 
 ============== Cannot find midpoint, try closer.
 EIGENVALUES OF SECOND-DERIVATIVE MATRIX:
        -2.0515e-02  9.9999e-01  2.0205e+00
 MINUIT WARNING IN HESSE   
 ============== MATRIX FORCED POS-DEF BY ADDING 0.022535 TO DIAGONAL.
 MINUIT WARNING IN HESSE   
 ============== Negative diagonal element 1 in Error Matrix
 MINUIT WARNING IN HESSE   
 ============== 3874.83 added to diagonal of error matrix
 MINUIT WARNING IN HESSE   
 ============== Negative diagonal element 1 in Error Matrix
 MINUIT WARNING IN HESSE   
 ============== 736.879 added to diagonal of error matrix
 EIGENVALUES OF SECOND-DERIVATIVE MATRIX:
        -1.7531e+00  1.0261e+00  3.7270e+00
 MINUIT WARNING IN HESSE   
 ============== MATRIX FORCED POS-DEF BY ADDING 1.756779 TO DIAGONAL.
 MINUIT WARNING IN MIGRAD  
 ============== Negative diagonal element 1 in Error Matrix
 MINUIT WARNING IN MIGRAD  
 ============== 1.00249 added to diagonal of error matrix
 EIGENVALUES OF SECOND-DERIVATIVE MATRIX:
        -8.9279e-05  1.1789e-01  2.8822e+00
 MINUIT WARNING IN MIGRAD  
 ============== MATRIX FORCED POS-DEF BY ADDING 0.002971 TO DIAGONAL.
 MINUIT WARNING IN HESSE   
 ============== Negative diagonal element 1 in Error Matrix
 MINUIT WARNING IN HESSE   
 ============== 7787.34 added to diagonal of error matrix
 EIGENVALUES OF SECOND-DERIVATIVE MATRIX:
        -7.4578e+01  1.0001e+00  7.6578e+01
 MINUIT WARNING IN HESSE   
 ============== MATRIX FORCED POS-DEF BY ADDING 74.654196 TO DIAGONAL.
 MINUIT WARNING IN HESSE   
 ============== Negative diagonal element 1 in Error Matrix
 MINUIT WARNING IN HESSE   
 ============== 7784.94 added to diagonal of error matrix
 EIGENVALUES OF SECOND-DERIVATIVE MATRIX:
        -7.3484e+01  1.0001e+00  7.5484e+01
 MINUIT WARNING IN HESSE   
 ============== MATRIX FORCED POS-DEF BY ADDING 73.559570 TO DIAGONAL.
 MINUIT WARNING IN HESSE   
 ============== Negative diagonal element 1 in Error Matrix
 MINUIT WARNING IN HESSE   
 ============== 7784.94 added to diagonal of error matrix
 EIGENVALUES OF SECOND-DERIVATIVE MATRIX:
        -7.3464e+01  1.0001e+00  7.5464e+01
 MINUIT WARNING IN HESSE   
 ============== MATRIX FORCED POS-DEF BY ADDING 73.539674 TO DIAGONAL.
 MINUIT WARNING IN HESSE   
 ============== Negative diagonal element 1 in Error Matrix
 MINUIT WARNING IN HESSE   
 ============== 4810.62 added to diagonal of error matrix
 EIGENVALUES OF SECOND-DERIVATIVE MATRIX:
        -1.9338e+00  9.9927e-01  3.9345e+00
 MINUIT WARNING IN HESSE   
 ============== MATRIX FORCED POS-DEF BY ADDING 1.937737 TO DIAGONAL.
 MINUIT WARNING IN MIGRAD  
 ============== Negative diagonal element 1 in Error Matrix
 MINUIT WARNING IN MIGRAD  
 ============== 1.00043 added to diagonal of error matrix
 MINUIT WARNING IN HESSE   
 ============== Negative diagonal element 1 in Error Matrix
 MINUIT WARNING IN HESSE   
 ============== 26991.3 added to diagonal of error matrix
 EIGENVALUES OF SECOND-DERIVATIVE MATRIX:
        -1.8242e+01  1.0001e+00  2.0242e+01
 MINUIT WARNING IN HESSE   
 ============== MATRIX FORCED POS-DEF BY ADDING 18.261821 TO DIAGONAL.
 MINUIT WARNING IN MIGRAD  
 ============== Negative diagonal element 1 in Error Matrix
 MINUIT WARNING IN MIGRAD  
 ============== Negative diagonal element 3 in Error Matrix
 MINUIT WARNING IN MIGRAD  
 ============== 1.01828 added to diagonal of error matrix
 MINUIT WARNING IN MNContour 
 ============== Cannot find midpoint, try closer.
 MINUIT WARNING IN HESSE   
 ============== Negative diagonal element 1 in Error Matrix
 MINUIT WARNING IN HESSE   
 ============== 7942.25 added to diagonal of error matrix
 EIGENVALUES OF SECOND-DERIVATIVE MATRIX:
        -3.1955e+00  9.9998e-01  5.1956e+00
 MINUIT WARNING IN HESSE   
 ============== MATRIX FORCED POS-DEF BY ADDING 3.200745 TO DIAGONAL.
 MINUIT WARNING IN HESSE   
 ============== Negative diagonal element 3 in Error Matrix
 MINUIT WARNING IN HESSE   
 ============== 4697.01 added to diagonal of error matrix
 EIGENVALUES OF SECOND-DERIVATIVE MATRIX:
        -5.5102e-01  1.3098e+00  2.2412e+00
 MINUIT WARNING IN HESSE   
 ============== MATRIX FORCED POS-DEF BY ADDING 0.553256 TO DIAGONAL.
 MINUIT WARNING IN MIGRAD  
 ============== Negative diagonal element 3 in Error Matrix
 MINUIT WARNING IN MIGRAD  
 ============== 1.20568 added to diagonal of error matrix
 MINUIT WARNING IN MIGRAD  
 ============== Negative diagonal element 1 in Error Matrix
 MINUIT WARNING IN MIGRAD  
 ============== Negative diagonal element 2 in Error Matrix
 MINUIT WARNING IN MIGRAD  
 ============== 1.32514 added to diagonal of error matrix
 MINUIT WARNING IN MNContour 
 ============== Cannot find midpoint, try closer.
 MINUIT WARNING IN HESSE   
 ============== Negative diagonal element 1 in Error Matrix
 MINUIT WARNING IN HESSE   
 ============== 6243.09 added to diagonal of error matrix
 MINUIT WARNING IN MIGRAD  
 ============== Negative diagonal element 1 in Error Matrix
 MINUIT WARNING IN MIGRAD  
 ============== 1.00035 added to diagonal of error matrix
 MINUIT WARNING IN HESSE   
 ============== Negative diagonal element 1 in Error Matrix
 MINUIT WARNING IN HESSE   
 ============== Negative diagonal element 3 in Error Matrix
 MINUIT WARNING IN HESSE   
 ============== 24071.6 added to diagonal of error matrix
 EIGENVALUES OF SECOND-DERIVATIVE MATRIX:
        -9.8527e-02  9.9997e-01  2.0986e+00
 MINUIT WARNING IN HESSE   
 ============== MATRIX FORCED POS-DEF BY ADDING 0.100626 TO DIAGONAL.
 MINUIT WARNING IN HESSE   
 ============== Negative diagonal element 1 in Error Matrix
 MINUIT WARNING IN HESSE   
 ============== Negative diagonal element 3 in Error Matrix
 MINUIT WARNING IN HESSE   
 ============== 60203.3 added to diagonal of error matrix
 EIGENVALUES OF SECOND-DERIVATIVE MATRIX:
        -7.2503e+00  1.0438e+00  9.2065e+00
 MINUIT WARNING IN HESSE   
 ============== MATRIX FORCED POS-DEF BY ADDING 7.259469 TO DIAGONAL.
 MINUIT WARNING IN MIGRAD  
 ============== Negative diagonal element 3 in Error Matrix
 MINUIT WARNING IN MIGRAD  
 ============== 1.00137 added to diagonal of error matrix
 EIGENVALUES OF SECOND-DERIVATIVE MATRIX:
        -2.3363e+00  1.3320e+00  4.0043e+00
 MINUIT WARNING IN HESSE   
 ============== MATRIX FORCED POS-DEF BY ADDING 2.340300 TO DIAGONAL.
 MINUIT WARNING IN MIGRAD  
 ============== Negative diagonal element 1 in Error Matrix
 MINUIT WARNING IN MIGRAD  
 ============== 1.0006 added to diagonal of error matrix
 MNCONT CANNOT FIND NEXT POINT ON CONTOUR.  ONLY  30 POINTS FOUND.
 Y-AXIS: PARAMETER   2  y
                         X-AXIS: PARAMETER   1  x
   30 POINTS ON CONTOUR.   FMIN=  8.61793e+00   ERRDEF=       28.7
         xyxy
     1 -5.97893e-03  6.61977e-03             16  1.31374e-02  5.85006e-03
     2 -5.75556e-03  5.47199e-03             17  1.28892e-02  7.30594e-03
     3 -5.13818e-03  4.47895e-03             18  1.22175e-02  8.62126e-03
     4 -2.84391e-03  4.31682e-03             19  1.12484e-02  9.72337e-03
     5 -9.27372e-04  4.76066e-03             20  1.00760e-02  1.06062e-02
     6  1.03455e-03  4.61592e-03             21  8.78982e-03  1.12665e-02
     7  2.73162e-03  3.90549e-03             22  6.74355e-03  1.18819e-02
     8  4.18302e-03  2.77491e-03             23  4.61642e-03  1.20848e-02
     9  5.55743e-03  1.49771e-03             24  3.51338e-03  1.04751e-02
    10  7.36371e-03  9.90156e-04             25  1.64575e-03  1.10406e-02
    11  9.39242e-03  1.32931e-03             26  6.98325e-05  1.10643e-02
    12  1.12261e-02  2.26117e-03             27 -1.50156e-03  1.09427e-02
    13  1.16357e-02  2.59674e-03             28 -3.06441e-03  1.04095e-02
    14  1.26157e-02  3.82450e-03             29 -4.45959e-03  9.52627e-03
    15  1.30054e-02  4.80410e-03             30 -5.54126e-03  8.24133e-03
 MINUIT WARNING IN MIGRAD  
 ============== VARIABLE8 IS AT ITS UPPER ALLOWED LIMIT.
calling adam's find point with errordef 28.74
testing
initX = 0.00484408, initY = 0.00680932
 **********
 **    8 **SET ERRDEF       19.33
 **********
 START MNCONTOUR CALCULATION OF 3600 POINTS ON CONTOUR.
 EACH POINT IS A MINIMUM WITH RESPECT TO THE OTHER   3 VARIABLE PARAMETERS.
 MINUIT WARNING IN HESSE   
 ============== Negative diagonal element 1 in Error Matrix
 MINUIT WARNING IN HESSE   
 ============== 5954.4 added to diagonal of error matrix
 EIGENVALUES OF SECOND-DERIVATIVE MATRIX:
        -4.4939e+00  1.0005e+00  6.4934e+00
 MINUIT WARNING IN HESSE   
 ============== MATRIX FORCED POS-DEF BY ADDING 4.500375 TO DIAGONAL.
 MINUIT WARNING IN MIGRAD  
 ============== Negative diagonal element 1 in Error Matrix
 MINUIT WARNING IN MIGRAD  
 ============== 1.00036 added to diagonal of error matrix
 MINUIT WARNING IN HESSE   
 ============== Negative diagonal element 1 in Error Matrix
 MINUIT WARNING IN HESSE   
 ============== 4379.49 added to diagonal of error matrix
 EIGENVALUES OF SECOND-DERIVATIVE MATRIX:
        -3.4298e+01  9.9998e-01  3.6298e+01
 MINUIT WARNING IN HESSE   
 ============== MATRIX FORCED POS-DEF BY ADDING 34.334069 TO DIAGONAL.
 EIGENVALUES OF SECOND-DERIVATIVE MATRIX:
        -5.5733e-02  1.0000e+00  2.0557e+00
 MINUIT WARNING IN HESSE   
 ============== MATRIX FORCED POS-DEF BY ADDING 0.057789 TO DIAGONAL.
 MINUIT WARNING IN HESSE   
 ============== Negative diagonal element 1 in Error Matrix
 MINUIT WARNING IN HESSE   
 ============== 909.39 added to diagonal of error matrix
 EIGENVALUES OF SECOND-DERIVATIVE MATRIX:
        -9.8434e-01  1.0091e+00  2.9752e+00
 MINUIT WARNING IN HESSE   
 ============== MATRIX FORCED POS-DEF BY ADDING 0.987311 TO DIAGONAL.
 MINUIT WARNING IN MIGRAD  
 ============== Negative diagonal element 1 in Error Matrix
 MINUIT WARNING IN MIGRAD  
 ============== 1.00209 added to diagonal of error matrix
 EIGENVALUES OF SECOND-DERIVATIVE MATRIX:
        -3.7301e+00  9.9946e-01  5.7306e+00
 MINUIT WARNING IN HESSE   
 ============== MATRIX FORCED POS-DEF BY ADDING 3.735819 TO DIAGONAL.
 MINUIT WARNING IN HESSE   
 ============== Negative diagonal element 1 in Error Matrix
 MINUIT WARNING IN HESSE   
 ============== 662.318 added to diagonal of error matrix
 EIGENVALUES OF SECOND-DERIVATIVE MATRIX:
        -4.5157e+00  9.9943e-01  6.5163e+00
 MINUIT WARNING IN HESSE   
 ============== MATRIX FORCED POS-DEF BY ADDING 4.522265 TO DIAGONAL.
 MINUIT WARNING IN MIGRAD  
 ============== Negative diagonal element 1 in Error Matrix
 MINUIT WARNING IN MIGRAD  
 ============== 1.00336 added to diagonal of error matrix
 MINUIT WARNING IN HESSE   
 ============== Negative diagonal element 1 in Error Matrix
 MINUIT WARNING IN HESSE   
 ============== 2285.82 added to diagonal of error matrix
 EIGENVALUES OF SECOND-DERIVATIVE MATRIX:
        -1.1816e-01  1.0001e+00  2.1181e+00
 MINUIT WARNING IN MIGRAD  
 ============== MATRIX FORCED POS-DEF BY ADDING 0.120276 TO DIAGONAL.
 MINUIT WARNING IN HESSE   
 ============== Negative diagonal element 1 in Error Matrix
 MINUIT WARNING IN HESSE   
 ============== 36.457 added to diagonal of error matrix
 EIGENVALUES OF SECOND-DERIVATIVE MATRIX:
        -3.5098e-01  9.9778e-01  2.3532e+00
 MINUIT WARNING IN HESSE   
 ============== MATRIX FORCED POS-DEF BY ADDING 0.353332 TO DIAGONAL.
 MINUIT WARNING IN MIGRAD  
 ============== Negative diagonal element 1 in Error Matrix
 MINUIT WARNING IN MIGRAD  
 ============== 1.06266 added to diagonal of error matrix
 MINUIT WARNING IN HESSE   
 ============== Negative diagonal element 1 in Error Matrix
 MINUIT WARNING IN HESSE   
 ============== 470.844 added to diagonal of error matrix
 MINUIT WARNING IN MIGRAD  
 ============== Negative diagonal element 1 in Error Matrix
 MINUIT WARNING IN MIGRAD  
 ============== 1.00463 added to diagonal of error matrix
 EIGENVALUES OF SECOND-DERIVATIVE MATRIX:
        -4.5465e-01  4.8496e-01  2.9697e+00
 MINUIT WARNING IN MIGRAD  
 ============== MATRIX FORCED POS-DEF BY ADDING 0.457616 TO DIAGONAL.
 EIGENVALUES OF SECOND-DERIVATIVE MATRIX:
        -1.7908e-01  9.9615e-01  2.1829e+00
 MINUIT WARNING IN HESSE   
 ============== MATRIX FORCED POS-DEF BY ADDING 0.181260 TO DIAGONAL.
 MINUIT WARNING IN MIGRAD  
 ============== Negative diagonal element 1 in Error Matrix
 MINUIT WARNING IN MIGRAD  
 ============== Negative diagonal element 2 in Error Matrix
 MINUIT WARNING IN MIGRAD  
 ============== 1.0201 added to diagonal of error matrix
 EIGENVALUES OF SECOND-DERIVATIVE MATRIX:
        -1.7357e+00  9.9994e-01  3.7357e+00
 MINUIT WARNING IN HESSE   
 ============== MATRIX FORCED POS-DEF BY ADDING 1.739412 TO DIAGONAL.
 MINUIT WARNING IN MNContour 
 ============== Cannot find midpoint, try closer.
 MINUIT WARNING IN HESSE   
 ============== Negative diagonal element 3 in Error Matrix
 MINUIT WARNING IN HESSE   
 ============== 425.526 added to diagonal of error matrix
 MINUIT WARNING IN HESSE   
 ============== Negative diagonal element 1 in Error Matrix
 MINUIT WARNING IN HESSE   
 ============== 5029.7 added to diagonal of error matrix
 EIGENVALUES OF SECOND-DERIVATIVE MATRIX:
        -3.3663e+00  9.9987e-01  5.3664e+00
 MINUIT WARNING IN HESSE   
 ============== MATRIX FORCED POS-DEF BY ADDING 3.371637 TO DIAGONAL.
 EIGENVALUES OF SECOND-DERIVATIVE MATRIX:
        -4.3062e-03  1.0000e+00  2.0043e+00
 MINUIT WARNING IN HESSE   
 ============== MATRIX FORCED POS-DEF BY ADDING 0.006310 TO DIAGONAL.
 MINUIT WARNING IN HESSE   
 ============== Negative diagonal element 3 in Error Matrix
 MINUIT WARNING IN HESSE   
 ============== 34596.8 added to diagonal of error matrix
 EIGENVALUES OF SECOND-DERIVATIVE MATRIX:
        -5.4025e+00  5.9220e-01  7.8104e+00
 MINUIT WARNING IN HESSE   
 ============== MATRIX FORCED POS-DEF BY ADDING 5.410358 TO DIAGONAL.
 MINUIT WARNING IN MIGRAD  
 ============== Negative diagonal element 1 in Error Matrix
 MINUIT WARNING IN MIGRAD  
 ============== Negative diagonal element 3 in Error Matrix
 MINUIT WARNING IN MIGRAD  
 ============== 1.00081 added to diagonal of error matrix
 EIGENVALUES OF SECOND-DERIVATIVE MATRIX:
        -1.0905e+00  3.7966e-01  3.7108e+00
 MINUIT WARNING IN HESSE   
 ============== MATRIX FORCED POS-DEF BY ADDING 1.094163 TO DIAGONAL.
 MINUIT WARNING IN MIGRAD  
 ============== Negative diagonal element 1 in Error Matrix
 MINUIT WARNING IN MIGRAD  
 ============== Negative diagonal element 3 in Error Matrix
 MINUIT WARNING IN MIGRAD  
 ============== 1.01285 added to diagonal of error matrix
 MINUIT WARNING IN HESSE   
 ============== Negative diagonal element 1 in Error Matrix
 MINUIT WARNING IN HESSE   
 ============== 4236.62 added to diagonal of error matrix
 EIGENVALUES OF SECOND-DERIVATIVE MATRIX:
        -8.3958e+01  9.8026e-01  8.5978e+01
 MINUIT WARNING IN HESSE   
 ============== MATRIX FORCED POS-DEF BY ADDING 84.043964 TO DIAGONAL.
 MINUIT WARNING IN MIGRAD  
 ============== Negative diagonal element 1 in Error Matrix
 MINUIT WARNING IN MIGRAD  
 ============== Negative diagonal element 3 in Error Matrix
 MINUIT WARNING IN MIGRAD  
 ============== 1.03444 added to diagonal of error matrix
 MINUIT WARNING IN HESSE   
 ============== Negative diagonal element 1 in Error Matrix
 MINUIT WARNING IN HESSE   
 ============== 253.418 added to diagonal of error matrix
 EIGENVALUES OF SECOND-DERIVATIVE MATRIX:
        -2.0626e+01  1.0000e+00  2.2626e+01
 MINUIT WARNING IN HESSE   
 ============== MATRIX FORCED POS-DEF BY ADDING 20.648430 TO DIAGONAL.
 MINUIT WARNING IN HESSE   
 ============== Negative diagonal element 1 in Error Matrix
 MINUIT WARNING IN HESSE   
 ============== 2017.2 added to diagonal of error matrix
 EIGENVALUES OF SECOND-DERIVATIVE MATRIX:
        -3.2973e-01  1.0002e+00  2.3295e+00
 MINUIT WARNING IN MIGRAD  
 ============== MATRIX FORCED POS-DEF BY ADDING 0.332060 TO DIAGONAL.
 MINUIT WARNING IN HESSE   
 ============== Negative diagonal element 1 in Error Matrix
 MINUIT WARNING IN HESSE   
 ============== 45.9716 added to diagonal of error matrix
 MINUIT WARNING IN HESSE   
 ============== Negative diagonal element 1 in Error Matrix
 MINUIT WARNING IN HESSE   
 ============== 417.075 added to diagonal of error matrix
 EIGENVALUES OF SECOND-DERIVATIVE MATRIX:
        -6.7517e+00  9.9753e-01  8.7541e+00
 MINUIT WARNING IN HESSE   
 ============== MATRIX FORCED POS-DEF BY ADDING 6.760428 TO DIAGONAL.
 MINUIT WARNING IN MIGRAD  
 ============== Negative diagonal element 1 in Error Matrix
 MINUIT WARNING IN MIGRAD  
 ============== 1.00692 added to diagonal of error matrix
 MINUIT WARNING IN HESSE   
 ============== Negative diagonal element 1 in Error Matrix
 MINUIT WARNING IN HESSE   
 ============== 808.244 added to diagonal of error matrix
 EIGENVALUES OF SECOND-DERIVATIVE MATRIX:
        -2.0512e+01  9.9957e-01  2.2513e+01
 MINUIT WARNING IN HESSE   
 ============== MATRIX FORCED POS-DEF BY ADDING 20.534750 TO DIAGONAL.
 MINUIT WARNING IN HESSE   
 ============== Negative diagonal element 3 in Error Matrix
 MINUIT WARNING IN HESSE   
 ============== 71219.2 added to diagonal of error matrix
 EIGENVALUES OF SECOND-DERIVATIVE MATRIX:
        -1.0095e+01  1.0000e+00  1.2095e+01
 MINUIT WARNING IN HESSE   
 ============== MATRIX FORCED POS-DEF BY ADDING 10.107208 TO DIAGONAL.
 MINUIT WARNING IN HESSE   
 ============== Negative diagonal element 1 in Error Matrix
 MINUIT WARNING IN HESSE   
 ============== 2227.75 added to diagonal of error matrix
 EIGENVALUES OF SECOND-DERIVATIVE MATRIX:
        -2.2032e+00  1.0000e+00  4.2032e+00
 MINUIT WARNING IN HESSE   
 ============== MATRIX FORCED POS-DEF BY ADDING 2.207434 TO DIAGONAL.
 MINUIT WARNING IN HESSE   
 ============== Negative diagonal element 1 in Error Matrix
 MINUIT WARNING IN HESSE   
 ============== 48146.4 added to diagonal of error matrix
 EIGENVALUES OF SECOND-DERIVATIVE MATRIX:
        -5.8457e+01  1.0000e+00  6.0457e+01
 MINUIT WARNING IN HESSE   
 ============== MATRIX FORCED POS-DEF BY ADDING 58.517874 TO DIAGONAL.
 MINUIT WARNING IN HESSE   
 ============== Negative diagonal element 1 in Error Matrix
 MINUIT WARNING IN HESSE   
 ============== Negative diagonal element 3 in Error Matrix
 MINUIT WARNING IN HESSE   
 ============== 184.38 added to diagonal of error matrix
 EIGENVALUES OF SECOND-DERIVATIVE MATRIX:
        -4.9640e+01  9.9902e-01  5.1641e+01
 MINUIT WARNING IN HESSE   
 ============== MATRIX FORCED POS-DEF BY ADDING 49.691235 TO DIAGONAL.
 MINUIT WARNING IN HESSE   
 ============== Negative diagonal element 1 in Error Matrix
 MINUIT WARNING IN HESSE   
 ============== Negative diagonal element 3 in Error Matrix
 MINUIT WARNING IN HESSE   
 ============== 184.351 added to diagonal of error matrix
 EIGENVALUES OF SECOND-DERIVATIVE MATRIX:
        -4.9385e+01  9.9964e-01  5.1386e+01
 MINUIT WARNING IN HESSE   
 ============== MATRIX FORCED POS-DEF BY ADDING 49.436536 TO DIAGONAL.
 MINUIT WARNING IN MIGRAD  
 ============== Negative diagonal element 1 in Error Matrix
 MINUIT WARNING IN MIGRAD  
 ============== 1.00027 added to diagonal of error matrix
 MINUIT WARNING IN HESSE   
 ============== Negative diagonal element 1 in Error Matrix
 MINUIT WARNING IN HESSE   
 ============== 97407.7 added to diagonal of error matrix
 EIGENVALUES OF SECOND-DERIVATIVE MATRIX:
        -2.2470e+01  9.9993e-01  2.4470e+01
 MINUIT WARNING IN HESSE   
 ============== MATRIX FORCED POS-DEF BY ADDING 22.494788 TO DIAGONAL.
 MINUIT WARNING IN MIGRAD  
 ============== Negative diagonal element 1 in Error Matrix
 MINUIT WARNING IN MIGRAD  
 ============== 1.00024 added to diagonal of error matrix
 EIGENVALUES OF SECOND-DERIVATIVE MATRIX:
        -8.0125e-01  7.2762e-01  3.0736e+00
 MINUIT WARNING IN HESSE   
 ============== MATRIX FORCED POS-DEF BY ADDING 0.804322 TO DIAGONAL.
 MINUIT WARNING IN MIGRAD  
 ============== Negative diagonal element 1 in Error Matrix
 MINUIT WARNING IN MIGRAD  
 ============== Negative diagonal element 2 in Error Matrix
 MINUIT WARNING IN MIGRAD  
 ============== 1.0001 added to diagonal of error matrix
 MINUIT WARNING IN HESSE   
 ============== Negative diagonal element 1 in Error Matrix
 MINUIT WARNING IN HESSE   
 ============== 14016.1 added to diagonal of error matrix
 EIGENVALUES OF SECOND-DERIVATIVE MATRIX:
        -8.6964e+01  1.0000e+00  8.8964e+01
 MINUIT WARNING IN HESSE   
 ============== MATRIX FORCED POS-DEF BY ADDING 87.053373 TO DIAGONAL.
 MINUIT WARNING IN MIGRAD  
 ============== Negative diagonal element 1 in Error Matrix
 MINUIT WARNING IN MIGRAD  
 ============== Negative diagonal element 2 in Error Matrix
 MINUIT WARNING IN MIGRAD  
 ============== 1.03121 added to diagonal of error matrix
 MINUIT WARNING IN HESSE   
 ============== Negative diagonal element 1 in Error Matrix
 MINUIT WARNING IN HESSE   
 ============== 857.627 added to diagonal of error matrix
 EIGENVALUES OF SECOND-DERIVATIVE MATRIX:
        -5.2394e+01  1.0000e+00  5.4394e+01
 MINUIT WARNING IN HESSE   
 ============== MATRIX FORCED POS-DEF BY ADDING 52.448294 TO DIAGONAL.
 EIGENVALUES OF SECOND-DERIVATIVE MATRIX:
        -1.9542e-01  1.0000e+00  2.1954e+00
 MINUIT WARNING IN HESSE   
 ============== MATRIX FORCED POS-DEF BY ADDING 0.197616 TO DIAGONAL.
 EIGENVALUES OF SECOND-DERIVATIVE MATRIX:
        -7.6410e-01  1.0000e+00  2.7641e+00
 MINUIT WARNING IN HESSE   
 ============== MATRIX FORCED POS-DEF BY ADDING 0.766862 TO DIAGONAL.
 MINUIT WARNING IN HESSE   
 ============== Negative diagonal element 1 in Error Matrix
 MINUIT WARNING IN HESSE   
 ============== 11661.6 added to diagonal of error matrix
 EIGENVALUES OF SECOND-DERIVATIVE MATRIX:
        -8.4858e+01  1.0000e+00  8.6858e+01
 MINUIT WARNING IN HESSE   
 ============== MATRIX FORCED POS-DEF BY ADDING 84.944468 TO DIAGONAL.
 MINUIT WARNING IN MNContour 
 ============== Cannot find midpoint, try closer.
 MINUIT WARNING IN HESSE   
 ============== Negative diagonal element 1 in Error Matrix
 MINUIT WARNING IN HESSE   
 ============== 3169.8 added to diagonal of error matrix
 MINUIT WARNING IN HESSE   
 ============== Negative diagonal element 1 in Error Matrix
 MINUIT WARNING IN HESSE   
 ============== 2615.46 added to diagonal of error matrix
 EIGENVALUES OF SECOND-DERIVATIVE MATRIX:
        -1.3241e+01  9.9984e-01  1.5242e+01
 MINUIT WARNING IN HESSE   
 ============== MATRIX FORCED POS-DEF BY ADDING 13.256658 TO DIAGONAL.
 MINUIT WARNING IN MIGRAD  
 ============== Negative diagonal element 1 in Error Matrix
 MINUIT WARNING IN MIGRAD  
 ============== 1.02324 added to diagonal of error matrix
 MINUIT WARNING IN HESSE   
 ============== Negative diagonal element 1 in Error Matrix
 MINUIT WARNING IN HESSE   
 ============== 283.873 added to diagonal of error matrix
 EIGENVALUES OF SECOND-DERIVATIVE MATRIX:
        -2.1940e+01  9.9949e-01  2.3941e+01
 MINUIT WARNING IN HESSE   
 ============== MATRIX FORCED POS-DEF BY ADDING 21.964024 TO DIAGONAL.
 MINUIT WARNING IN HESSE   
 ============== Negative diagonal element 1 in Error Matrix
 MINUIT WARNING IN HESSE   
 ============== 3648.84 added to diagonal of error matrix
 EIGENVALUES OF SECOND-DERIVATIVE MATRIX:
        -9.4019e+01  1.0004e+00  9.6019e+01
 MINUIT WARNING IN HESSE   
 ============== MATRIX FORCED POS-DEF BY ADDING 94.115427 TO DIAGONAL.
 MINUIT WARNING IN HESSE   
 ============== Negative diagonal element 1 in Error Matrix
 MINUIT WARNING IN HESSE   
 ============== 3654.08 added to diagonal of error matrix
 EIGENVALUES OF SECOND-DERIVATIVE MATRIX:
        -9.2343e+01  1.0003e+00  9.4343e+01
 MINUIT WARNING IN HESSE   
 ============== MATRIX FORCED POS-DEF BY ADDING 92.437217 TO DIAGONAL.
 MINUIT WARNING IN HESSE   
 ============== Negative diagonal element 1 in Error Matrix
 MINUIT WARNING IN HESSE   
 ============== 3654.08 added to diagonal of error matrix
 EIGENVALUES OF SECOND-DERIVATIVE MATRIX:
        -9.2341e+01  1.0003e+00  9.4341e+01
 MINUIT WARNING IN HESSE   
 ============== MATRIX FORCED POS-DEF BY ADDING 92.435299 TO DIAGONAL.
 MINUIT WARNING IN HESSE   
 ============== Negative diagonal element 1 in Error Matrix
 MINUIT WARNING IN HESSE   
 ============== 5434.97 added to diagonal of error matrix
 EIGENVALUES OF SECOND-DERIVATIVE MATRIX:
        -3.8176e+01  1.0000e+00  4.0176e+01
 MINUIT WARNING IN HESSE   
 ============== MATRIX FORCED POS-DEF BY ADDING 38.216242 TO DIAGONAL.
 MINUIT WARNING IN HESSE   
 ============== Negative diagonal element 1 in Error Matrix
 MINUIT WARNING IN HESSE   
 ============== 5434.74 added to diagonal of error matrix
 EIGENVALUES OF SECOND-DERIVATIVE MATRIX:
        -3.8865e+01  1.0000e+00  4.0865e+01
 MINUIT WARNING IN HESSE   
 ============== MATRIX FORCED POS-DEF BY ADDING 38.905823 TO DIAGONAL.
 EIGENVALUES OF SECOND-DERIVATIVE MATRIX:
        -1.9429e+00  2.5117e-01  4.6917e+00
 MINUIT WARNING IN HESSE   
 ============== MATRIX FORCED POS-DEF BY ADDING 1.947545 TO DIAGONAL.
 MINUIT WARNING IN MNContour 
 ============== Cannot find midpoint, try closer.
 MINUIT WARNING IN HESSE   
 ============== Negative diagonal element 1 in Error Matrix
 MINUIT WARNING IN HESSE   
 ============== 1705.74 added to diagonal of error matrix
 MINUIT WARNING IN HESSE   
 ============== Negative diagonal element 3 in Error Matrix
 MINUIT WARNING IN HESSE   
 ============== 5928.37 added to diagonal of error matrix
 EIGENVALUES OF SECOND-DERIVATIVE MATRIX:
        -4.4258e+00  9.9911e-01  6.4267e+00
 MINUIT WARNING IN HESSE   
 ============== MATRIX FORCED POS-DEF BY ADDING 4.432219 TO DIAGONAL.
 EIGENVALUES OF SECOND-DERIVATIVE MATRIX:
        -1.0448e-01  1.1043e+00  2.0002e+00
 MINUIT WARNING IN HESSE   
 ============== MATRIX FORCED POS-DEF BY ADDING 0.106478 TO DIAGONAL.
 MNCONT CANNOT FIND NEXT POINT ON CONTOUR.  ONLY  29 POINTS FOUND.
 Y-AXIS: PARAMETER   2  y
                         X-AXIS: PARAMETER   1  x
   29 POINTS ON CONTOUR.   FMIN=  8.61793e+00   ERRDEF=       19.3
         xyxy
     1 -4.03787e-03  6.78526e-03             16 -1.88579e-03  9.51534e-03
     2 -3.33265e-03  5.09623e-03             17 -2.52781e-03  6.64937e-03
     3 -1.50326e-03  5.03693e-03             18 -5.26080e-05  5.06844e-03
     4  1.56161e-03  4.74113e-03             19  5.20789e-03  4.62908e-03
     5  4.14969e-03  3.25327e-03             20  4.65755e-03  7.87013e-03
     6  6.88978e-03  2.06845e-03             21  5.17766e-03  6.01219e-03
     7  8.58824e-03  2.32961e-03             22  9.20823e-03  2.55223e-03
     8  1.01428e-02  3.06193e-03             23  1.18026e-02  5.82956e-03
     9  1.13483e-02  4.33542e-03             24  9.84449e-03  9.52245e-03
    10  1.18083e-02  6.02762e-03             25  4.65210e-03  1.11576e-02
    11  1.15930e-02  7.24022e-03             26  2.45906e-03  9.63600e-03
    12  1.10168e-02  8.32868e-03             27 -1.90369e-04  9.96016e-03
    13  9.20727e-03  9.95560e-03             28 -2.68557e-03  9.06522e-03
    14  8.13099e-03  1.04930e-02             29 -2.26616e-03  7.27544e-03
    15  2.92336e-03  9.42842e-03
calling adam's find point with errordef 19.33
testing
initX = 0.00484408, initY = 0.00680932
 **********
 **    9 **SET ERRDEF       11.83
 **********
 START MNCONTOUR CALCULATION OF 3600 POINTS ON CONTOUR.
 EACH POINT IS A MINIMUM WITH RESPECT TO THE OTHER   3 VARIABLE PARAMETERS.
 MINUIT WARNING IN HESSE   
 ============== Negative diagonal element 1 in Error Matrix
 MINUIT WARNING IN HESSE   
 ============== 9327.03 added to diagonal of error matrix
 EIGENVALUES OF SECOND-DERIVATIVE MATRIX:
        -1.1924e+02  1.0000e+00  1.2124e+02
 MINUIT WARNING IN HESSE   
 ============== MATRIX FORCED POS-DEF BY ADDING 119.365639 TO DIAGONAL.
 MINUIT WARNING IN MIGRAD  
 ============== Negative diagonal element 1 in Error Matrix
 MINUIT WARNING IN MIGRAD  
 ============== Negative diagonal element 2 in Error Matrix
 MINUIT WARNING IN MIGRAD  
 ============== 1.10849 added to diagonal of error matrix
 MINUIT WARNING IN HESSE   
 ============== Negative diagonal element 3 in Error Matrix
 MINUIT WARNING IN HESSE   
 ============== 797.703 added to diagonal of error matrix
 MINUIT WARNING IN HESSE   
 ============== Negative diagonal element 1 in Error Matrix
 MINUIT WARNING IN HESSE   
 ============== 3724.97 added to diagonal of error matrix
 EIGENVALUES OF SECOND-DERIVATIVE MATRIX:
        -1.2477e-01  9.9629e-01  2.1285e+00
 MINUIT WARNING IN HESSE   
 ============== MATRIX FORCED POS-DEF BY ADDING 0.126901 TO DIAGONAL.
 MINUIT WARNING IN MIGRAD  
 ============== Negative diagonal element 1 in Error Matrix
 MINUIT WARNING IN MIGRAD  
 ============== 1.00073 added to diagonal of error matrix
 EIGENVALUES OF SECOND-DERIVATIVE MATRIX:
        -3.2260e-02  1.0000e+00  2.0323e+00
 MINUIT WARNING IN HESSE   
 ============== MATRIX FORCED POS-DEF BY ADDING 0.034292 TO DIAGONAL.
 MINUIT WARNING IN HESSE   
 ============== Negative diagonal element 1 in Error Matrix
 MINUIT WARNING IN HESSE   
 ============== 1234.78 added to diagonal of error matrix
 EIGENVALUES OF SECOND-DERIVATIVE MATRIX:
        -8.8616e-01  1.0071e+00  2.8791e+00
 MINUIT WARNING IN HESSE   
 ============== MATRIX FORCED POS-DEF BY ADDING 0.889040 TO DIAGONAL.
 MINUIT WARNING IN MIGRAD  
 ============== Negative diagonal element 1 in Error Matrix
 MINUIT WARNING IN MIGRAD  
 ============== 1.00123 added to diagonal of error matrix
 MINUIT WARNING IN HESSE   
 ============== Negative diagonal element 1 in Error Matrix
 MINUIT WARNING IN HESSE   
 ============== 1316.68 added to diagonal of error matrix
 EIGENVALUES OF SECOND-DERIVATIVE MATRIX:
        -9.2724e-01  1.0006e+00  2.9267e+00
 MINUIT WARNING IN HESSE   
 ============== MATRIX FORCED POS-DEF BY ADDING 0.930167 TO DIAGONAL.
 MINUIT WARNING IN MIGRAD  
 ============== Negative diagonal element 1 in Error Matrix
 MINUIT WARNING IN MIGRAD  
 ============== 1.00159 added to diagonal of error matrix
 MINUIT WARNING IN MIGRAD  
 ============== Negative diagonal element 1 in Error Matrix
 MINUIT WARNING IN MIGRAD  
 ============== Negative diagonal element 2 in Error Matrix
 MINUIT WARNING IN MIGRAD  
 ============== 1.00171 added to diagonal of error matrix
 MINUIT WARNING IN HESSE   
 ============== Negative diagonal element 1 in Error Matrix
 MINUIT WARNING IN HESSE   
 ============== 19338.9 added to diagonal of error matrix
 EIGENVALUES OF SECOND-DERIVATIVE MATRIX:
        -1.6074e+01  1.0010e+00  1.8073e+01
 MINUIT WARNING IN HESSE   
 ============== MATRIX FORCED POS-DEF BY ADDING 16.092498 TO DIAGONAL.
 MINUIT WARNING IN HESSE   
 ============== Negative diagonal element 1 in Error Matrix
 MINUIT WARNING IN HESSE   
 ============== 102.231 added to diagonal of error matrix
 EIGENVALUES OF SECOND-DERIVATIVE MATRIX:
        -4.1493e+00  1.0001e+00  6.1493e+00
 MINUIT WARNING IN HESSE   
 ============== MATRIX FORCED POS-DEF BY ADDING 4.155497 TO DIAGONAL.
 MINUIT WARNING IN MIGRAD  
 ============== Negative diagonal element 1 in Error Matrix
 MINUIT WARNING IN MIGRAD  
 ============== 1.02056 added to diagonal of error matrix
 MINUIT WARNING IN HESSE   
 ============== Negative diagonal element 3 in Error Matrix
 MINUIT WARNING IN HESSE   
 ============== 71.6645 added to diagonal of error matrix
 EIGENVALUES OF SECOND-DERIVATIVE MATRIX:
        -1.0384e+00  4.2527e-01  3.6131e+00
 MINUIT WARNING IN HESSE   
 ============== MATRIX FORCED POS-DEF BY ADDING 1.042024 TO DIAGONAL.
 MINUIT WARNING IN MIGRAD  
 ============== Negative diagonal element 3 in Error Matrix
 MINUIT WARNING IN MIGRAD  
 ============== 1.36282 added to diagonal of error matrix
 MINUIT WARNING IN MNContour 
 ============== Cannot find midpoint, try closer.
 MINUIT WARNING IN HESSE   
 ============== Negative diagonal element 1 in Error Matrix
 MINUIT WARNING IN HESSE   
 ============== 5999.04 added to diagonal of error matrix
 MINUIT WARNING IN MIGRAD  
 ============== Negative diagonal element 1 in Error Matrix
 MINUIT WARNING IN MIGRAD  
 ============== 1.00016 added to diagonal of error matrix
 MINUIT WARNING IN HESSE   
 ============== Negative diagonal element 3 in Error Matrix
 MINUIT WARNING IN HESSE   
 ============== 923.107 added to diagonal of error matrix
 EIGENVALUES OF SECOND-DERIVATIVE MATRIX:
        -9.4310e-01  4.3941e-01  3.5037e+00
 MINUIT WARNING IN HESSE   
 ============== MATRIX FORCED POS-DEF BY ADDING 0.946604 TO DIAGONAL.
 MINUIT WARNING IN MIGRAD  
 ============== Negative diagonal element 3 in Error Matrix
 MINUIT WARNING IN MIGRAD  
 ============== 1.02958 added to diagonal of error matrix
 MINUIT WARNING IN HESSE   
 ============== Negative diagonal element 1 in Error Matrix
 MINUIT WARNING IN HESSE   
 ============== 5056.38 added to diagonal of error matrix
 EIGENVALUES OF SECOND-DERIVATIVE MATRIX:
        -5.0915e+01  1.0001e+00  5.2915e+01
 MINUIT WARNING IN HESSE   
 ============== MATRIX FORCED POS-DEF BY ADDING 50.967531 TO DIAGONAL.
 MINUIT WARNING IN MIGRAD  
 ============== Negative diagonal element 1 in Error Matrix
 MINUIT WARNING IN MIGRAD  
 ============== Negative diagonal element 2 in Error Matrix
 MINUIT WARNING IN MIGRAD  
 ============== 1.24176 added to diagonal of error matrix
 MNCONT CANNOT FIND NEXT POINT ON CONTOUR.  ONLY  23 POINTS FOUND.
 Y-AXIS: PARAMETER   2  y
                         X-AXIS: PARAMETER   1  x
   23 POINTS ON CONTOUR.   FMIN=  8.61793e+00   ERRDEF=       11.8
         xyxy
     1 -1.54062e-03  5.75263e-03             13  9.77428e-03  8.03633e-03
     2  4.77383e-04  5.31969e-03             14  9.10462e-03  8.74373e-03
     3  2.44264e-03  4.68919e-03             15  8.30782e-03  9.30405e-03
     4  3.36104e-03  4.20316e-03             16  6.55109e-03  1.00034e-02
     5  4.25114e-03  3.66707e-03             17  4.67388e-03  1.02300e-02
     6  6.25526e-03  3.12036e-03             18  2.63255e-03  9.95968e-03
     7  7.65574e-03  3.29500e-03             19  2.20303e-03  8.39036e-03
     8  8.96172e-03  3.83001e-03             20  7.50689e-04  9.12381e-03
     9  1.00141e-02  4.82476e-03             21 -2.84824e-04  8.59093e-03
    10  1.03233e-02  5.48799e-03             22 -1.32738e-03  8.07196e-03
    11  1.04296e-02  6.21200e-03             23 -1.18465e-03  6.88937e-03
    12  1.02499e-02  7.17732e-03
 MINUIT WARNING IN MIGRAD  
 ============== VARIABLE3 IS AT ITS LOWER ALLOWED LIMIT.
calling adam's find point with errordef 11.83
testing
initX = 0.00484408, initY = 0.00680932
 **********
 **   10 **SET ERRDEF        6.18
 **********
 START MNCONTOUR CALCULATION OF 3600 POINTS ON CONTOUR.
 EACH POINT IS A MINIMUM WITH RESPECT TO THE OTHER   3 VARIABLE PARAMETERS.
 MINUIT WARNING IN HESSE   
 ============== Negative diagonal element 1 in Error Matrix
 MINUIT WARNING IN HESSE   
 ============== 3399.03 added to diagonal of error matrix
 EIGENVALUES OF SECOND-DERIVATIVE MATRIX:
        -9.5549e-01  9.9801e-01  2.9575e+00
 MINUIT WARNING IN HESSE   
 ============== MATRIX FORCED POS-DEF BY ADDING 0.958449 TO DIAGONAL.
 MINUIT WARNING IN HESSE   
 ============== Negative diagonal element 1 in Error Matrix
 MINUIT WARNING IN HESSE   
 ============== 278.445 added to diagonal of error matrix
 EIGENVALUES OF SECOND-DERIVATIVE MATRIX:
        -3.8374e+00  1.0003e+00  5.8371e+00
 MINUIT WARNING IN HESSE   
 ============== MATRIX FORCED POS-DEF BY ADDING 3.843226 TO DIAGONAL.
 EIGENVALUES OF SECOND-DERIVATIVE MATRIX:
        -2.2669e-01  1.0000e+00  2.2267e+00
 MINUIT WARNING IN HESSE   
 ============== MATRIX FORCED POS-DEF BY ADDING 0.228914 TO DIAGONAL.
 MINUIT WARNING IN MIGRAD  
 ============== Negative diagonal element 1 in Error Matrix
 MINUIT WARNING IN MIGRAD  
 ============== Negative diagonal element 2 in Error Matrix
 MINUIT WARNING IN MIGRAD  
 ============== 1.00351 added to diagonal of error matrix
 MINUIT WARNING IN HESSE   
 ============== Negative diagonal element 1 in Error Matrix
 MINUIT WARNING IN HESSE   
 ============== 1831.61 added to diagonal of error matrix
 EIGENVALUES OF SECOND-DERIVATIVE MATRIX:
        -4.1775e+01  1.0000e+00  4.3775e+01
 MINUIT WARNING IN HESSE   
 ============== MATRIX FORCED POS-DEF BY ADDING 41.818589 TO DIAGONAL.
 MINUIT WARNING IN MNContour 
 ============== Cannot find midpoint, try closer.
 EIGENVALUES OF SECOND-DERIVATIVE MATRIX:
        -7.1365e-02  1.0000e+00  2.0714e+00
 MINUIT WARNING IN HESSE   
 ============== MATRIX FORCED POS-DEF BY ADDING 0.073437 TO DIAGONAL.
 EIGENVALUES OF SECOND-DERIVATIVE MATRIX:
        -8.8222e-03  1.0000e+00  2.0088e+00
 MINUIT WARNING IN HESSE   
 ============== MATRIX FORCED POS-DEF BY ADDING 0.010831 TO DIAGONAL.
 EIGENVALUES OF SECOND-DERIVATIVE MATRIX:
        -1.9571e-01  9.9999e-01  2.1957e+00
 MINUIT WARNING IN HESSE   
 ============== MATRIX FORCED POS-DEF BY ADDING 0.197904 TO DIAGONAL.
 MINUIT WARNING IN HESSE   
 ============== Negative diagonal element 1 in Error Matrix
 MINUIT WARNING IN HESSE   
 ============== 1784.37 added to diagonal of error matrix
 EIGENVALUES OF SECOND-DERIVATIVE MATRIX:
        -4.8314e+00  1.0002e+00  6.8312e+00
 MINUIT WARNING IN HESSE   
 ============== MATRIX FORCED POS-DEF BY ADDING 4.838231 TO DIAGONAL.
 MINUIT WARNING IN MIGRAD  
 ============== Negative diagonal element 1 in Error Matrix
 MINUIT WARNING IN MIGRAD  
 ============== 1.00116 added to diagonal of error matrix
 EIGENVALUES OF SECOND-DERIVATIVE MATRIX:
        -8.7898e-03  9.9995e-01  2.0088e+00
 MINUIT WARNING IN HESSE   
 ============== MATRIX FORCED POS-DEF BY ADDING 0.010799 TO DIAGONAL.
 MINUIT WARNING IN HESSE   
 ============== Negative diagonal element 1 in Error Matrix
 MINUIT WARNING IN HESSE   
 ============== 389.222 added to diagonal of error matrix
 EIGENVALUES OF SECOND-DERIVATIVE MATRIX:
        -1.3914e+01  9.9984e-01  1.5914e+01
 MINUIT WARNING IN HESSE   
 ============== MATRIX FORCED POS-DEF BY ADDING 13.929915 TO DIAGONAL.
 MINUIT WARNING IN HESSE   
 ============== Negative diagonal element 1 in Error Matrix
 MINUIT WARNING IN HESSE   
 ============== 1319 added to diagonal of error matrix
 MINUIT WARNING IN MIGRAD  
 ============== Negative diagonal element 1 in Error Matrix
 MINUIT WARNING IN MIGRAD  
 ============== 1.00189 added to diagonal of error matrix
 MINUIT WARNING IN HESSE   
 ============== Negative diagonal element 1 in Error Matrix
 MINUIT WARNING IN HESSE   
 ============== 350.358 added to diagonal of error matrix
 EIGENVALUES OF SECOND-DERIVATIVE MATRIX:
        -1.0466e+01  9.9875e-01  1.2468e+01
 MINUIT WARNING IN HESSE   
 ============== MATRIX FORCED POS-DEF BY ADDING 10.478741 TO DIAGONAL.
 MINUIT WARNING IN MIGRAD  
 ============== Negative diagonal element 1 in Error Matrix
 MINUIT WARNING IN MIGRAD  
 ============== Negative diagonal element 2 in Error Matrix
 MINUIT WARNING IN MIGRAD  
 ============== 1.01236 added to diagonal of error matrix
 MINUIT WARNING IN MNContour 
 ============== Cannot find midpoint, try closer.
 MINUIT WARNING IN HESSE   
 ============== Negative diagonal element 1 in Error Matrix
 MINUIT WARNING IN HESSE   
 ============== 1151.4 added to diagonal of error matrix
 MINUIT WARNING IN MIGRAD  
 ============== Negative diagonal element 1 in Error Matrix
 MINUIT WARNING IN MIGRAD  
 ============== 1.0021 added to diagonal of error matrix
 MINUIT WARNING IN HESSE   
 ============== Negative diagonal element 1 in Error Matrix
 MINUIT WARNING IN HESSE   
 ============== 106.867 added to diagonal of error matrix
 EIGENVALUES OF SECOND-DERIVATIVE MATRIX:
        -1.6814e+01  9.9837e-01  1.8816e+01
 MINUIT WARNING IN HESSE   
 ============== MATRIX FORCED POS-DEF BY ADDING 16.832832 TO DIAGONAL.
 MINUIT WARNING IN MNContour 
 ============== Cannot find midpoint, try closer.
 MINUIT WARNING IN HESSE   
 ============== Negative diagonal element 1 in Error Matrix
 MINUIT WARNING IN HESSE   
 ============== 959.749 added to diagonal of error matrix
 MINUIT WARNING IN MIGRAD  
 ============== Negative diagonal element 1 in Error Matrix
 MINUIT WARNING IN MIGRAD  
 ============== 1.00252 added to diagonal of error matrix
 MINUIT WARNING IN HESSE   
 ============== Negative diagonal element 1 in Error Matrix
 MINUIT WARNING IN HESSE   
 ============== 381.233 added to diagonal of error matrix
 MINUIT WARNING IN MIGRAD  
 ============== Negative diagonal element 1 in Error Matrix
 MINUIT WARNING IN MIGRAD  
 ============== 1.00577 added to diagonal of error matrix
 EIGENVALUES OF SECOND-DERIVATIVE MATRIX:
        -2.6958e-01  2.0116e-01  3.0684e+00
 MINUIT WARNING IN MIGRAD  
 ============== MATRIX FORCED POS-DEF BY ADDING 0.272653 TO DIAGONAL.
 MINUIT WARNING IN HESSE   
 ============== Negative diagonal element 1 in Error Matrix
 MINUIT WARNING IN HESSE   
 ============== 6.26121 added to diagonal of error matrix
 MNCONT CANNOT FIND NEXT POINT ON CONTOUR.  ONLY  18 POINTS FOUND.
 Y-AXIS: PARAMETER   2  y
                         X-AXIS: PARAMETER   1  x
   18 POINTS ON CONTOUR.   FMIN=  8.61793e+00   ERRDEF=       6.18
         xyxy
     1  2.33108e-04  6.45758e-03             10  8.84720e-03  7.11127e-03
     2  1.37403e-03  5.47556e-03             11  8.48037e-03  7.73680e-03
     3  2.77143e-03  4.91581e-03             12  7.37531e-03  8.64433e-03
     4  4.15917e-03  4.35490e-03             13  6.73561e-03  8.93751e-03
     5  5.64294e-03  4.15781e-03             14  4.69013e-03  9.29783e-03
     6  6.72720e-03  4.26436e-03             15  3.23464e-03  9.12324e-03
     7  7.75708e-03  4.61977e-03             16  2.24172e-03  8.77640e-03
     8  8.62614e-03  5.33437e-03             17  1.34207e-03  8.23158e-03
     9  8.98763e-03  6.39985e-03             18  6.01874e-04  7.46067e-03
calling adam's find point with errordef 6.18
testing
initX = 0.00484408, initY = 0.00680932
 **********
 **   11 **SET ERRDEF         2.3
 **********
 START MNCONTOUR CALCULATION OF 3600 POINTS ON CONTOUR.
 EACH POINT IS A MINIMUM WITH RESPECT TO THE OTHER   3 VARIABLE PARAMETERS.
 MINUIT WARNING IN HESSE   
 ============== Negative diagonal element 1 in Error Matrix
 MINUIT WARNING IN HESSE   
 ============== 3078.19 added to diagonal of error matrix
 EIGENVALUES OF SECOND-DERIVATIVE MATRIX:
        -6.0526e+00  1.0001e+00  8.0526e+00
 MINUIT WARNING IN HESSE   
 ============== MATRIX FORCED POS-DEF BY ADDING 6.060700 TO DIAGONAL.
 MINUIT WARNING IN MIGRAD  
 ============== Negative diagonal element 1 in Error Matrix
 MINUIT WARNING IN MIGRAD  
 ============== 1.00079 added to diagonal of error matrix
 EIGENVALUES OF SECOND-DERIVATIVE MATRIX:
        -1.0316e-01  9.9999e-01  2.1032e+00
 MINUIT WARNING IN HESSE   
 ============== MATRIX FORCED POS-DEF BY ADDING 0.105264 TO DIAGONAL.
 EIGENVALUES OF SECOND-DERIVATIVE MATRIX:
        -9.7003e-02  9.9996e-01  2.0970e+00
 MINUIT WARNING IN HESSE   
 ============== MATRIX FORCED POS-DEF BY ADDING 0.099100 TO DIAGONAL.
 MINUIT WARNING IN MIGRAD  
 ============== Negative diagonal element 1 in Error Matrix
 MINUIT WARNING IN MIGRAD  
 ============== Negative diagonal element 2 in Error Matrix
 MINUIT WARNING IN MIGRAD  
 ============== 1.00751 added to diagonal of error matrix
 EIGENVALUES OF SECOND-DERIVATIVE MATRIX:
        -1.5035e-02  9.9459e-01  2.0204e+00
 MINUIT WARNING IN MIGRAD  
 ============== MATRIX FORCED POS-DEF BY ADDING 0.017056 TO DIAGONAL.
 MINUIT WARNING IN MNContour 
 ============== Cannot find midpoint, try closer.
 EIGENVALUES OF SECOND-DERIVATIVE MATRIX:
        -7.4472e-02  9.9985e-01  2.0746e+00
 MINUIT WARNING IN HESSE   
 ============== MATRIX FORCED POS-DEF BY ADDING 0.076547 TO DIAGONAL.
 MNCONT CANNOT FIND NEXT POINT ON CONTOUR.  ONLY  27 POINTS FOUND.
 Y-AXIS: PARAMETER   2  y
                         X-AXIS: PARAMETER   1  x
   27 POINTS ON CONTOUR.   FMIN=  8.61793e+00   ERRDEF=        2.3
         xyxy
     1  2.05079e-03  6.78258e-03             15  7.44150e-03  6.58884e-03
     2  2.20796e-03  6.31798e-03             16  7.34540e-03  7.03247e-03
     3  2.55874e-03  5.97518e-03             17  7.10155e-03  7.41531e-03
     4  2.96841e-03  5.72884e-03             18  6.77235e-03  7.72048e-03
     5  3.40741e-03  5.53967e-03             19  6.39106e-03  7.95738e-03
     6  3.84758e-03  5.39890e-03             20  5.99099e-03  8.12852e-03
     7  4.29817e-03  5.29631e-03             21  5.57237e-03  8.24726e-03
     8  4.75589e-03  5.23227e-03             22  4.70886e-03  8.34012e-03
     9  5.21753e-03  5.20994e-03             23  3.89610e-03  8.25850e-03
    10  5.91917e-03  5.26962e-03             24  3.11926e-03  8.00603e-03
    11  6.59280e-03  5.47475e-03             25  2.75064e-03  7.80109e-03
    12  6.91141e-03  5.65784e-03             26  2.42221e-03  7.53650e-03
    13  7.18274e-03  5.90565e-03             27  2.16240e-03  7.19605e-03
    14  7.37360e-03  6.22396e-03
calling adam's find point with errordef 2.3
testing
initX = 0.00484408, initY = 0.00680932
drawing contour4
drawing contour3
drawing contour2
drawing contour1
 **********
 **   12 **SET ERRDEF           1
 **********
