fitresult : 0 +/- 0 (0, 0, 0) 1 plainx 0 none 3 
hfag_ycp : 0.00866 +/- 0.00155 (0.00155, 0, 0) 1 ycp 2 none 3 
hfag_agamma : -0.00022 +/- 0.00161 (0.00161, 0, 0) 1 agamma 3 none 3 
lhcb_agamma_kk : -0.00035 +/- 0.000631506 (0.00062, 0.00012, 0) 1 agamma 3 none 3 
lhcb_agamma_pipi : 0.00033 +/- 0.00106921 (0.00106, 0.00014, 0) 1 agamma 3 none 3 
lhcb_rd : 0.003568 +/- 6.67308e-05 (5.8e-05, 3.3e-05, 0) 1 rsubd 16 none 3 
lhcb_yprime_p : 0.00446 +/- 0.00105688 (0.00089, 0.00057, 0) 1 yprimep 8 kpi 0 
lhcb_xp2_p : 7.7e-05 +/- 5.43783e-05 (4.6e-05, 2.9e-05, 0) 1 xprimep 5 kpi 0 
lhcb_yprime_m : 0.00517 +/- 0.00106231 (0.00089, 0.00058, 0) 1 yprimem 9 kpi 0 
lhcb_xp2_m : 3.2e-05 +/- 5.57584e-05 (4.7e-05, 3e-05, 0) 1 xprimem 6 kpi 0 
belle_kspipi_x : 0.00811 +/- 0.00334 (0.00334, 0, 0) 1 plainx 0 none 3 
belle_kspipi_y : 0.00309 +/- 0.00281 (0.00281, 0, 0) 1 plainy 1 none 3 
belle_qoverp : 0.95 +/- 0.241661 (0.22, 0.1, 0) 1 qoverp 18 none 3 
belle_phi : -0.035 +/- 0.210238 (0.19, 0.09, 0) 1 phi 19 none 3 
cleo_cosd : 0.81 +/- 0.208806 (0.2, 0.06, 0) 1 cosangle 10 kpi 0 
cleo_sind : -0.01 +/- 0.411947 (0.41, 0.04, 0) 1 sinangle 11 kpi 0 
cleo_rd : 0.00533 +/- 0.00116078 (0.00107, 0.00045, 0) 1 rsubd 16 none 3 
cleo_xp2 : 0.0006 +/- 0.00254951 (0.0023, 0.0011, 0) 1 xprime 4 kpi 0 
cleo_yprime : 0.042 +/- 0.0223607 (0.02, 0.01, 0) 1 yprime 7 kpi 0 
cdf_rd : 0.00304 +/- 0.00055 (0.00055, 0, 0) 1 rsubd 16 none 3 
cdf_xp2 : -0.00012 +/- 0.00035 (0.00035, 0, 0) 1 xprime 4 kpi 0 
cdf_yprime : 0.0085 +/- 0.0076 (0.0076, 0, 0) 1 yprime 7 kpi 0 
belle_rd : 0.00364 +/- 0.00018 (0.00018, 0, 0) 1 rsubd 16 none 3 
belle_xp2_m : 6e-05 +/- 0.00034 (0.00034, 0, 0) 1 xprimem 6 kpi 0 
belle_yprime_m : 0.002 +/- 0.0054 (0.0054, 0, 0) 1 yprimem 9 kpi 0 
belle_xp2_p : 0.00032 +/- 0.00037 (0.00037, 0, 0) 1 xprimep 5 kpi 0 
belle_yprime_p : -0.0012 +/- 0.0058 (0.0058, 0, 0) 1 yprimep 8 kpi 0 
babar_rd : 0.00303 +/- 0.000189 (0.000189, 0, 0) 1 rsubd 16 none 3 
babar_xp2_m : -0.0002 +/- 0.0005 (0.0005, 0, 0) 1 xprimem 6 kpi 0 
babar_yprime_m : 0.0096 +/- 0.0075 (0.0075, 0, 0) 1 yprimem 9 kpi 0 
babar_xp2_p : -0.00024 +/- 0.00052 (0.00052, 0, 0) 1 xprimep 5 kpi 0 
babar_yprime_p : 0.0098 +/- 0.0078 (0.0078, 0, 0) 1 yprimep 8 kpi 0 
babar_kspipi_x : 0.0016 +/- 0.00271477 (0.0023, 0.0012, 0.0008) 1 plainx 0 none 3 
babar_kspipi_y : 0.0057 +/- 0.00248596 (0.002, 0.0013, 0.0007) 1 plainy 1 none 3 
Activating result: hfag_ycp
Activating result: lhcb_xp2_m
Activating result: lhcb_yprime_m
Activating result: lhcb_rd
Activating result: lhcb_xp2_p
Activating result: lhcb_yprime_p
Activating result: belle_kspipi_x
Activating result: belle_kspipi_y
Activating result: belle_qoverp
Activating result: belle_phi
Activating result: cleo_cosd
Activating result: cleo_sind
Activating result: cdf_rd
Activating result: cdf_xp2
Activating result: cdf_yprime
Activating result: babar_kspipi_x
Activating result: babar_kspipi_y
Activating result: hfag_agamma
Following results will be used in fit: 
  hfag_ycp
  hfag_agamma
  lhcb_rd
  lhcb_yprime_p
  lhcb_xp2_p
  lhcb_yprime_m
  lhcb_xp2_m
  belle_kspipi_x
  belle_kspipi_y
  belle_qoverp
  belle_phi
  cleo_cosd
  cleo_sind
  cdf_rd
  cdf_xp2
  cdf_yprime
  babar_kspipi_x
  babar_kspipi_y
lhcb_rd is sensitive to x
hfag_ycp is sensitive to y
lhcb_yprime_p is sensitive to deltaKpi
lhcb_rd is sensitive to rsubdm
hfag_ycp is sensitive to qoverp
 PARAMETER DEFINITIONS:
    NO.   NAME         VALUE      STEP SIZE      LIMITS
     1 x            1.20000e-03  1.00000e-04   -1.00000e-01  1.50000e-01
     2 y            7.00000e-03  1.00000e-04   -1.00000e-01  1.50000e-01
     3 deltaKpi     3.00000e-01  1.00000e-02   -1.60000e+00  2.60000e+00
     4 deltaKpipi0   3.90000e-01  1.00000e-02   -3.00000e+00  2.00000e+00
 **********
 **    1 **FIX           4
 **********
 PARAMETER DEFINITIONS:
    NO.   NAME         VALUE      STEP SIZE      LIMITS
     5 phi          0.00000e+00  1.00000e-03   -3.15000e+00  3.15000e+00
 **********
 **    2 **FIX           5
 **********
 PARAMETER DEFINITIONS:
    NO.   NAME         VALUE      STEP SIZE      LIMITS
     6 rsubdm       3.40000e-03  1.00000e-04   -1.00000e-02  1.00000e-02
     7 rsubdp       3.40000e-03  1.00000e-04   -1.00000e-02  1.00000e-02
 **********
 **    3 **FIX           7
 **********
 PARAMETER DEFINITIONS:
    NO.   NAME         VALUE      STEP SIZE      LIMITS
     8 qoverp       1.00000e+00  1.00000e-02    2.50000e-01  1.90000e+00
 **********
 **    4 **SET STR            2
 **********
 NOW USING STRATEGY  2: MAKE SURE MINIMUM TRUE, ERRORS CORRECT  
 **********
 **    5 **MIGRAD
 **********
 FIRST CALL TO USER FUNCTION AT NEW START POINT, WITH IFLAG=4.
 START MIGRAD MINIMIZATION.  STRATEGY  2.  CONVERGENCE WHEN EDM .LT. 1.00e-04
 EIGENVALUES OF SECOND-DERIVATIVE MATRIX:
        -6.4709e-02  8.8350e-02  1.6930e-01  1.0004e+00  3.8066e+00
 MINUIT WARNING IN HESSE   
 ============== MATRIX FORCED POS-DEF BY ADDING 0.068515 TO DIAGONAL.
 FCN=35.7741 FROM HESSE     STATUS=NOT POSDEF     41 CALLS          42 TOTAL
                     EDM=29.2154    STRATEGY= 2      ERR MATRIX NOT POS-DEF
  EXT PARAMETER                APPROXIMATE        STEP         FIRST   
  NO.   NAME      VALUE            ERROR          SIZE      DERIVATIVE 
   1  x            1.20000e-03   5.60100e-03   3.79564e-04   2.51323e+02
   2  y            7.00000e-03   2.70930e-04   9.02661e-05  -1.25426e+03
   3  deltaKpi     3.00000e-01   4.67908e-01   1.84305e-03   8.44981e+01
   4  deltaKpipi0   3.90000e-01     fixed    
   5  phi          0.00000e+00     fixed    
   6  rsubdm       3.40000e-03   2.84755e-05   1.51448e-04  -2.73604e+03
   7  rsubdp       3.40000e-03     fixed    
   8  qoverp       1.00000e+00   1.98774e-02   2.30310e-03   3.08839e+01
 MIGRAD MINIMIZATION HAS CONVERGED.
 MIGRAD WILL VERIFY CONVERGENCE AND ERROR MATRIX.
 COVARIANCE MATRIX CALCULATED SUCCESSFULLY
 FCN=19.0559 FROM MIGRAD    STATUS=CONVERGED     242 CALLS         243 TOTAL
                     EDM=5.01178e-07    STRATEGY= 2      ERROR MATRIX ACCURATE 
  EXT PARAMETER                                   STEP         FIRST   
  NO.   NAME      VALUE            ERROR          SIZE      DERIVATIVE 
   1  x            4.84301e-03   1.78224e-03   1.11240e-05  -1.21486e-02
   2  y            6.79625e-03   1.02942e-03   2.03911e-06  -1.83231e-01
   3  deltaKpi     3.18620e-01   2.02099e-01   2.03075e-05   4.88712e-03
   4  deltaKpipi0   3.90000e-01     fixed    
   5  phi          0.00000e+00     fixed    
   6  rsubdm       3.55548e-03   4.64049e-05   3.51888e-06   1.04073e-01
   7  rsubdp       3.40000e-03     fixed    
   8  qoverp       9.93529e-01   1.35264e-02   3.58915e-05  -4.41999e-04
 EXTERNAL ERROR MATRIX.    NDIM=  25    NPAR=  5    ERR DEF=1
  3.177e-06 -1.841e-07 -7.146e-05  4.099e-08  2.196e-06 
 -1.841e-07  1.060e-06  2.018e-04  1.685e-08  8.029e-08 
 -7.146e-05  2.018e-04  4.097e-02  4.189e-06 -2.160e-05 
  4.099e-08  1.685e-08  4.189e-06  2.153e-09  2.432e-08 
  2.196e-06  8.029e-08 -2.160e-05  2.432e-08  1.830e-04 
 PARAMETER  CORRELATION COEFFICIENTS  
       NO.  GLOBAL      1      2      3      6      8
        1  0.93604   1.000 -0.100 -0.198  0.496  0.091
        2  0.99371  -0.100  1.000  0.968  0.353  0.006
        3  0.99539  -0.198  0.968  1.000  0.446 -0.008
        6  0.94602   0.496  0.353  0.446  1.000  0.039
        8  0.09407   0.091  0.006 -0.008  0.039  1.000
 i, outpar[i], err[i] =  0:  0.00484301 +- 0.00178224
 i, outpar[i], err[i] =  1:  0.00679625 +- 0.00102942
 i, outpar[i], err[i] =  2:  0.31862 +- 0.202099
 i, outpar[i], err[i] =  3:  0.39 +- 0
 i, outpar[i], err[i] =  4:  0 +- 0
 i, outpar[i], err[i] =  5:  0.00355548 +- 4.64049e-05
 i, outpar[i], err[i] =  6:  0.0034 +- 0
 i, outpar[i], err[i] =  7:  0.993529 +- 0.0135264
MixDrawer::graphicsXIndex = 0
name = fitresult
toDraw->getName() = fitresult
name = none
prevOpt->numContours = 5
-------------------------
Set LHCb Style - Feb 2012
-------------------------
Drawing 5 ellipses
 **********
 **    6 **MIGRAD
 **********
 START MIGRAD MINIMIZATION.  STRATEGY  2.  CONVERGENCE WHEN EDM .LT. 1.00e-04
 FCN=19.0559 FROM MIGRAD    STATUS=INITIATE       10 CALLS         253 TOTAL
                     EDM=2.50208e-07    STRATEGY= 2      ERROR MATRIX ACCURATE 
  EXT PARAMETER                                   STEP         FIRST   
  NO.   NAME      VALUE            ERROR          SIZE      DERIVATIVE 
   1  x            4.84301e-03   1.78224e-03   1.11240e-05  -1.21961e-02
   2  y            6.79625e-03   1.02942e-03   2.03911e-06  -1.83229e-01
   3  deltaKpi     3.18620e-01   2.02099e-01   2.03075e-05   4.89624e-03
   4  deltaKpipi0   3.90000e-01     fixed    
   5  phi          0.00000e+00     fixed    
   6  rsubdm       3.55548e-03   4.64049e-05   3.51888e-06   1.04072e-01
   7  rsubdp       3.40000e-03     fixed    
   8  qoverp       9.93529e-01   1.35264e-02   3.58915e-05  -4.45352e-04
 MIGRAD MINIMIZATION HAS CONVERGED.
 MIGRAD WILL VERIFY CONVERGENCE AND ERROR MATRIX.
 COVARIANCE MATRIX CALCULATED SUCCESSFULLY
 FCN=19.0559 FROM MIGRAD    STATUS=CONVERGED      62 CALLS         305 TOTAL
                     EDM=4.44382e-11    STRATEGY= 2      ERROR MATRIX ACCURATE 
  EXT PARAMETER                                   STEP         FIRST   
  NO.   NAME      VALUE            ERROR          SIZE      DERIVATIVE 
   1  x            4.84289e-03   1.78213e-03   1.11174e-05  -5.36032e-04
   2  y            6.79669e-03   1.02941e-03   2.03910e-06  -1.49620e-05
   3  deltaKpi     3.18694e-01   2.02087e-01   2.02912e-05   4.26905e-05
   4  deltaKpipi0   3.90000e-01     fixed    
   5  phi          0.00000e+00     fixed    
   6  rsubdm       3.55548e-03   4.64056e-05   3.51891e-06  -2.17318e-05
   7  rsubdp       3.40000e-03     fixed    
   8  qoverp       9.93529e-01   1.35265e-02   3.58706e-05   4.08922e-06
 EXTERNAL ERROR MATRIX.    NDIM=  25    NPAR=  5    ERR DEF=1
  3.176e-06 -1.839e-07 -7.145e-05  4.099e-08  2.195e-06 
 -1.839e-07  1.060e-06  2.018e-04  1.685e-08  8.042e-08 
 -7.145e-05  2.018e-04  4.097e-02  4.189e-06 -2.160e-05 
  4.099e-08  1.685e-08  4.189e-06  2.153e-09  2.432e-08 
  2.195e-06  8.042e-08 -2.160e-05  2.432e-08  1.830e-04 
 PARAMETER  CORRELATION COEFFICIENTS  
       NO.  GLOBAL      1      2      3      6      8
        1  0.93607   1.000 -0.100 -0.198  0.496  0.091
        2  0.99371  -0.100  1.000  0.968  0.353  0.006
        3  0.99539  -0.198  0.968  1.000  0.446 -0.008
        6  0.94602   0.496  0.353  0.446  1.000  0.039
        8  0.09405   0.091  0.006 -0.008  0.039  1.000
initx = 0.00484289
 **********
 **    7 **SET ERRDEF       28.74
 **********
 START MNCONTOUR CALCULATION OF 3600 POINTS ON CONTOUR.
 EACH POINT IS A MINIMUM WITH RESPECT TO THE OTHER   3 VARIABLE PARAMETERS.
 MINUIT WARNING IN HESSE   
 ============== Negative diagonal element 1 in Error Matrix
 MINUIT WARNING IN HESSE   
 ============== 16008.9 added to diagonal of error matrix
 EIGENVALUES OF SECOND-DERIVATIVE MATRIX:
        -1.8783e+01  1.0001e+00  2.0783e+01
 MINUIT WARNING IN HESSE   
 ============== MATRIX FORCED POS-DEF BY ADDING 18.804145 TO DIAGONAL.
 EIGENVALUES OF SECOND-DERIVATIVE MATRIX:
        -7.9169e-02  1.0000e+00  2.0792e+00
 MINUIT WARNING IN HESSE   
 ============== MATRIX FORCED POS-DEF BY ADDING 0.081248 TO DIAGONAL.
 MINUIT WARNING IN HESSE   
 ============== Negative diagonal element 1 in Error Matrix
 MINUIT WARNING IN HESSE   
 ============== 450.328 added to diagonal of error matrix
 MINUIT WARNING IN MNContour 
 ============== Cannot find midpoint, try closer.
 EIGENVALUES OF SECOND-DERIVATIVE MATRIX:
        -7.3723e-04  1.0000e+00  2.0007e+00
 MINUIT WARNING IN HESSE   
 ============== MATRIX FORCED POS-DEF BY ADDING 0.002738 TO DIAGONAL.
 MINUIT WARNING IN HESSE   
 ============== Negative diagonal element 1 in Error Matrix
 MINUIT WARNING IN HESSE   
 ============== 4168.84 added to diagonal of error matrix
 EIGENVALUES OF SECOND-DERIVATIVE MATRIX:
        -1.9721e-01  1.0005e+00  2.1967e+00
 MINUIT WARNING IN HESSE   
 ============== MATRIX FORCED POS-DEF BY ADDING 0.199405 TO DIAGONAL.
 MINUIT WARNING IN MIGRAD  
 ============== Negative diagonal element 1 in Error Matrix
 MINUIT WARNING IN MIGRAD  
 ============== 1.00047 added to diagonal of error matrix
 MINUIT WARNING IN MIGRAD  
 ============== Negative diagonal element 1 in Error Matrix
 MINUIT WARNING IN MIGRAD  
 ============== 1.01063 added to diagonal of error matrix
 MINUIT WARNING IN MIGRAD  
 ============== Negative diagonal element 1 in Error Matrix
 MINUIT WARNING IN MIGRAD  
 ============== 1.00967 added to diagonal of error matrix
 MINUIT WARNING IN HESSE   
 ============== Negative diagonal element 1 in Error Matrix
 MINUIT WARNING IN HESSE   
 ============== Negative diagonal element 3 in Error Matrix
 MINUIT WARNING IN HESSE   
 ============== 763.285 added to diagonal of error matrix
 EIGENVALUES OF SECOND-DERIVATIVE MATRIX:
        -4.3454e+00  1.0311e+00  6.3142e+00
 MINUIT WARNING IN HESSE   
 ============== MATRIX FORCED POS-DEF BY ADDING 4.351694 TO DIAGONAL.
 MINUIT WARNING IN HESSE   
 ============== Negative diagonal element 1 in Error Matrix
 MINUIT WARNING IN HESSE   
 ============== 8541.95 added to diagonal of error matrix
 EIGENVALUES OF SECOND-DERIVATIVE MATRIX:
        -7.3266e+01  1.0000e+00  7.5266e+01
 MINUIT WARNING IN HESSE   
 ============== MATRIX FORCED POS-DEF BY ADDING 73.340942 TO DIAGONAL.
 MINUIT WARNING IN HESSE   
 ============== Negative diagonal element 1 in Error Matrix
 MINUIT WARNING IN HESSE   
 ============== 5168.95 added to diagonal of error matrix
 EIGENVALUES OF SECOND-DERIVATIVE MATRIX:
        -2.0780e+00  9.9954e-01  4.0785e+00
 MINUIT WARNING IN HESSE   
 ============== MATRIX FORCED POS-DEF BY ADDING 2.082112 TO DIAGONAL.
 MINUIT WARNING IN HESSE   
 ============== Negative diagonal element 1 in Error Matrix
 MINUIT WARNING IN HESSE   
 ============== 28463.8 added to diagonal of error matrix
 EIGENVALUES OF SECOND-DERIVATIVE MATRIX:
        -1.7185e+01  1.0000e+00  1.9184e+01
 MINUIT WARNING IN HESSE   
 ============== MATRIX FORCED POS-DEF BY ADDING 17.203714 TO DIAGONAL.
 MINUIT WARNING IN HESSE   
 ============== Negative diagonal element 3 in Error Matrix
 MINUIT WARNING IN HESSE   
 ============== 448.632 added to diagonal of error matrix
 EIGENVALUES OF SECOND-DERIVATIVE MATRIX:
        -5.6876e-01  1.0000e+00  2.5687e+00
 MINUIT WARNING IN HESSE   
 ============== MATRIX FORCED POS-DEF BY ADDING 0.571328 TO DIAGONAL.
 EIGENVALUES OF SECOND-DERIVATIVE MATRIX:
        -2.7434e-02  9.9997e-01  2.0275e+00
 MINUIT WARNING IN HESSE   
 ============== MATRIX FORCED POS-DEF BY ADDING 0.029461 TO DIAGONAL.
 MINUIT WARNING IN HESSE   
 ============== Negative diagonal element 1 in Error Matrix
 MINUIT WARNING IN HESSE   
 ============== Negative diagonal element 3 in Error Matrix
 MINUIT WARNING IN HESSE   
 ============== 177924 added to diagonal of error matrix
 EIGENVALUES OF SECOND-DERIVATIVE MATRIX:
        -1.1660e+01  6.4140e-01  1.4019e+01
 MINUIT WARNING IN HESSE   
 ============== MATRIX FORCED POS-DEF BY ADDING 11.674343 TO DIAGONAL.
 EIGENVALUES OF SECOND-DERIVATIVE MATRIX:
        -8.6747e-03  2.7455e-01  2.7341e+00
 MINUIT WARNING IN HESSE   
 ============== MATRIX FORCED POS-DEF BY ADDING 0.011409 TO DIAGONAL.
 MINUIT WARNING IN MNContour 
 ============== Cannot find midpoint, try closer.
 EIGENVALUES OF SECOND-DERIVATIVE MATRIX:
        -1.7243e-01  1.0000e+00  2.1724e+00
 MINUIT WARNING IN HESSE   
 ============== MATRIX FORCED POS-DEF BY ADDING 0.174606 TO DIAGONAL.
 MINUIT WARNING IN MIGRAD  
 ============== Negative diagonal element 1 in Error Matrix
 MINUIT WARNING IN MIGRAD  
 ============== Negative diagonal element 2 in Error Matrix
 MINUIT WARNING IN MIGRAD  
 ============== 1.00939 added to diagonal of error matrix
 MINUIT WARNING IN HESSE   
 ============== Negative diagonal element 1 in Error Matrix
 MINUIT WARNING IN HESSE   
 ============== 16917.5 added to diagonal of error matrix
 EIGENVALUES OF SECOND-DERIVATIVE MATRIX:
        -1.5825e+01  1.0000e+00  1.7825e+01
 MINUIT WARNING IN HESSE   
 ============== MATRIX FORCED POS-DEF BY ADDING 15.842404 TO DIAGONAL.
 EIGENVALUES OF SECOND-DERIVATIVE MATRIX:
        -5.7505e-01  7.2921e-01  2.8458e+00
 MINUIT WARNING IN HESSE   
 ============== MATRIX FORCED POS-DEF BY ADDING 0.577895 TO DIAGONAL.
 MINUIT WARNING IN MNContour 
 ============== Cannot find midpoint, try closer.
 MINUIT WARNING IN HESSE   
 ============== Negative diagonal element 1 in Error Matrix
 MINUIT WARNING IN HESSE   
 ============== 19302.6 added to diagonal of error matrix
 EIGENVALUES OF SECOND-DERIVATIVE MATRIX:
        -7.4660e-01  9.9980e-01  2.7468e+00
 MINUIT WARNING IN HESSE   
 ============== MATRIX FORCED POS-DEF BY ADDING 0.749350 TO DIAGONAL.
 MINUIT WARNING IN MIGRAD  
 ============== Negative diagonal element 1 in Error Matrix
 MINUIT WARNING IN MIGRAD  
 ============== 1.00073 added to diagonal of error matrix
 MINUIT WARNING IN HESSE   
 ============== Negative diagonal element 1 in Error Matrix
 MINUIT WARNING IN HESSE   
 ============== 8409.9 added to diagonal of error matrix
 MINUIT WARNING IN HESSE   
 ============== Negative diagonal element 1 in Error Matrix
 MINUIT WARNING IN HESSE   
 ============== Negative diagonal element 3 in Error Matrix
 MINUIT WARNING IN HESSE   
 ============== 23075 added to diagonal of error matrix
 EIGENVALUES OF SECOND-DERIVATIVE MATRIX:
        -5.7993e+01  9.9975e-01  5.9993e+01
 MINUIT WARNING IN HESSE   
 ============== MATRIX FORCED POS-DEF BY ADDING 58.052585 TO DIAGONAL.
 MINUIT WARNING IN MNContour 
 ============== Cannot find midpoint, try closer.
 MINUIT WARNING IN HESSE   
 ============== Negative diagonal element 1 in Error Matrix
 MINUIT WARNING IN HESSE   
 ============== 6507.36 added to diagonal of error matrix
 MINUIT WARNING IN HESSE   
 ============== Negative diagonal element 1 in Error Matrix
 MINUIT WARNING IN HESSE   
 ============== 8692.39 added to diagonal of error matrix
 EIGENVALUES OF SECOND-DERIVATIVE MATRIX:
        -1.9337e+02  1.0000e+00  1.9537e+02
 MINUIT WARNING IN HESSE   
 ============== MATRIX FORCED POS-DEF BY ADDING 193.566619 TO DIAGONAL.
 MINUIT WARNING IN HESSE   
 ============== Negative diagonal element 1 in Error Matrix
 MINUIT WARNING IN HESSE   
 ============== 8694.1 added to diagonal of error matrix
 EIGENVALUES OF SECOND-DERIVATIVE MATRIX:
        -1.9231e+02  1.0000e+00  1.9431e+02
 MINUIT WARNING IN HESSE   
 ============== MATRIX FORCED POS-DEF BY ADDING 192.504710 TO DIAGONAL.
 MNCONT CANNOT FIND NEXT POINT ON CONTOUR.  ONLY  33 POINTS FOUND.
 Y-AXIS: PARAMETER   2  y
                         X-AXIS: PARAMETER   1  x
   33 POINTS ON CONTOUR.   FMIN=  1.90559e+01   ERRDEF=       28.7
         xyxy
     1 -5.97906e-03  6.60983e-03             18  1.31088e-02  5.83517e-03
     2 -3.67123e-03  6.28311e-03             19  1.28619e-02  7.28756e-03
     3 -5.97980e-03  6.66921e-03             20  1.21935e-02  8.60046e-03
     4 -5.76917e-03  5.49739e-03             21  1.12285e-02  9.70144e-03
     5 -5.14932e-03  4.48086e-03             22  1.00603e-02  1.05840e-02
     6 -2.87549e-03  4.25580e-03             23  8.77793e-03  1.12446e-02
     7 -9.59724e-04  4.71593e-03             24  6.73696e-03  1.18607e-02
     8  1.00606e-03  4.58333e-03             25  4.61478e-03  1.20641e-02
     9  2.70059e-03  3.87962e-03             26  3.52722e-03  1.04257e-02
    10  4.14806e-03  2.75202e-03             27  1.64894e-03  1.10081e-02
    11  5.51985e-03  1.47838e-03             28  7.33960e-05  1.10389e-02
    12  7.32449e-03  9.81102e-04             29 -1.49810e-03  1.09218e-02
    13  9.35532e-03  1.31700e-03             30 -1.67490e-03  9.84182e-03
    14  1.11926e-02  2.24510e-03             31 -2.41546e-03  9.03611e-03
    15  1.16035e-02  2.58000e-03             32 -4.45751e-03  9.51292e-03
    16  1.25859e-02  3.80787e-03             33 -5.54054e-03  8.23028e-03
    17  1.28135e-02  4.28971e-03
 MINUIT WARNING IN MIGRAD  
 ============== VARIABLE3 IS AT ITS LOWER ALLOWED LIMIT.
calling adam's find point with errordef 28.74
testing
initX = 0.00484289, initY = 0.00679669
 **********
 **    8 **SET ERRDEF       19.33
 **********
 START MNCONTOUR CALCULATION OF 3600 POINTS ON CONTOUR.
 EACH POINT IS A MINIMUM WITH RESPECT TO THE OTHER   3 VARIABLE PARAMETERS.
 MINUIT WARNING IN HESSE   
 ============== Negative diagonal element 1 in Error Matrix
 MINUIT WARNING IN HESSE   
 ============== 8383.65 added to diagonal of error matrix
 EIGENVALUES OF SECOND-DERIVATIVE MATRIX:
        -3.7209e+00  1.0004e+00  5.7205e+00
 MINUIT WARNING IN HESSE   
 ============== MATRIX FORCED POS-DEF BY ADDING 3.726602 TO DIAGONAL.
 EIGENVALUES OF SECOND-DERIVATIVE MATRIX:
        -5.2947e-02  1.0000e+00  2.0529e+00
 MINUIT WARNING IN HESSE   
 ============== MATRIX FORCED POS-DEF BY ADDING 0.055000 TO DIAGONAL.
 MINUIT WARNING IN HESSE   
 ============== Negative diagonal element 1 in Error Matrix
 MINUIT WARNING IN HESSE   
 ============== 1085.36 added to diagonal of error matrix
 EIGENVALUES OF SECOND-DERIVATIVE MATRIX:
        -2.6195e+00  1.0015e+00  4.6180e+00
 MINUIT WARNING IN HESSE   
 ============== MATRIX FORCED POS-DEF BY ADDING 2.624124 TO DIAGONAL.
 MINUIT WARNING IN MIGRAD  
 ============== Negative diagonal element 1 in Error Matrix
 MINUIT WARNING IN MIGRAD  
 ============== 1.00169 added to diagonal of error matrix
 MINUIT WARNING IN HESSE   
 ============== Negative diagonal element 1 in Error Matrix
 MINUIT WARNING IN HESSE   
 ============== 1320.06 added to diagonal of error matrix
 EIGENVALUES OF SECOND-DERIVATIVE MATRIX:
        -4.0887e+01  9.9968e-01  4.2887e+01
 MINUIT WARNING IN HESSE   
 ============== MATRIX FORCED POS-DEF BY ADDING 40.930068 TO DIAGONAL.
 MINUIT WARNING IN HESSE   
 ============== Negative diagonal element 1 in Error Matrix
 MINUIT WARNING IN HESSE   
 ============== 643.616 added to diagonal of error matrix
 EIGENVALUES OF SECOND-DERIVATIVE MATRIX:
        -5.0093e+00  9.9970e-01  7.0096e+00
 MINUIT WARNING IN HESSE   
 ============== MATRIX FORCED POS-DEF BY ADDING 5.016286 TO DIAGONAL.
 MINUIT WARNING IN MIGRAD  
 ============== Negative diagonal element 1 in Error Matrix
 MINUIT WARNING IN MIGRAD  
 ============== 1.00326 added to diagonal of error matrix
 MINUIT WARNING IN MNContour 
 ============== Cannot find midpoint, try closer.
 MINUIT WARNING IN HESSE   
 ============== Negative diagonal element 1 in Error Matrix
 MINUIT WARNING IN HESSE   
 ============== 1885.54 added to diagonal of error matrix
 MINUIT WARNING IN MIGRAD  
 ============== Negative diagonal element 1 in Error Matrix
 MINUIT WARNING IN MIGRAD  
 ============== 1.01817 added to diagonal of error matrix
 EIGENVALUES OF SECOND-DERIVATIVE MATRIX:
        -1.5031e-01  1.0001e+00  2.1502e+00
 MINUIT WARNING IN HESSE   
 ============== MATRIX FORCED POS-DEF BY ADDING 0.152457 TO DIAGONAL.
 EIGENVALUES OF SECOND-DERIVATIVE MATRIX:
        -2.2867e-01  9.7117e-01  2.2575e+00
 MINUIT WARNING IN MIGRAD  
 ============== MATRIX FORCED POS-DEF BY ADDING 0.230929 TO DIAGONAL.
 MNCONT CANNOT FIND NEXT POINT ON CONTOUR.  ONLY  14 POINTS FOUND.
 Y-AXIS: PARAMETER   2  y
                         X-AXIS: PARAMETER   1  x
   14 POINTS ON CONTOUR.   FMIN=  1.90559e+01   ERRDEF=       19.3
         xyxy
     1 -4.01223e-03  6.44452e-03              8  1.17846e-02  6.01373e-03
     2 -1.37644e-03  5.00170e-03              9  1.09971e-02  8.30979e-03
     3  1.61107e-03  4.67945e-03             10  9.19460e-03  9.93549e-03
     4  4.16147e-03  3.18949e-03             11  4.65129e-03  1.11382e-02
     5  6.89046e-03  2.05936e-03             12  2.40583e-03  9.60993e-03
     6  1.01287e-02  3.05731e-03             13 -2.92503e-04  9.92106e-03
     7  1.13278e-02  4.32767e-03             14 -2.84809e-03  8.92718e-03
calling adam's find point with errordef 19.33
testing
initX = 0.00484289, initY = 0.00679669
 **********
 **    9 **SET ERRDEF       11.83
 **********
 START MNCONTOUR CALCULATION OF 3600 POINTS ON CONTOUR.
 EACH POINT IS A MINIMUM WITH RESPECT TO THE OTHER   3 VARIABLE PARAMETERS.
 MINUIT WARNING IN HESSE   
 ============== Negative diagonal element 1 in Error Matrix
 MINUIT WARNING IN HESSE   
 ============== 10326.3 added to diagonal of error matrix
 EIGENVALUES OF SECOND-DERIVATIVE MATRIX:
        -1.2232e+02  1.0000e+00  1.2432e+02
 MINUIT WARNING IN HESSE   
 ============== MATRIX FORCED POS-DEF BY ADDING 122.442440 TO DIAGONAL.
 MINUIT WARNING IN MIGRAD  
 ============== Negative diagonal element 1 in Error Matrix
 MINUIT WARNING IN MIGRAD  
 ============== 1.00444 added to diagonal of error matrix
 MINUIT WARNING IN HESSE   
 ============== Negative diagonal element 1 in Error Matrix
 MINUIT WARNING IN HESSE   
 ============== 3636.06 added to diagonal of error matrix
 MINUIT WARNING IN MIGRAD  
 ============== Negative diagonal element 1 in Error Matrix
 MINUIT WARNING IN MIGRAD  
 ============== 1.24947 added to diagonal of error matrix
 MINUIT WARNING IN MIGRAD  
 ============== Negative diagonal element 1 in Error Matrix
 MINUIT WARNING IN MIGRAD  
 ============== 1.02033 added to diagonal of error matrix
 EIGENVALUES OF SECOND-DERIVATIVE MATRIX:
        -3.0710e-01  1.0004e+00  2.3067e+00
 MINUIT WARNING IN HESSE   
 ============== MATRIX FORCED POS-DEF BY ADDING 0.309406 TO DIAGONAL.
 EIGENVALUES OF SECOND-DERIVATIVE MATRIX:
        -3.2508e-02  1.0000e+00  2.0325e+00
 MINUIT WARNING IN HESSE   
 ============== MATRIX FORCED POS-DEF BY ADDING 0.034541 TO DIAGONAL.
 MINUIT WARNING IN HESSE   
 ============== Negative diagonal element 1 in Error Matrix
 MINUIT WARNING IN HESSE   
 ============== 1277.44 added to diagonal of error matrix
 MINUIT WARNING IN MIGRAD  
 ============== Negative diagonal element 1 in Error Matrix
 MINUIT WARNING IN MIGRAD  
 ============== 1.00147 added to diagonal of error matrix
 MINUIT WARNING IN HESSE   
 ============== Negative diagonal element 3 in Error Matrix
 MINUIT WARNING IN HESSE   
 ============== 225.546 added to diagonal of error matrix
 MINUIT WARNING IN HESSE   
 ============== Negative diagonal element 1 in Error Matrix
 MINUIT WARNING IN HESSE   
 ============== 4581.41 added to diagonal of error matrix
 EIGENVALUES OF SECOND-DERIVATIVE MATRIX:
        -3.5233e-01  1.0000e+00  2.3523e+00
 MINUIT WARNING IN MIGRAD  
 ============== MATRIX FORCED POS-DEF BY ADDING 0.354683 TO DIAGONAL.
 MINUIT WARNING IN HESSE   
 ============== Negative diagonal element 1 in Error Matrix
 MINUIT WARNING IN HESSE   
 ============== Negative diagonal element 3 in Error Matrix
 MINUIT WARNING IN HESSE   
 ============== 11062.1 added to diagonal of error matrix
 EIGENVALUES OF SECOND-DERIVATIVE MATRIX:
        -4.4290e+01  9.9982e-01  4.6291e+01
 MINUIT WARNING IN HESSE   
 ============== MATRIX FORCED POS-DEF BY ADDING 44.336733 TO DIAGONAL.
 MINUIT WARNING IN HESSE   
 ============== Negative diagonal element 1 in Error Matrix
 MINUIT WARNING IN HESSE   
 ============== Negative diagonal element 3 in Error Matrix
 MINUIT WARNING IN HESSE   
 ============== 50690.9 added to diagonal of error matrix
 EIGENVALUES OF SECOND-DERIVATIVE MATRIX:
        -3.6261e+00  9.2713e-01  5.6990e+00
 MINUIT WARNING IN HESSE   
 ============== MATRIX FORCED POS-DEF BY ADDING 3.631819 TO DIAGONAL.
 MINUIT WARNING IN HESSE   
 ============== Negative diagonal element 1 in Error Matrix
 MINUIT WARNING IN HESSE   
 ============== Negative diagonal element 3 in Error Matrix
 MINUIT WARNING IN HESSE   
 ============== 50721.8 added to diagonal of error matrix
 EIGENVALUES OF SECOND-DERIVATIVE MATRIX:
        -7.3241e+00  9.2578e-01  9.3984e+00
 MINUIT WARNING IN HESSE   
 ============== MATRIX FORCED POS-DEF BY ADDING 7.333531 TO DIAGONAL.
 MINUIT WARNING IN MIGRAD  
 ============== Negative diagonal element 3 in Error Matrix
 MINUIT WARNING IN MIGRAD  
 ============== 1.01744 added to diagonal of error matrix
 MINUIT WARNING IN HESSE   
 ============== Negative diagonal element 1 in Error Matrix
 MINUIT WARNING IN HESSE   
 ============== 4647.48 added to diagonal of error matrix
 EIGENVALUES OF SECOND-DERIVATIVE MATRIX:
        -1.0144e+02  1.1104e+00  1.0333e+02
 MINUIT WARNING IN HESSE   
 ============== MATRIX FORCED POS-DEF BY ADDING 101.542223 TO DIAGONAL.
 MINUIT WARNING IN MNContour 
 ============== Cannot find midpoint, try closer.
 MINUIT WARNING IN HESSE   
 ============== Negative diagonal element 1 in Error Matrix
 MINUIT WARNING IN HESSE   
 ============== 14473.3 added to diagonal of error matrix
 MINUIT WARNING IN MIGRAD  
 ============== Negative diagonal element 1 in Error Matrix
 MINUIT WARNING IN MIGRAD  
 ============== 1.36742 added to diagonal of error matrix
 EIGENVALUES OF SECOND-DERIVATIVE MATRIX:
        -8.7910e-01  9.8834e-01  2.8908e+00
 MINUIT WARNING IN HESSE   
 ============== MATRIX FORCED POS-DEF BY ADDING 0.881994 TO DIAGONAL.
 MINUIT WARNING IN HESSE   
 ============== Negative diagonal element 3 in Error Matrix
 MINUIT WARNING IN HESSE   
 ============== 2123.55 added to diagonal of error matrix
 MINUIT WARNING IN MIGRAD  
 ============== Negative diagonal element 3 in Error Matrix
 MINUIT WARNING IN MIGRAD  
 ============== 1.02104 added to diagonal of error matrix
 MINUIT WARNING IN HESSE   
 ============== Negative diagonal element 1 in Error Matrix
 MINUIT WARNING IN HESSE   
 ============== 3896.52 added to diagonal of error matrix
 MINUIT WARNING IN HESSE   
 ============== Negative diagonal element 1 in Error Matrix
 MINUIT WARNING IN HESSE   
 ============== Negative diagonal element 3 in Error Matrix
 MINUIT WARNING IN HESSE   
 ============== 13916.1 added to diagonal of error matrix
 MINUIT WARNING IN HESSE   
 ============== Negative diagonal element 3 in Error Matrix
 MINUIT WARNING IN HESSE   
 ============== 1132.84 added to diagonal of error matrix
 EIGENVALUES OF SECOND-DERIVATIVE MATRIX:
        -2.7010e+00  4.4917e-01  5.2519e+00
 MINUIT WARNING IN HESSE   
 ============== MATRIX FORCED POS-DEF BY ADDING 2.706275 TO DIAGONAL.
 MINUIT WARNING IN MIGRAD  
 ============== Negative diagonal element 1 in Error Matrix
 MINUIT WARNING IN MIGRAD  
 ============== Negative diagonal element 3 in Error Matrix
 MINUIT WARNING IN MIGRAD  
 ============== 13.3149 added to diagonal of error matrix
 MINUIT WARNING IN HESSE   
 ============== Negative diagonal element 3 in Error Matrix
 MINUIT WARNING IN HESSE   
 ============== 2668.44 added to diagonal of error matrix
 EIGENVALUES OF SECOND-DERIVATIVE MATRIX:
        -4.0069e+00  1.5164e+00  5.4905e+00
 MINUIT WARNING IN HESSE   
 ============== MATRIX FORCED POS-DEF BY ADDING 4.012360 TO DIAGONAL.
 MINUIT WARNING IN MIGRAD  
 ============== Negative diagonal element 1 in Error Matrix
 MINUIT WARNING IN MIGRAD  
 ============== Negative diagonal element 3 in Error Matrix
 MINUIT WARNING IN MIGRAD  
 ============== 2.12356 added to diagonal of error matrix
 MNCONT CANNOT FIND NEXT POINT ON CONTOUR.  ONLY  12 POINTS FOUND.
 Y-AXIS: PARAMETER   2  y
                         X-AXIS: PARAMETER   1  x
   12 POINTS ON CONTOUR.   FMIN=  1.90559e+01   ERRDEF=       11.8
         xyxy
     1 -1.49909e-03  5.70153e-03              7  9.75808e-03  8.02025e-03
     2  2.43797e-03  4.64163e-03              8  8.29816e-03  9.28585e-03
     3  4.22879e-03  3.63269e-03              9  4.67637e-03  1.02119e-02
     4  6.21695e-03  3.11093e-03             10  3.35048e-03  7.42382e-03
     5  8.93416e-03  3.81458e-03             11  7.55855e-04  9.09694e-03
     6  1.04107e-02  6.20168e-03             12 -1.33384e-03  8.03826e-03
 MINUIT WARNING IN MIGRAD  
 ============== VARIABLE3 IS AT ITS LOWER ALLOWED LIMIT.
calling adam's find point with errordef 11.83
testing
initX = 0.00484289, initY = 0.00679669
 **********
 **   10 **SET ERRDEF        6.18
 **********
 START MNCONTOUR CALCULATION OF 3600 POINTS ON CONTOUR.
 EACH POINT IS A MINIMUM WITH RESPECT TO THE OTHER   3 VARIABLE PARAMETERS.
 MINUIT WARNING IN HESSE   
 ============== Negative diagonal element 1 in Error Matrix
 MINUIT WARNING IN HESSE   
 ============== 3577.89 added to diagonal of error matrix
 EIGENVALUES OF SECOND-DERIVATIVE MATRIX:
        -9.3106e-01  9.9886e-01  2.9322e+00
 MINUIT WARNING IN HESSE   
 ============== MATRIX FORCED POS-DEF BY ADDING 0.933994 TO DIAGONAL.
 MINUIT WARNING IN MIGRAD  
 ============== Negative diagonal element 1 in Error Matrix
 MINUIT WARNING IN MIGRAD  
 ============== Negative diagonal element 2 in Error Matrix
 MINUIT WARNING IN MIGRAD  
 ============== 1.00672 added to diagonal of error matrix
 MINUIT WARNING IN HESSE   
 ============== Negative diagonal element 1 in Error Matrix
 MINUIT WARNING IN HESSE   
 ============== 242.36 added to diagonal of error matrix
 EIGENVALUES OF SECOND-DERIVATIVE MATRIX:
        -4.4556e+00  1.0001e+00  6.4555e+00
 MINUIT WARNING IN HESSE   
 ============== MATRIX FORCED POS-DEF BY ADDING 4.462071 TO DIAGONAL.
 MINUIT WARNING IN MIGRAD  
 ============== Negative diagonal element 1 in Error Matrix
 MINUIT WARNING IN MIGRAD  
 ============== 1.00879 added to diagonal of error matrix
 MINUIT WARNING IN MNContour 
 ============== Cannot find midpoint, try closer.
 MINUIT WARNING IN HESSE   
 ============== Negative diagonal element 1 in Error Matrix
 MINUIT WARNING IN HESSE   
 ============== 5638.82 added to diagonal of error matrix
 EIGENVALUES OF SECOND-DERIVATIVE MATRIX:
        -5.0172e+01  9.9973e-01  5.2172e+01
 MINUIT WARNING IN HESSE   
 ============== MATRIX FORCED POS-DEF BY ADDING 50.224227 TO DIAGONAL.
 MINUIT WARNING IN HESSE   
 ============== Negative diagonal element 1 in Error Matrix
 MINUIT WARNING IN HESSE   
 ============== 5638.84 added to diagonal of error matrix
 EIGENVALUES OF SECOND-DERIVATIVE MATRIX:
        -4.9728e+01  9.9978e-01  5.1729e+01
 MINUIT WARNING IN HESSE   
 ============== MATRIX FORCED POS-DEF BY ADDING 49.780029 TO DIAGONAL.
 MINUIT WARNING IN MIGRAD  
 ============== Negative diagonal element 1 in Error Matrix
 MINUIT WARNING IN MIGRAD  
 ============== 1.00386 added to diagonal of error matrix
 EIGENVALUES OF SECOND-DERIVATIVE MATRIX:
        -8.6652e-03  1.0000e+00  2.0086e+00
 MINUIT WARNING IN HESSE   
 ============== MATRIX FORCED POS-DEF BY ADDING 0.010674 TO DIAGONAL.
 EIGENVALUES OF SECOND-DERIVATIVE MATRIX:
        -1.9400e-01  1.0000e+00  2.1940e+00
 MINUIT WARNING IN HESSE   
 ============== MATRIX FORCED POS-DEF BY ADDING 0.196195 TO DIAGONAL.
 MINUIT WARNING IN HESSE   
 ============== Negative diagonal element 1 in Error Matrix
 MINUIT WARNING IN HESSE   
 ============== 1847.47 added to diagonal of error matrix
 EIGENVALUES OF SECOND-DERIVATIVE MATRIX:
        -6.0237e+00  1.0001e+00  8.0237e+00
 MINUIT WARNING IN HESSE   
 ============== MATRIX FORCED POS-DEF BY ADDING 6.031772 TO DIAGONAL.
 MINUIT WARNING IN MIGRAD  
 ============== Negative diagonal element 1 in Error Matrix
 MINUIT WARNING IN MIGRAD  
 ============== 1.0021 added to diagonal of error matrix
 EIGENVALUES OF SECOND-DERIVATIVE MATRIX:
        -3.1466e-01  9.9996e-01  2.3147e+00
 MINUIT WARNING IN HESSE   
 ============== MATRIX FORCED POS-DEF BY ADDING 0.316972 TO DIAGONAL.
 EIGENVALUES OF SECOND-DERIVATIVE MATRIX:
        -9.8524e-03  9.9998e-01  2.0099e+00
 MINUIT WARNING IN HESSE   
 ============== MATRIX FORCED POS-DEF BY ADDING 0.011862 TO DIAGONAL.
 MINUIT WARNING IN HESSE   
 ============== Negative diagonal element 1 in Error Matrix
 MINUIT WARNING IN HESSE   
 ============== 249.971 added to diagonal of error matrix
 EIGENVALUES OF SECOND-DERIVATIVE MATRIX:
        -1.8501e+01  9.9991e-01  2.0501e+01
 MINUIT WARNING IN HESSE   
 ============== MATRIX FORCED POS-DEF BY ADDING 18.521764 TO DIAGONAL.
 MINUIT WARNING IN MIGRAD  
 ============== Negative diagonal element 1 in Error Matrix
 MINUIT WARNING IN MIGRAD  
 ============== 1.0118 added to diagonal of error matrix
 MINUIT WARNING IN HESSE   
 ============== Negative diagonal element 1 in Error Matrix
 MINUIT WARNING IN HESSE   
 ============== 1355.41 added to diagonal of error matrix
 MINUIT WARNING IN MIGRAD  
 ============== Negative diagonal element 1 in Error Matrix
 MINUIT WARNING IN MIGRAD  
 ============== 1.00918 added to diagonal of error matrix
 MINUIT WARNING IN MNContour 
 ============== Cannot find midpoint, try closer.
 MINUIT WARNING IN HESSE   
 ============== Negative diagonal element 1 in Error Matrix
 MINUIT WARNING IN HESSE   
 ============== 1178.98 added to diagonal of error matrix
 MINUIT WARNING IN MIGRAD  
 ============== Negative diagonal element 1 in Error Matrix
 MINUIT WARNING IN MIGRAD  
 ============== 1.00209 added to diagonal of error matrix
 MINUIT WARNING IN HESSE   
 ============== Negative diagonal element 1 in Error Matrix
 MINUIT WARNING IN HESSE   
 ============== 277.558 added to diagonal of error matrix
 EIGENVALUES OF SECOND-DERIVATIVE MATRIX:
        -1.2822e+01  1.0008e+00  1.4821e+01
 MINUIT WARNING IN HESSE   
 ============== MATRIX FORCED POS-DEF BY ADDING 12.836882 TO DIAGONAL.
 MINUIT WARNING IN MNContour 
 ============== Cannot find midpoint, try closer.
 MINUIT WARNING IN HESSE   
 ============== Negative diagonal element 1 in Error Matrix
 MINUIT WARNING IN HESSE   
 ============== 980.331 added to diagonal of error matrix
 MINUIT WARNING IN MIGRAD  
 ============== Negative diagonal element 1 in Error Matrix
 MINUIT WARNING IN MIGRAD  
 ============== 1.00159 added to diagonal of error matrix
 MINUIT WARNING IN HESSE   
 ============== Negative diagonal element 1 in Error Matrix
 MINUIT WARNING IN HESSE   
 ============== 367.233 added to diagonal of error matrix
 MINUIT WARNING IN MIGRAD  
 ============== Negative diagonal element 1 in Error Matrix
 MINUIT WARNING IN MIGRAD  
 ============== 1.00627 added to diagonal of error matrix
 MINUIT WARNING IN HESSE   
 ============== Negative diagonal element 1 in Error Matrix
 MINUIT WARNING IN HESSE   
 ============== 207.729 added to diagonal of error matrix
 EIGENVALUES OF SECOND-DERIVATIVE MATRIX:
        -4.2991e-01  9.9982e-01  2.4301e+00
 MINUIT WARNING IN HESSE   
 ============== MATRIX FORCED POS-DEF BY ADDING 0.432343 TO DIAGONAL.
 MINUIT WARNING IN MIGRAD  
 ============== Negative diagonal element 1 in Error Matrix
 MINUIT WARNING IN MIGRAD  
 ============== 1.01685 added to diagonal of error matrix
 MINUIT WARNING IN MIGRAD  
 ============== Negative diagonal element 1 in Error Matrix
 MINUIT WARNING IN MIGRAD  
 ============== 1.01614 added to diagonal of error matrix
 MNCONT CANNOT FIND NEXT POINT ON CONTOUR.  ONLY  18 POINTS FOUND.
 Y-AXIS: PARAMETER   2  y
                         X-AXIS: PARAMETER   1  x
   18 POINTS ON CONTOUR.   FMIN=  1.90559e+01   ERRDEF=       6.18
         xyxy
     1  2.54870e-04  6.43516e-03             10  8.83344e-03  7.09846e-03
     2  1.36694e-03  5.43034e-03             11  8.46828e-03  7.72235e-03
     3  2.75895e-03  4.87475e-03             12  7.36762e-03  8.62839e-03
     4  4.14402e-03  4.33517e-03             13  6.73001e-03  8.92133e-03
     5  5.61880e-03  4.14914e-03             14  4.69061e-03  9.28103e-03
     6  6.70519e-03  4.25433e-03             15  3.23811e-03  9.10507e-03
     7  7.73791e-03  4.60759e-03             16  2.24854e-03  8.75651e-03
     8  8.61058e-03  5.32165e-03             17  1.35329e-03  8.20946e-03
     9  8.97343e-03  6.38925e-03             18  6.19188e-04  7.43677e-03
calling adam's find point with errordef 6.18
testing
initX = 0.00484289, initY = 0.00679669
 **********
 **   11 **SET ERRDEF         2.3
 **********
 START MNCONTOUR CALCULATION OF 3600 POINTS ON CONTOUR.
 EACH POINT IS A MINIMUM WITH RESPECT TO THE OTHER   3 VARIABLE PARAMETERS.
 MINUIT WARNING IN HESSE   
 ============== Negative diagonal element 1 in Error Matrix
 MINUIT WARNING IN HESSE   
 ============== 3153.85 added to diagonal of error matrix
 EIGENVALUES OF SECOND-DERIVATIVE MATRIX:
        -7.5768e+00  9.9999e-01  9.5768e+00
 MINUIT WARNING IN HESSE   
 ============== MATRIX FORCED POS-DEF BY ADDING 7.586401 TO DIAGONAL.
 MINUIT WARNING IN MIGRAD  
 ============== Negative diagonal element 1 in Error Matrix
 MINUIT WARNING IN MIGRAD  
 ============== 1.00955 added to diagonal of error matrix
 EIGENVALUES OF SECOND-DERIVATIVE MATRIX:
        -9.3484e-02  1.0000e+00  2.0935e+00
 MINUIT WARNING IN HESSE   
 ============== MATRIX FORCED POS-DEF BY ADDING 0.095578 TO DIAGONAL.
 EIGENVALUES OF SECOND-DERIVATIVE MATRIX:
        -4.9617e-02  9.9997e-01  2.0496e+00
 MINUIT WARNING IN HESSE   
 ============== MATRIX FORCED POS-DEF BY ADDING 0.051667 TO DIAGONAL.
 MINUIT WARNING IN MNContour 
 ============== Cannot find midpoint, try closer.
 EIGENVALUES OF SECOND-DERIVATIVE MATRIX:
        -1.4490e-01  9.9983e-01  2.1451e+00
 MINUIT WARNING IN HESSE   
 ============== MATRIX FORCED POS-DEF BY ADDING 0.147047 TO DIAGONAL.
 MNCONT CANNOT FIND NEXT POINT ON CONTOUR.  ONLY  27 POINTS FOUND.
 Y-AXIS: PARAMETER   2  y
                         X-AXIS: PARAMETER   1  x
   27 POINTS ON CONTOUR.   FMIN=  1.90559e+01   ERRDEF=        2.3
         xyxy
     1  2.06118e-03  6.76303e-03             15  7.43212e-03  6.57767e-03
     2  2.21639e-03  6.30080e-03             16  7.33671e-03  7.01960e-03
     3  2.56456e-03  5.95944e-03             17  7.09438e-03  7.40128e-03
     4  2.97183e-03  5.71459e-03             18  6.76694e-03  7.70578e-03
     5  3.40838e-03  5.52687e-03             19  6.38748e-03  7.94230e-03
     6  3.84599e-03  5.38767e-03             20  5.98912e-03  8.11325e-03
     7  4.29388e-03  5.28630e-03             21  5.57219e-03  8.23189e-03
     8  4.74876e-03  5.22305e-03             22  4.71199e-03  8.32468e-03
     9  5.20749e-03  5.20089e-03             23  3.90008e-03  8.24257e-03
    10  5.90901e-03  5.26010e-03             24  3.12452e-03  7.98870e-03
    11  6.58271e-03  5.46448e-03             25  2.75696e-03  7.78280e-03
    12  6.90150e-03  5.64717e-03             26  2.42992e-03  7.51722e-03
    13  7.17305e-03  5.89469e-03             27  2.17180e-03  7.17619e-03
    14  7.36412e-03  6.21284e-03
calling adam's find point with errordef 2.3
testing
initX = 0.00484289, initY = 0.00679669
drawing contour4
drawing contour3
drawing contour2
drawing contour1
 **********
 **   12 **SET ERRDEF           1
 **********
