fitresult : 0 +/- 0 (0, 0, 0) 1 plainx 0 none 3 
hfag_ycp : 0.00866 +/- 0.00155 (0.00155, 0, 0) 1 ycp 2 none 3 
lhcb_xp2 : 5.5e-05 +/- 4.93964e-05 (4.2e-05, 2.6e-05, 0) 1 xprime 4 kpi 0 
lhcb_yprime : 0.00481 +/- 0.0010017 (0.00085, 0.00053, 0) 1 yprime 7 kpi 0 
lhcb_rd : 0.003568 +/- 6.67308e-05 (5.8e-05, 3.3e-05, 0) 1 rsubdm 14 none 3 
hfag_kspipi_x : 0.00419 +/- 0.00211 (0.00211, 0, 0) 1 plainx 0 none 3 
hfag_kspipi_y : 0.00456 +/- 0.00186 (0.00186, 0, 0) 1 plainy 1 none 3 
cleo_rd : 0.00533 +/- 0.00116078 (0.00107, 0.00045, 0) 1 rsubd 16 none 3 
cleo_x2 : 0.0006 +/- 0.00254951 (0.0023, 0.0011, 0) 1 xsquare 20 kpi 0 
cleo_y : 0.042 +/- 0.0223607 (0.02, 0.01, 0) 1 plainy 1 kpi 0 
cleo_cosd : 0.81 +/- 0.208806 (0.2, 0.06, 0) 1 cosangle 10 kpi 0 
cleo_sind : -0.01 +/- 0.411947 (0.41, 0.04, 0) 1 sinangle 11 kpi 0 
cdf_rd : 0.00304 +/- 0.00055 (0.00055, 0, 0) 1 rsubdm 14 none 3 
cdf_xp2 : -0.00012 +/- 0.00035 (0.00035, 0, 0) 1 xprime 4 kpi 0 
cdf_yprime : 0.0085 +/- 0.0076 (0.0076, 0, 0) 1 yprime 7 kpi 0 
belle_rd : 0.00364 +/- 0.00017 (0.00017, 0, 0) 1 rsubdm 14 none 3 
belle_xp2 : 0.00018 +/- 0.00022 (0.00022, 0, 0) 1 xprime 4 kpi 0 
belle_yprime : 0.0006 +/- 0.004 (0.004, 0, 0) 1 yprime 7 kpi 0 
babar_rd : 0.00303 +/- 0.00018868 (0.00016, 0.0001, 0) 1 rsubdm 14 none 3 
babar_xp2 : -0.00022 +/- 0.000366197 (0.0003, 0.00021, 0) 1 xprime 4 kpi 0 
babar_yprime : 0.0097 +/- 0.00538238 (0.0044, 0.0031, 0) 1 yprime 7 kpi 0 
Activating result: hfag_ycp
Activating result: lhcb_xp2
Activating result: lhcb_yprime
Activating result: lhcb_rd
Activating result: hfag_kspipi_x
Activating result: hfag_kspipi_y
Activating result: cleo_rd
Activating result: cleo_x2
Activating result: cleo_y
Activating result: cleo_cosd
Activating result: cleo_sind
Following results will be used in fit: 
  hfag_ycp
  lhcb_xp2
  lhcb_yprime
  lhcb_rd
  hfag_kspipi_x
  hfag_kspipi_y
  cleo_rd
  cleo_x2
  cleo_y
  cleo_cosd
  cleo_sind
lhcb_xp2 is sensitive to x
hfag_ycp is sensitive to y
lhcb_xp2 is sensitive to deltaKpi
lhcb_rd is sensitive to rsubdm
 PARAMETER DEFINITIONS:
    NO.   NAME         VALUE      STEP SIZE      LIMITS
     1 x            1.20000e-03  1.00000e-04   -1.00000e-01  1.50000e-01
     2 y            7.00000e-03  1.00000e-04   -1.00000e-01  1.50000e-01
     3 deltaKpi     3.00000e-01  1.00000e-02   -1.60000e+00  2.60000e+00
     4 deltaKpipi0   3.90000e-01  1.00000e-02   -3.00000e+00  2.00000e+00
 **********
 **    1 **FIX           4
 **********
 PARAMETER DEFINITIONS:
    NO.   NAME         VALUE      STEP SIZE      LIMITS
     5 phi          0.00000e+00  1.00000e-03   -3.15000e+00  3.15000e+00
 **********
 **    2 **FIX           5
 **********
 PARAMETER DEFINITIONS:
    NO.   NAME         VALUE      STEP SIZE      LIMITS
     6 rsubdm       3.40000e-03  1.00000e-04   -1.00000e-02  1.00000e-02
     7 rsubdp       3.40000e-03  1.00000e-04   -1.00000e-02  1.00000e-02
 **********
 **    3 **FIX           7
 **********
 PARAMETER DEFINITIONS:
    NO.   NAME         VALUE      STEP SIZE      LIMITS
     8 qoverp       1.00000e+00  1.00000e-02    2.50000e-01  1.90000e+00
 **********
 **    4 **FIX           8
 **********
 **********
 **    5 **SET STR            2
 **********
 NOW USING STRATEGY  2: MAKE SURE MINIMUM TRUE, ERRORS CORRECT  
 **********
 **    6 **MIGRAD
 **********
 FIRST CALL TO USER FUNCTION AT NEW START POINT, WITH IFLAG=4.
 START MIGRAD MINIMIZATION.  STRATEGY  2.  CONVERGENCE WHEN EDM .LT. 1.00e-04
 EIGENVALUES OF SECOND-DERIVATIVE MATRIX:
        -1.4453e-01  9.9900e-02  2.0348e-01  3.8412e+00
 MINUIT WARNING IN HESSE   
 ============== MATRIX FORCED POS-DEF BY ADDING 0.148371 TO DIAGONAL.
 FCN=30.78 FROM HESSE     STATUS=NOT POSDEF     29 CALLS          30 TOTAL
                     EDM=32.9357    STRATEGY= 2      ERR MATRIX NOT POS-DEF
  EXT PARAMETER                APPROXIMATE        STEP         FIRST   
  NO.   NAME      VALUE            ERROR          SIZE      DERIVATIVE 
   1  x            1.20000e-03   6.01896e-03   3.54463e-04   6.32607e+02
   2  y            7.00000e-03   2.41713e-04   8.08426e-05  -2.79150e+03
   3  deltaKpi     3.00000e-01   4.04996e-01   1.63012e-03   1.67322e+02
   4  deltaKpipi0   3.90000e-01     fixed    
   5  phi          0.00000e+00     fixed    
   6  rsubdm       3.40000e-03   2.76180e-05   1.38579e-04  -3.53357e+03
   7  rsubdp       3.40000e-03     fixed    
   8  qoverp       1.00000e+00     fixed    
 MIGRAD MINIMIZATION HAS CONVERGED.
 MIGRAD WILL VERIFY CONVERGENCE AND ERROR MATRIX.
 COVARIANCE MATRIX CALCULATED SUCCESSFULLY
 FCN=13.5119 FROM MIGRAD    STATUS=CONVERGED     178 CALLS         179 TOTAL
                     EDM=3.2195e-07    STRATEGY= 2      ERROR MATRIX ACCURATE 
  EXT PARAMETER                                   STEP         FIRST   
  NO.   NAME      VALUE            ERROR          SIZE      DERIVATIVE 
   1  x            4.74282e-03   1.87124e-03   1.25852e-05   7.82323e-02
   2  y            6.54743e-03   9.02359e-04   1.70726e-06  -3.09539e-01
   3  deltaKpi     2.53948e-01   1.87274e-01   1.84919e-05   3.29194e-02
   4  deltaKpipi0   3.90000e-01     fixed    
   5  phi          0.00000e+00     fixed    
   6  rsubdm       3.54718e-03   4.71196e-05   2.94577e-06  -1.70228e-01
   7  rsubdp       3.40000e-03     fixed    
   8  qoverp       1.00000e+00     fixed    
 EXTERNAL ERROR MATRIX.    NDIM=  25    NPAR=  4    ERR DEF=1
  3.502e-06  6.269e-08  4.011e-06  5.087e-08 
  6.269e-08  8.143e-07  1.629e-04  1.314e-08 
  4.011e-06  1.629e-04  3.517e-02  4.164e-06 
  5.087e-08  1.314e-08  4.164e-06  2.220e-09 
 PARAMETER  CORRELATION COEFFICIENTS  
       NO.  GLOBAL      1      2      3      6
        1  0.89486   1.000  0.037  0.011  0.577
        2  0.99206   0.037  1.000  0.963  0.309
        3  0.99387   0.011  0.963  1.000  0.471
        6  0.94934   0.577  0.309  0.471  1.000
 i, outpar[i], err[i] =  0:  0.00474282 +- 0.00187124
 i, outpar[i], err[i] =  1:  0.00654743 +- 0.000902359
 i, outpar[i], err[i] =  2:  0.253948 +- 0.187274
 i, outpar[i], err[i] =  3:  0.39 +- 0
 i, outpar[i], err[i] =  4:  0 +- 0
 i, outpar[i], err[i] =  5:  0.00354718 +- 4.71196e-05
 i, outpar[i], err[i] =  6:  0.0034 +- 0
 i, outpar[i], err[i] =  7:  1 +- 0
MixDrawer::graphicsXIndex = 0
name = fitresult
toDraw->getName() = fitresult
name = none
prevOpt->numContours = 5
-------------------------
Set LHCb Style - Feb 2012
-------------------------
set central val graph to (x,y) = (0.00474282,0.00654743)
centralChisq=13.5119
 **********
 **    7 **FIX           1
 **********
 **********
 **    8 **FIX           2
 **********
 **********
 **    9 **SET ERRDEF           1
 **********
Fitting line 25
Fitting line 50
Fitting line 75
Fitting line 100
